{
  "C:\\Users\\apere\\Documents\\4IIS\\ISPP\\Proyecto\\aparkapp\\aparkapp-frontend\\src\\store\\session.js": {
    "path": "C:\\Users\\apere\\Documents\\4IIS\\ISPP\\Proyecto\\aparkapp\\aparkapp-frontend\\src\\store\\session.js",
    "statementMap": {
      "0": {
        "start": {
          "line": 3,
          "column": 28
        },
        "end": {
          "line": 29,
          "column": 2
        }
      },
      "1": {
        "start": {
          "line": 13,
          "column": 48
        },
        "end": {
          "line": 13,
          "column": 62
        }
      },
      "2": {
        "start": {
          "line": 14,
          "column": 12
        },
        "end": {
          "line": 14,
          "column": 39
        }
      },
      "3": {
        "start": {
          "line": 15,
          "column": 12
        },
        "end": {
          "line": 15,
          "column": 45
        }
      },
      "4": {
        "start": {
          "line": 16,
          "column": 12
        },
        "end": {
          "line": 16,
          "column": 44
        }
      },
      "5": {
        "start": {
          "line": 17,
          "column": 12
        },
        "end": {
          "line": 17,
          "column": 51
        }
      },
      "6": {
        "start": {
          "line": 18,
          "column": 12
        },
        "end": {
          "line": 18,
          "column": 56
        }
      },
      "7": {
        "start": {
          "line": 21,
          "column": 12
        },
        "end": {
          "line": 21,
          "column": 47
        }
      },
      "8": {
        "start": {
          "line": 22,
          "column": 12
        },
        "end": {
          "line": 22,
          "column": 44
        }
      },
      "9": {
        "start": {
          "line": 25,
          "column": 12
        },
        "end": {
          "line": 25,
          "column": 60
        }
      },
      "10": {
        "start": {
          "line": 25,
          "column": 44
        },
        "end": {
          "line": 25,
          "column": 59
        }
      },
      "11": {
        "start": {
          "line": 26,
          "column": 12
        },
        "end": {
          "line": 26,
          "column": 48
        }
      },
      "12": {
        "start": {
          "line": 31,
          "column": 16
        },
        "end": {
          "line": 33,
          "column": 1
        }
      },
      "13": {
        "start": {
          "line": 32,
          "column": 44
        },
        "end": {
          "line": 32,
          "column": 67
        }
      },
      "14": {
        "start": {
          "line": 32,
          "column": 84
        },
        "end": {
          "line": 32,
          "column": 102
        }
      },
      "15": {
        "start": {
          "line": 35,
          "column": 51
        },
        "end": {
          "line": 35,
          "column": 71
        }
      },
      "16": {
        "start": {
          "line": 36,
          "column": 32
        },
        "end": {
          "line": 36,
          "column": 39
        }
      }
    },
    "fnMap": {
      "0": {
        "name": "(anonymous_0)",
        "decl": {
          "start": {
            "line": 12,
            "column": 8
          },
          "end": {
            "line": 12,
            "column": 9
          }
        },
        "loc": {
          "start": {
            "line": 12,
            "column": 29
          },
          "end": {
            "line": 19,
            "column": 9
          }
        },
        "line": 12
      },
      "1": {
        "name": "(anonymous_1)",
        "decl": {
          "start": {
            "line": 20,
            "column": 8
          },
          "end": {
            "line": 20,
            "column": 9
          }
        },
        "loc": {
          "start": {
            "line": 20,
            "column": 40
          },
          "end": {
            "line": 23,
            "column": 9
          }
        },
        "line": 20
      },
      "2": {
        "name": "(anonymous_2)",
        "decl": {
          "start": {
            "line": 24,
            "column": 8
          },
          "end": {
            "line": 24,
            "column": 9
          }
        },
        "loc": {
          "start": {
            "line": 24,
            "column": 22
          },
          "end": {
            "line": 27,
            "column": 9
          }
        },
        "line": 24
      },
      "3": {
        "name": "(anonymous_3)",
        "decl": {
          "start": {
            "line": 25,
            "column": 39
          },
          "end": {
            "line": 25,
            "column": 40
          }
        },
        "loc": {
          "start": {
            "line": 25,
            "column": 44
          },
          "end": {
            "line": 25,
            "column": 59
          }
        },
        "line": 25
      },
      "4": {
        "name": "(anonymous_4)",
        "decl": {
          "start": {
            "line": 32,
            "column": 33
          },
          "end": {
            "line": 32,
            "column": 34
          }
        },
        "loc": {
          "start": {
            "line": 32,
            "column": 44
          },
          "end": {
            "line": 32,
            "column": 67
          }
        },
        "line": 32
      },
      "5": {
        "name": "(anonymous_5)",
        "decl": {
          "start": {
            "line": 32,
            "column": 69
          },
          "end": {
            "line": 32,
            "column": 70
          }
        },
        "loc": {
          "start": {
            "line": 32,
            "column": 84
          },
          "end": {
            "line": 32,
            "column": 102
          }
        },
        "line": 32
      }
    },
    "branchMap": {},
    "s": {
      "0": 2,
      "1": 2,
      "2": 2,
      "3": 2,
      "4": 2,
      "5": 2,
      "6": 2,
      "7": 0,
      "8": 0,
      "9": 0,
      "10": 0,
      "11": 0,
      "12": 2,
      "13": 4,
      "14": 4,
      "15": 2,
      "16": 2
    },
    "f": {
      "0": 2,
      "1": 0,
      "2": 0,
      "3": 0,
      "4": 4,
      "5": 4
    },
    "b": {},
    "_coverageSchema": "1a1c01bbd47fc00a2c39e90264f33305004495a9",
    "hash": "dbef7b8e8b3d7c67432e0361f4cf886bd8165da8"
  },
  "C:\\Users\\apere\\Documents\\4IIS\\ISPP\\Proyecto\\aparkapp\\aparkapp-frontend\\src\\components\\Headerbar.js": {
    "path": "C:\\Users\\apere\\Documents\\4IIS\\ISPP\\Proyecto\\aparkapp\\aparkapp-frontend\\src\\components\\Headerbar.js",
    "statementMap": {
      "0": {
        "start": {
          "line": 8,
          "column": 18
        },
        "end": {
          "line": 82,
          "column": 1
        }
      },
      "1": {
        "start": {
          "line": 9,
          "column": 21
        },
        "end": {
          "line": 9,
          "column": 34
        }
      },
      "2": {
        "start": {
          "line": 10,
          "column": 25
        },
        "end": {
          "line": 10,
          "column": 50
        }
      },
      "3": {
        "start": {
          "line": 11,
          "column": 21
        },
        "end": {
          "line": 11,
          "column": 34
        }
      },
      "4": {
        "start": {
          "line": 13,
          "column": 22
        },
        "end": {
          "line": 50,
          "column": 5
        }
      },
      "5": {
        "start": {
          "line": 18,
          "column": 16
        },
        "end": {
          "line": 18,
          "column": 33
        }
      },
      "6": {
        "start": {
          "line": 25,
          "column": 16
        },
        "end": {
          "line": 25,
          "column": 37
        }
      },
      "7": {
        "start": {
          "line": 32,
          "column": 16
        },
        "end": {
          "line": 32,
          "column": 42
        }
      },
      "8": {
        "start": {
          "line": 40,
          "column": 16
        },
        "end": {
          "line": 40,
          "column": 36
        }
      },
      "9": {
        "start": {
          "line": 47,
          "column": 16
        },
        "end": {
          "line": 47,
          "column": 34
        }
      },
      "10": {
        "start": {
          "line": 52,
          "column": 18
        },
        "end": {
          "line": 68,
          "column": 5
        }
      },
      "11": {
        "start": {
          "line": 58,
          "column": 16
        },
        "end": {
          "line": 58,
          "column": 34
        }
      },
      "12": {
        "start": {
          "line": 65,
          "column": 16
        },
        "end": {
          "line": 65,
          "column": 35
        }
      },
      "13": {
        "start": {
          "line": 71,
          "column": 8
        },
        "end": {
          "line": 73,
          "column": 14
        }
      },
      "14": {
        "start": {
          "line": 75,
          "column": 4
        },
        "end": {
          "line": 81,
          "column": 6
        }
      }
    },
    "fnMap": {
      "0": {
        "name": "(anonymous_0)",
        "decl": {
          "start": {
            "line": 8,
            "column": 18
          },
          "end": {
            "line": 8,
            "column": 19
          }
        },
        "loc": {
          "start": {
            "line": 8,
            "column": 24
          },
          "end": {
            "line": 82,
            "column": 1
          }
        },
        "line": 8
      },
      "1": {
        "name": "(anonymous_1)",
        "decl": {
          "start": {
            "line": 17,
            "column": 21
          },
          "end": {
            "line": 17,
            "column": 22
          }
        },
        "loc": {
          "start": {
            "line": 17,
            "column": 27
          },
          "end": {
            "line": 19,
            "column": 13
          }
        },
        "line": 17
      },
      "2": {
        "name": "(anonymous_2)",
        "decl": {
          "start": {
            "line": 24,
            "column": 21
          },
          "end": {
            "line": 24,
            "column": 22
          }
        },
        "loc": {
          "start": {
            "line": 24,
            "column": 27
          },
          "end": {
            "line": 26,
            "column": 13
          }
        },
        "line": 24
      },
      "3": {
        "name": "(anonymous_3)",
        "decl": {
          "start": {
            "line": 31,
            "column": 21
          },
          "end": {
            "line": 31,
            "column": 22
          }
        },
        "loc": {
          "start": {
            "line": 31,
            "column": 27
          },
          "end": {
            "line": 33,
            "column": 13
          }
        },
        "line": 31
      },
      "4": {
        "name": "(anonymous_4)",
        "decl": {
          "start": {
            "line": 39,
            "column": 21
          },
          "end": {
            "line": 39,
            "column": 22
          }
        },
        "loc": {
          "start": {
            "line": 39,
            "column": 27
          },
          "end": {
            "line": 41,
            "column": 13
          }
        },
        "line": 39
      },
      "5": {
        "name": "(anonymous_5)",
        "decl": {
          "start": {
            "line": 46,
            "column": 21
          },
          "end": {
            "line": 46,
            "column": 22
          }
        },
        "loc": {
          "start": {
            "line": 46,
            "column": 27
          },
          "end": {
            "line": 48,
            "column": 13
          }
        },
        "line": 46
      },
      "6": {
        "name": "(anonymous_6)",
        "decl": {
          "start": {
            "line": 57,
            "column": 21
          },
          "end": {
            "line": 57,
            "column": 22
          }
        },
        "loc": {
          "start": {
            "line": 57,
            "column": 27
          },
          "end": {
            "line": 59,
            "column": 13
          }
        },
        "line": 57
      },
      "7": {
        "name": "(anonymous_7)",
        "decl": {
          "start": {
            "line": 64,
            "column": 21
          },
          "end": {
            "line": 64,
            "column": 22
          }
        },
        "loc": {
          "start": {
            "line": 64,
            "column": 27
          },
          "end": {
            "line": 66,
            "column": 13
          }
        },
        "line": 64
      }
    },
    "branchMap": {
      "0": {
        "loc": {
          "start": {
            "line": 78,
            "column": 32
          },
          "end": {
            "line": 78,
            "column": 66
          }
        },
        "type": "cond-expr",
        "locations": [
          {
            "start": {
              "line": 78,
              "column": 49
            },
            "end": {
              "line": 78,
              "column": 58
            }
          },
          {
            "start": {
              "line": 78,
              "column": 61
            },
            "end": {
              "line": 78,
              "column": 66
            }
          }
        ],
        "line": 78
      }
    },
    "s": {
      "0": 2,
      "1": 14,
      "2": 14,
      "3": 14,
      "4": 14,
      "5": 0,
      "6": 0,
      "7": 0,
      "8": 0,
      "9": 0,
      "10": 14,
      "11": 2,
      "12": 0,
      "13": 14,
      "14": 14
    },
    "f": {
      "0": 14,
      "1": 0,
      "2": 0,
      "3": 0,
      "4": 0,
      "5": 0,
      "6": 2,
      "7": 0
    },
    "b": {
      "0": [
        6,
        8
      ]
    },
    "_coverageSchema": "1a1c01bbd47fc00a2c39e90264f33305004495a9",
    "hash": "54395263778d3e778964e258a73c8f3150cf18d2"
  },
  "C:\\Users\\apere\\Documents\\4IIS\\ISPP\\Proyecto\\aparkapp\\aparkapp-frontend\\src\\router\\RequireAuth.js": {
    "path": "C:\\Users\\apere\\Documents\\4IIS\\ISPP\\Proyecto\\aparkapp\\aparkapp-frontend\\src\\router\\RequireAuth.js",
    "statementMap": {
      "0": {
        "start": {
          "line": 6,
          "column": 20
        },
        "end": {
          "line": 15,
          "column": 1
        }
      },
      "1": {
        "start": {
          "line": 8,
          "column": 23
        },
        "end": {
          "line": 8,
          "column": 48
        }
      },
      "2": {
        "start": {
          "line": 10,
          "column": 2
        },
        "end": {
          "line": 12,
          "column": 3
        }
      },
      "3": {
        "start": {
          "line": 11,
          "column": 4
        },
        "end": {
          "line": 11,
          "column": 46
        }
      },
      "4": {
        "start": {
          "line": 14,
          "column": 2
        },
        "end": {
          "line": 14,
          "column": 18
        }
      }
    },
    "fnMap": {
      "0": {
        "name": "(anonymous_0)",
        "decl": {
          "start": {
            "line": 6,
            "column": 20
          },
          "end": {
            "line": 6,
            "column": 21
          }
        },
        "loc": {
          "start": {
            "line": 6,
            "column": 61
          },
          "end": {
            "line": 15,
            "column": 1
          }
        },
        "line": 6
      }
    },
    "branchMap": {
      "0": {
        "loc": {
          "start": {
            "line": 10,
            "column": 2
          },
          "end": {
            "line": 12,
            "column": 3
          }
        },
        "type": "if",
        "locations": [
          {
            "start": {
              "line": 10,
              "column": 2
            },
            "end": {
              "line": 12,
              "column": 3
            }
          },
          {
            "start": {
              "line": 10,
              "column": 2
            },
            "end": {
              "line": 12,
              "column": 3
            }
          }
        ],
        "line": 10
      },
      "1": {
        "loc": {
          "start": {
            "line": 10,
            "column": 6
          },
          "end": {
            "line": 10,
            "column": 70
          }
        },
        "type": "binary-expr",
        "locations": [
          {
            "start": {
              "line": 10,
              "column": 7
            },
            "end": {
              "line": 10,
              "column": 18
            }
          },
          {
            "start": {
              "line": 10,
              "column": 22
            },
            "end": {
              "line": 10,
              "column": 35
            }
          },
          {
            "start": {
              "line": 10,
              "column": 41
            },
            "end": {
              "line": 10,
              "column": 53
            }
          },
          {
            "start": {
              "line": 10,
              "column": 57
            },
            "end": {
              "line": 10,
              "column": 69
            }
          }
        ],
        "line": 10
      }
    },
    "s": {
      "0": 2,
      "1": 10,
      "2": 10,
      "3": 4,
      "4": 6
    },
    "f": {
      "0": 10
    },
    "b": {
      "0": [
        4,
        6
      ],
      "1": [
        10,
        6,
        8,
        4
      ]
    },
    "_coverageSchema": "1a1c01bbd47fc00a2c39e90264f33305004495a9",
    "hash": "c578375da6d9f4a435b980f464f37ccbba966ca0"
  },
  "C:\\Users\\apere\\Documents\\4IIS\\ISPP\\Proyecto\\aparkapp\\aparkapp-frontend\\src\\components\\views\\Home.js": {
    "path": "C:\\Users\\apere\\Documents\\4IIS\\ISPP\\Proyecto\\aparkapp\\aparkapp-frontend\\src\\components\\views\\Home.js",
    "statementMap": {
      "0": {
        "start": {
          "line": 5,
          "column": 13
        },
        "end": {
          "line": 20,
          "column": 1
        }
      },
      "1": {
        "start": {
          "line": 6,
          "column": 4
        },
        "end": {
          "line": 19,
          "column": 6
        }
      }
    },
    "fnMap": {
      "0": {
        "name": "(anonymous_0)",
        "decl": {
          "start": {
            "line": 5,
            "column": 13
          },
          "end": {
            "line": 5,
            "column": 14
          }
        },
        "loc": {
          "start": {
            "line": 5,
            "column": 19
          },
          "end": {
            "line": 20,
            "column": 1
          }
        },
        "line": 5
      }
    },
    "branchMap": {},
    "s": {
      "0": 2,
      "1": 2
    },
    "f": {
      "0": 2
    },
    "b": {},
    "_coverageSchema": "1a1c01bbd47fc00a2c39e90264f33305004495a9",
    "hash": "0b3d5222b29a93f142ef5b8d3a392c069076d953"
  },
  "C:\\Users\\apere\\Documents\\4IIS\\ISPP\\Proyecto\\aparkapp\\aparkapp-frontend\\src\\store\\index.js": {
    "path": "C:\\Users\\apere\\Documents\\4IIS\\ISPP\\Proyecto\\aparkapp\\aparkapp-frontend\\src\\store\\index.js",
    "statementMap": {},
    "fnMap": {},
    "branchMap": {},
    "s": {},
    "f": {},
    "b": {},
    "_coverageSchema": "1a1c01bbd47fc00a2c39e90264f33305004495a9",
    "hash": "af9bf28f5dd621b08d16e66d880f5a0744148d9a"
  },
  "C:\\Users\\apere\\Documents\\4IIS\\ISPP\\Proyecto\\aparkapp\\aparkapp-frontend\\src\\api\\api.js": {
    "path": "C:\\Users\\apere\\Documents\\4IIS\\ISPP\\Proyecto\\aparkapp\\aparkapp-frontend\\src\\api\\api.js",
    "statementMap": {
      "0": {
        "start": {
          "line": 5,
          "column": 27
        },
        "end": {
          "line": 5,
          "column": 33
        }
      },
      "1": {
        "start": {
          "line": 6,
          "column": 34
        },
        "end": {
          "line": 6,
          "column": 42
        }
      },
      "2": {
        "start": {
          "line": 7,
          "column": 19
        },
        "end": {
          "line": 7,
          "column": 43
        }
      },
      "3": {
        "start": {
          "line": 10,
          "column": 26
        },
        "end": {
          "line": 10,
          "column": 70
        }
      },
      "4": {
        "start": {
          "line": 11,
          "column": 4
        },
        "end": {
          "line": 11,
          "column": 58
        }
      },
      "5": {
        "start": {
          "line": 15,
          "column": 33
        },
        "end": {
          "line": 15,
          "column": 84
        }
      },
      "6": {
        "start": {
          "line": 16,
          "column": 4
        },
        "end": {
          "line": 16,
          "column": 72
        }
      },
      "7": {
        "start": {
          "line": 20,
          "column": 25
        },
        "end": {
          "line": 20,
          "column": 68
        }
      },
      "8": {
        "start": {
          "line": 21,
          "column": 4
        },
        "end": {
          "line": 25,
          "column": 5
        }
      },
      "9": {
        "start": {
          "line": 22,
          "column": 8
        },
        "end": {
          "line": 22,
          "column": 51
        }
      },
      "10": {
        "start": {
          "line": 23,
          "column": 11
        },
        "end": {
          "line": 25,
          "column": 5
        }
      },
      "11": {
        "start": {
          "line": 24,
          "column": 8
        },
        "end": {
          "line": 24,
          "column": 48
        }
      },
      "12": {
        "start": {
          "line": 27,
          "column": 25
        },
        "end": {
          "line": 27,
          "column": 96
        }
      },
      "13": {
        "start": {
          "line": 28,
          "column": 22
        },
        "end": {
          "line": 28,
          "column": 49
        }
      },
      "14": {
        "start": {
          "line": 29,
          "column": 4
        },
        "end": {
          "line": 29,
          "column": 53
        }
      },
      "15": {
        "start": {
          "line": 30,
          "column": 4
        },
        "end": {
          "line": 30,
          "column": 20
        }
      },
      "16": {
        "start": {
          "line": 34,
          "column": 20
        },
        "end": {
          "line": 34,
          "column": 60
        }
      },
      "17": {
        "start": {
          "line": 35,
          "column": 4
        },
        "end": {
          "line": 40,
          "column": 5
        }
      },
      "18": {
        "start": {
          "line": 36,
          "column": 8
        },
        "end": {
          "line": 36,
          "column": 48
        }
      },
      "19": {
        "start": {
          "line": 37,
          "column": 11
        },
        "end": {
          "line": 40,
          "column": 5
        }
      },
      "20": {
        "start": {
          "line": 38,
          "column": 8
        },
        "end": {
          "line": 38,
          "column": 44
        }
      },
      "21": {
        "start": {
          "line": 39,
          "column": 8
        },
        "end": {
          "line": 39,
          "column": 57
        }
      },
      "22": {
        "start": {
          "line": 41,
          "column": 4
        },
        "end": {
          "line": 41,
          "column": 20
        }
      },
      "23": {
        "start": {
          "line": 45,
          "column": 20
        },
        "end": {
          "line": 47,
          "column": 10
        }
      },
      "24": {
        "start": {
          "line": 48,
          "column": 4
        },
        "end": {
          "line": 48,
          "column": 67
        }
      },
      "25": {
        "start": {
          "line": 52,
          "column": 20
        },
        "end": {
          "line": 54,
          "column": 10
        }
      },
      "26": {
        "start": {
          "line": 55,
          "column": 4
        },
        "end": {
          "line": 55,
          "column": 73
        }
      },
      "27": {
        "start": {
          "line": 59,
          "column": 20
        },
        "end": {
          "line": 61,
          "column": 10
        }
      },
      "28": {
        "start": {
          "line": 62,
          "column": 4
        },
        "end": {
          "line": 62,
          "column": 74
        }
      },
      "29": {
        "start": {
          "line": 66,
          "column": 20
        },
        "end": {
          "line": 68,
          "column": 10
        }
      },
      "30": {
        "start": {
          "line": 69,
          "column": 4
        },
        "end": {
          "line": 69,
          "column": 70
        }
      },
      "31": {
        "start": {
          "line": 75,
          "column": 4
        },
        "end": {
          "line": 79,
          "column": 5
        }
      },
      "32": {
        "start": {
          "line": 76,
          "column": 8
        },
        "end": {
          "line": 76,
          "column": 101
        }
      },
      "33": {
        "start": {
          "line": 78,
          "column": 8
        },
        "end": {
          "line": 78,
          "column": 20
        }
      },
      "34": {
        "start": {
          "line": 80,
          "column": 57
        },
        "end": {
          "line": 80,
          "column": 70
        }
      },
      "35": {
        "start": {
          "line": 81,
          "column": 4
        },
        "end": {
          "line": 81,
          "column": 60
        }
      },
      "36": {
        "start": {
          "line": 83,
          "column": 4
        },
        "end": {
          "line": 83,
          "column": 15
        }
      },
      "37": {
        "start": {
          "line": 87,
          "column": 4
        },
        "end": {
          "line": 91,
          "column": 5
        }
      },
      "38": {
        "start": {
          "line": 88,
          "column": 8
        },
        "end": {
          "line": 88,
          "column": 67
        }
      },
      "39": {
        "start": {
          "line": 90,
          "column": 8
        },
        "end": {
          "line": 90,
          "column": 34
        }
      },
      "40": {
        "start": {
          "line": 92,
          "column": 4
        },
        "end": {
          "line": 92,
          "column": 15
        }
      },
      "41": {
        "start": {
          "line": 96,
          "column": 21
        },
        "end": {
          "line": 96,
          "column": 65
        }
      },
      "42": {
        "start": {
          "line": 97,
          "column": 4
        },
        "end": {
          "line": 97,
          "column": 54
        }
      },
      "43": {
        "start": {
          "line": 97,
          "column": 33
        },
        "end": {
          "line": 97,
          "column": 54
        }
      },
      "44": {
        "start": {
          "line": 98,
          "column": 4
        },
        "end": {
          "line": 98,
          "column": 16
        }
      },
      "45": {
        "start": {
          "line": 102,
          "column": 21
        },
        "end": {
          "line": 102,
          "column": 73
        }
      },
      "46": {
        "start": {
          "line": 103,
          "column": 4
        },
        "end": {
          "line": 103,
          "column": 54
        }
      },
      "47": {
        "start": {
          "line": 103,
          "column": 33
        },
        "end": {
          "line": 103,
          "column": 54
        }
      },
      "48": {
        "start": {
          "line": 104,
          "column": 4
        },
        "end": {
          "line": 104,
          "column": 16
        }
      },
      "49": {
        "start": {
          "line": 108,
          "column": 21
        },
        "end": {
          "line": 108,
          "column": 92
        }
      },
      "50": {
        "start": {
          "line": 109,
          "column": 4
        },
        "end": {
          "line": 109,
          "column": 44
        }
      },
      "51": {
        "start": {
          "line": 109,
          "column": 33
        },
        "end": {
          "line": 109,
          "column": 44
        }
      },
      "52": {
        "start": {
          "line": 110,
          "column": 4
        },
        "end": {
          "line": 110,
          "column": 16
        }
      },
      "53": {
        "start": {
          "line": 114,
          "column": 21
        },
        "end": {
          "line": 114,
          "column": 72
        }
      },
      "54": {
        "start": {
          "line": 115,
          "column": 4
        },
        "end": {
          "line": 115,
          "column": 54
        }
      },
      "55": {
        "start": {
          "line": 115,
          "column": 33
        },
        "end": {
          "line": 115,
          "column": 54
        }
      },
      "56": {
        "start": {
          "line": 116,
          "column": 4
        },
        "end": {
          "line": 116,
          "column": 16
        }
      },
      "57": {
        "start": {
          "line": 120,
          "column": 21
        },
        "end": {
          "line": 120,
          "column": 90
        }
      },
      "58": {
        "start": {
          "line": 121,
          "column": 4
        },
        "end": {
          "line": 121,
          "column": 44
        }
      },
      "59": {
        "start": {
          "line": 121,
          "column": 33
        },
        "end": {
          "line": 121,
          "column": 44
        }
      },
      "60": {
        "start": {
          "line": 122,
          "column": 4
        },
        "end": {
          "line": 122,
          "column": 16
        }
      },
      "61": {
        "start": {
          "line": 126,
          "column": 21
        },
        "end": {
          "line": 126,
          "column": 84
        }
      },
      "62": {
        "start": {
          "line": 127,
          "column": 4
        },
        "end": {
          "line": 127,
          "column": 54
        }
      },
      "63": {
        "start": {
          "line": 127,
          "column": 33
        },
        "end": {
          "line": 127,
          "column": 54
        }
      },
      "64": {
        "start": {
          "line": 128,
          "column": 4
        },
        "end": {
          "line": 128,
          "column": 16
        }
      },
      "65": {
        "start": {
          "line": 131,
          "column": 21
        },
        "end": {
          "line": 131,
          "column": 62
        }
      },
      "66": {
        "start": {
          "line": 132,
          "column": 4
        },
        "end": {
          "line": 132,
          "column": 53
        }
      },
      "67": {
        "start": {
          "line": 132,
          "column": 33
        },
        "end": {
          "line": 132,
          "column": 53
        }
      },
      "68": {
        "start": {
          "line": 137,
          "column": 21
        },
        "end": {
          "line": 137,
          "column": 53
        }
      },
      "69": {
        "start": {
          "line": 138,
          "column": 4
        },
        "end": {
          "line": 138,
          "column": 53
        }
      },
      "70": {
        "start": {
          "line": 138,
          "column": 33
        },
        "end": {
          "line": 138,
          "column": 53
        }
      },
      "71": {
        "start": {
          "line": 142,
          "column": 21
        },
        "end": {
          "line": 142,
          "column": 56
        }
      },
      "72": {
        "start": {
          "line": 143,
          "column": 4
        },
        "end": {
          "line": 143,
          "column": 53
        }
      },
      "73": {
        "start": {
          "line": 143,
          "column": 33
        },
        "end": {
          "line": 143,
          "column": 53
        }
      },
      "74": {
        "start": {
          "line": 147,
          "column": 21
        },
        "end": {
          "line": 147,
          "column": 72
        }
      },
      "75": {
        "start": {
          "line": 148,
          "column": 4
        },
        "end": {
          "line": 148,
          "column": 44
        }
      },
      "76": {
        "start": {
          "line": 148,
          "column": 33
        },
        "end": {
          "line": 148,
          "column": 44
        }
      },
      "77": {
        "start": {
          "line": 149,
          "column": 4
        },
        "end": {
          "line": 149,
          "column": 16
        }
      },
      "78": {
        "start": {
          "line": 153,
          "column": 21
        },
        "end": {
          "line": 153,
          "column": 83
        }
      },
      "79": {
        "start": {
          "line": 154,
          "column": 4
        },
        "end": {
          "line": 154,
          "column": 44
        }
      },
      "80": {
        "start": {
          "line": 154,
          "column": 33
        },
        "end": {
          "line": 154,
          "column": 44
        }
      },
      "81": {
        "start": {
          "line": 155,
          "column": 4
        },
        "end": {
          "line": 155,
          "column": 16
        }
      },
      "82": {
        "start": {
          "line": 159,
          "column": 21
        },
        "end": {
          "line": 159,
          "column": 64
        }
      },
      "83": {
        "start": {
          "line": 160,
          "column": 4
        },
        "end": {
          "line": 160,
          "column": 44
        }
      },
      "84": {
        "start": {
          "line": 160,
          "column": 33
        },
        "end": {
          "line": 160,
          "column": 44
        }
      },
      "85": {
        "start": {
          "line": 161,
          "column": 4
        },
        "end": {
          "line": 161,
          "column": 16
        }
      },
      "86": {
        "start": {
          "line": 165,
          "column": 21
        },
        "end": {
          "line": 165,
          "column": 70
        }
      },
      "87": {
        "start": {
          "line": 166,
          "column": 4
        },
        "end": {
          "line": 166,
          "column": 44
        }
      },
      "88": {
        "start": {
          "line": 166,
          "column": 33
        },
        "end": {
          "line": 166,
          "column": 44
        }
      },
      "89": {
        "start": {
          "line": 167,
          "column": 4
        },
        "end": {
          "line": 167,
          "column": 16
        }
      },
      "90": {
        "start": {
          "line": 171,
          "column": 21
        },
        "end": {
          "line": 171,
          "column": 61
        }
      },
      "91": {
        "start": {
          "line": 172,
          "column": 4
        },
        "end": {
          "line": 172,
          "column": 53
        }
      },
      "92": {
        "start": {
          "line": 172,
          "column": 33
        },
        "end": {
          "line": 172,
          "column": 53
        }
      },
      "93": {
        "start": {
          "line": 176,
          "column": 21
        },
        "end": {
          "line": 176,
          "column": 74
        }
      },
      "94": {
        "start": {
          "line": 177,
          "column": 4
        },
        "end": {
          "line": 177,
          "column": 45
        }
      },
      "95": {
        "start": {
          "line": 177,
          "column": 33
        },
        "end": {
          "line": 177,
          "column": 45
        }
      },
      "96": {
        "start": {
          "line": 178,
          "column": 4
        },
        "end": {
          "line": 178,
          "column": 15
        }
      },
      "97": {
        "start": {
          "line": 182,
          "column": 21
        },
        "end": {
          "line": 182,
          "column": 100
        }
      },
      "98": {
        "start": {
          "line": 183,
          "column": 4
        },
        "end": {
          "line": 183,
          "column": 44
        }
      },
      "99": {
        "start": {
          "line": 183,
          "column": 33
        },
        "end": {
          "line": 183,
          "column": 44
        }
      },
      "100": {
        "start": {
          "line": 184,
          "column": 4
        },
        "end": {
          "line": 184,
          "column": 16
        }
      },
      "101": {
        "start": {
          "line": 188,
          "column": 21
        },
        "end": {
          "line": 188,
          "column": 63
        }
      },
      "102": {
        "start": {
          "line": 189,
          "column": 4
        },
        "end": {
          "line": 189,
          "column": 53
        }
      },
      "103": {
        "start": {
          "line": 189,
          "column": 33
        },
        "end": {
          "line": 189,
          "column": 53
        }
      },
      "104": {
        "start": {
          "line": 193,
          "column": 21
        },
        "end": {
          "line": 193,
          "column": 67
        }
      },
      "105": {
        "start": {
          "line": 194,
          "column": 4
        },
        "end": {
          "line": 194,
          "column": 53
        }
      },
      "106": {
        "start": {
          "line": 194,
          "column": 33
        },
        "end": {
          "line": 194,
          "column": 53
        }
      },
      "107": {
        "start": {
          "line": 198,
          "column": 21
        },
        "end": {
          "line": 198,
          "column": 60
        }
      },
      "108": {
        "start": {
          "line": 199,
          "column": 4
        },
        "end": {
          "line": 199,
          "column": 53
        }
      },
      "109": {
        "start": {
          "line": 199,
          "column": 33
        },
        "end": {
          "line": 199,
          "column": 53
        }
      },
      "110": {
        "start": {
          "line": 203,
          "column": 21
        },
        "end": {
          "line": 203,
          "column": 63
        }
      },
      "111": {
        "start": {
          "line": 204,
          "column": 4
        },
        "end": {
          "line": 204,
          "column": 53
        }
      },
      "112": {
        "start": {
          "line": 204,
          "column": 33
        },
        "end": {
          "line": 204,
          "column": 53
        }
      },
      "113": {
        "start": {
          "line": 208,
          "column": 21
        },
        "end": {
          "line": 208,
          "column": 93
        }
      },
      "114": {
        "start": {
          "line": 209,
          "column": 4
        },
        "end": {
          "line": 209,
          "column": 44
        }
      },
      "115": {
        "start": {
          "line": 209,
          "column": 33
        },
        "end": {
          "line": 209,
          "column": 44
        }
      },
      "116": {
        "start": {
          "line": 210,
          "column": 4
        },
        "end": {
          "line": 210,
          "column": 16
        }
      },
      "117": {
        "start": {
          "line": 214,
          "column": 21
        },
        "end": {
          "line": 214,
          "column": 98
        }
      },
      "118": {
        "start": {
          "line": 215,
          "column": 4
        },
        "end": {
          "line": 215,
          "column": 44
        }
      },
      "119": {
        "start": {
          "line": 215,
          "column": 33
        },
        "end": {
          "line": 215,
          "column": 44
        }
      },
      "120": {
        "start": {
          "line": 216,
          "column": 4
        },
        "end": {
          "line": 216,
          "column": 16
        }
      }
    },
    "fnMap": {
      "0": {
        "name": "checkAuthTokenIsValid",
        "decl": {
          "start": {
            "line": 9,
            "column": 15
          },
          "end": {
            "line": 9,
            "column": 36
          }
        },
        "loc": {
          "start": {
            "line": 9,
            "column": 39
          },
          "end": {
            "line": 12,
            "column": 1
          }
        },
        "line": 9
      },
      "1": {
        "name": "checkRefreshAuthTokenIsValid",
        "decl": {
          "start": {
            "line": 14,
            "column": 15
          },
          "end": {
            "line": 14,
            "column": 43
          }
        },
        "loc": {
          "start": {
            "line": 14,
            "column": 46
          },
          "end": {
            "line": 17,
            "column": 1
          }
        },
        "line": 14
      },
      "2": {
        "name": "refreshAuthToken",
        "decl": {
          "start": {
            "line": 19,
            "column": 15
          },
          "end": {
            "line": 19,
            "column": 31
          }
        },
        "loc": {
          "start": {
            "line": 19,
            "column": 34
          },
          "end": {
            "line": 31,
            "column": 1
          }
        },
        "line": 19
      },
      "3": {
        "name": "getAuthToken",
        "decl": {
          "start": {
            "line": 33,
            "column": 15
          },
          "end": {
            "line": 33,
            "column": 27
          }
        },
        "loc": {
          "start": {
            "line": 33,
            "column": 30
          },
          "end": {
            "line": 42,
            "column": 1
          }
        },
        "line": 33
      },
      "4": {
        "name": "apiGet",
        "decl": {
          "start": {
            "line": 44,
            "column": 15
          },
          "end": {
            "line": 44,
            "column": 21
          }
        },
        "loc": {
          "start": {
            "line": 44,
            "column": 53
          },
          "end": {
            "line": 49,
            "column": 1
          }
        },
        "line": 44
      },
      "5": {
        "name": "apiPut",
        "decl": {
          "start": {
            "line": 51,
            "column": 15
          },
          "end": {
            "line": 51,
            "column": 21
          }
        },
        "loc": {
          "start": {
            "line": 51,
            "column": 59
          },
          "end": {
            "line": 56,
            "column": 1
          }
        },
        "line": 51
      },
      "6": {
        "name": "apiPost",
        "decl": {
          "start": {
            "line": 58,
            "column": 15
          },
          "end": {
            "line": 58,
            "column": 22
          }
        },
        "loc": {
          "start": {
            "line": 58,
            "column": 60
          },
          "end": {
            "line": 63,
            "column": 1
          }
        },
        "line": 58
      },
      "7": {
        "name": "apiDelete",
        "decl": {
          "start": {
            "line": 65,
            "column": 15
          },
          "end": {
            "line": 65,
            "column": 24
          }
        },
        "loc": {
          "start": {
            "line": 65,
            "column": 56
          },
          "end": {
            "line": 70,
            "column": 1
          }
        },
        "line": 65
      },
      "8": {
        "name": "login",
        "decl": {
          "start": {
            "line": 73,
            "column": 22
          },
          "end": {
            "line": 73,
            "column": 27
          }
        },
        "loc": {
          "start": {
            "line": 73,
            "column": 48
          },
          "end": {
            "line": 84,
            "column": 1
          }
        },
        "line": 73
      },
      "9": {
        "name": "publish",
        "decl": {
          "start": {
            "line": 86,
            "column": 22
          },
          "end": {
            "line": 86,
            "column": 29
          }
        },
        "loc": {
          "start": {
            "line": 86,
            "column": 48
          },
          "end": {
            "line": 93,
            "column": 1
          }
        },
        "line": 86
      },
      "10": {
        "name": "getUserAnnouncements",
        "decl": {
          "start": {
            "line": 95,
            "column": 22
          },
          "end": {
            "line": 95,
            "column": 42
          }
        },
        "loc": {
          "start": {
            "line": 95,
            "column": 45
          },
          "end": {
            "line": 99,
            "column": 1
          }
        },
        "line": 95
      },
      "11": {
        "name": "getAnnouncement",
        "decl": {
          "start": {
            "line": 101,
            "column": 22
          },
          "end": {
            "line": 101,
            "column": 37
          }
        },
        "loc": {
          "start": {
            "line": 101,
            "column": 44
          },
          "end": {
            "line": 105,
            "column": 1
          }
        },
        "line": 101
      },
      "12": {
        "name": "updateAnnouncement",
        "decl": {
          "start": {
            "line": 107,
            "column": 22
          },
          "end": {
            "line": 107,
            "column": 40
          }
        },
        "loc": {
          "start": {
            "line": 107,
            "column": 66
          },
          "end": {
            "line": 111,
            "column": 1
          }
        },
        "line": 107
      },
      "13": {
        "name": "getReservation",
        "decl": {
          "start": {
            "line": 113,
            "column": 22
          },
          "end": {
            "line": 113,
            "column": 36
          }
        },
        "loc": {
          "start": {
            "line": 113,
            "column": 43
          },
          "end": {
            "line": 117,
            "column": 1
          }
        },
        "line": 113
      },
      "14": {
        "name": "updateReservation",
        "decl": {
          "start": {
            "line": 119,
            "column": 22
          },
          "end": {
            "line": 119,
            "column": 39
          }
        },
        "loc": {
          "start": {
            "line": 119,
            "column": 64
          },
          "end": {
            "line": 123,
            "column": 1
          }
        },
        "line": 119
      },
      "15": {
        "name": "getReservationUser",
        "decl": {
          "start": {
            "line": 125,
            "column": 22
          },
          "end": {
            "line": 125,
            "column": 40
          }
        },
        "loc": {
          "start": {
            "line": 125,
            "column": 47
          },
          "end": {
            "line": 129,
            "column": 1
          }
        },
        "line": 125
      },
      "16": {
        "name": "getVehicles",
        "decl": {
          "start": {
            "line": 130,
            "column": 22
          },
          "end": {
            "line": 130,
            "column": 33
          }
        },
        "loc": {
          "start": {
            "line": 130,
            "column": 36
          },
          "end": {
            "line": 133,
            "column": 1
          }
        },
        "line": 130
      },
      "17": {
        "name": "getUser",
        "decl": {
          "start": {
            "line": 136,
            "column": 22
          },
          "end": {
            "line": 136,
            "column": 29
          }
        },
        "loc": {
          "start": {
            "line": 136,
            "column": 32
          },
          "end": {
            "line": 139,
            "column": 1
          }
        },
        "line": 136
      },
      "18": {
        "name": "getProfile",
        "decl": {
          "start": {
            "line": 141,
            "column": 22
          },
          "end": {
            "line": 141,
            "column": 32
          }
        },
        "loc": {
          "start": {
            "line": 141,
            "column": 35
          },
          "end": {
            "line": 144,
            "column": 1
          }
        },
        "line": 141
      },
      "19": {
        "name": "deleteVehicle",
        "decl": {
          "start": {
            "line": 146,
            "column": 22
          },
          "end": {
            "line": 146,
            "column": 35
          }
        },
        "loc": {
          "start": {
            "line": 146,
            "column": 42
          },
          "end": {
            "line": 150,
            "column": 1
          }
        },
        "line": 146
      },
      "20": {
        "name": "updateVehicle",
        "decl": {
          "start": {
            "line": 152,
            "column": 22
          },
          "end": {
            "line": 152,
            "column": 35
          }
        },
        "loc": {
          "start": {
            "line": 152,
            "column": 56
          },
          "end": {
            "line": 156,
            "column": 1
          }
        },
        "line": 152
      },
      "21": {
        "name": "updateUser",
        "decl": {
          "start": {
            "line": 158,
            "column": 22
          },
          "end": {
            "line": 158,
            "column": 32
          }
        },
        "loc": {
          "start": {
            "line": 158,
            "column": 44
          },
          "end": {
            "line": 162,
            "column": 1
          }
        },
        "line": 158
      },
      "22": {
        "name": "updateProfile",
        "decl": {
          "start": {
            "line": 164,
            "column": 22
          },
          "end": {
            "line": 164,
            "column": 35
          }
        },
        "loc": {
          "start": {
            "line": 164,
            "column": 50
          },
          "end": {
            "line": 168,
            "column": 1
          }
        },
        "line": 164
      },
      "23": {
        "name": "getAnnouncements",
        "decl": {
          "start": {
            "line": 170,
            "column": 22
          },
          "end": {
            "line": 170,
            "column": 38
          }
        },
        "loc": {
          "start": {
            "line": 170,
            "column": 41
          },
          "end": {
            "line": 173,
            "column": 1
          }
        },
        "line": 170
      },
      "24": {
        "name": "reserve",
        "decl": {
          "start": {
            "line": 175,
            "column": 22
          },
          "end": {
            "line": 175,
            "column": 29
          }
        },
        "loc": {
          "start": {
            "line": 175,
            "column": 43
          },
          "end": {
            "line": 179,
            "column": 1
          }
        },
        "line": 175
      },
      "25": {
        "name": "updateStatusAnnouncement",
        "decl": {
          "start": {
            "line": 181,
            "column": 22
          },
          "end": {
            "line": 181,
            "column": 46
          }
        },
        "loc": {
          "start": {
            "line": 181,
            "column": 72
          },
          "end": {
            "line": 185,
            "column": 1
          }
        },
        "line": 181
      },
      "26": {
        "name": "getVehicleId",
        "decl": {
          "start": {
            "line": 187,
            "column": 22
          },
          "end": {
            "line": 187,
            "column": 34
          }
        },
        "loc": {
          "start": {
            "line": 187,
            "column": 39
          },
          "end": {
            "line": 190,
            "column": 1
          }
        },
        "line": 187
      },
      "27": {
        "name": "getAnnouncementId",
        "decl": {
          "start": {
            "line": 192,
            "column": 22
          },
          "end": {
            "line": 192,
            "column": 39
          }
        },
        "loc": {
          "start": {
            "line": 192,
            "column": 44
          },
          "end": {
            "line": 195,
            "column": 1
          }
        },
        "line": 192
      },
      "28": {
        "name": "getBookings",
        "decl": {
          "start": {
            "line": 197,
            "column": 22
          },
          "end": {
            "line": 197,
            "column": 33
          }
        },
        "loc": {
          "start": {
            "line": 197,
            "column": 36
          },
          "end": {
            "line": 200,
            "column": 1
          }
        },
        "line": 197
      },
      "29": {
        "name": "getMyAnnnouncements",
        "decl": {
          "start": {
            "line": 202,
            "column": 22
          },
          "end": {
            "line": 202,
            "column": 41
          }
        },
        "loc": {
          "start": {
            "line": 202,
            "column": 44
          },
          "end": {
            "line": 205,
            "column": 1
          }
        },
        "line": 202
      },
      "30": {
        "name": "cancelAnnouncement",
        "decl": {
          "start": {
            "line": 207,
            "column": 22
          },
          "end": {
            "line": 207,
            "column": 40
          }
        },
        "loc": {
          "start": {
            "line": 207,
            "column": 65
          },
          "end": {
            "line": 211,
            "column": 1
          }
        },
        "line": 207
      },
      "31": {
        "name": "cancelReservation",
        "decl": {
          "start": {
            "line": 213,
            "column": 22
          },
          "end": {
            "line": 213,
            "column": 39
          }
        },
        "loc": {
          "start": {
            "line": 213,
            "column": 64
          },
          "end": {
            "line": 217,
            "column": 1
          }
        },
        "line": 213
      }
    },
    "branchMap": {
      "0": {
        "loc": {
          "start": {
            "line": 21,
            "column": 4
          },
          "end": {
            "line": 25,
            "column": 5
          }
        },
        "type": "if",
        "locations": [
          {
            "start": {
              "line": 21,
              "column": 4
            },
            "end": {
              "line": 25,
              "column": 5
            }
          },
          {
            "start": {
              "line": 21,
              "column": 4
            },
            "end": {
              "line": 25,
              "column": 5
            }
          }
        ],
        "line": 21
      },
      "1": {
        "loc": {
          "start": {
            "line": 23,
            "column": 11
          },
          "end": {
            "line": 25,
            "column": 5
          }
        },
        "type": "if",
        "locations": [
          {
            "start": {
              "line": 23,
              "column": 11
            },
            "end": {
              "line": 25,
              "column": 5
            }
          },
          {
            "start": {
              "line": 23,
              "column": 11
            },
            "end": {
              "line": 25,
              "column": 5
            }
          }
        ],
        "line": 23
      },
      "2": {
        "loc": {
          "start": {
            "line": 35,
            "column": 4
          },
          "end": {
            "line": 40,
            "column": 5
          }
        },
        "type": "if",
        "locations": [
          {
            "start": {
              "line": 35,
              "column": 4
            },
            "end": {
              "line": 40,
              "column": 5
            }
          },
          {
            "start": {
              "line": 35,
              "column": 4
            },
            "end": {
              "line": 40,
              "column": 5
            }
          }
        ],
        "line": 35
      },
      "3": {
        "loc": {
          "start": {
            "line": 37,
            "column": 11
          },
          "end": {
            "line": 40,
            "column": 5
          }
        },
        "type": "if",
        "locations": [
          {
            "start": {
              "line": 37,
              "column": 11
            },
            "end": {
              "line": 40,
              "column": 5
            }
          },
          {
            "start": {
              "line": 37,
              "column": 11
            },
            "end": {
              "line": 40,
              "column": 5
            }
          }
        ],
        "line": 37
      },
      "4": {
        "loc": {
          "start": {
            "line": 44,
            "column": 32
          },
          "end": {
            "line": 44,
            "column": 51
          }
        },
        "type": "default-arg",
        "locations": [
          {
            "start": {
              "line": 44,
              "column": 47
            },
            "end": {
              "line": 44,
              "column": 51
            }
          }
        ],
        "line": 44
      },
      "5": {
        "loc": {
          "start": {
            "line": 45,
            "column": 20
          },
          "end": {
            "line": 47,
            "column": 10
          }
        },
        "type": "cond-expr",
        "locations": [
          {
            "start": {
              "line": 45,
              "column": 35
            },
            "end": {
              "line": 47,
              "column": 5
            }
          },
          {
            "start": {
              "line": 47,
              "column": 8
            },
            "end": {
              "line": 47,
              "column": 10
            }
          }
        ],
        "line": 45
      },
      "6": {
        "loc": {
          "start": {
            "line": 51,
            "column": 38
          },
          "end": {
            "line": 51,
            "column": 57
          }
        },
        "type": "default-arg",
        "locations": [
          {
            "start": {
              "line": 51,
              "column": 53
            },
            "end": {
              "line": 51,
              "column": 57
            }
          }
        ],
        "line": 51
      },
      "7": {
        "loc": {
          "start": {
            "line": 52,
            "column": 20
          },
          "end": {
            "line": 54,
            "column": 10
          }
        },
        "type": "cond-expr",
        "locations": [
          {
            "start": {
              "line": 52,
              "column": 35
            },
            "end": {
              "line": 54,
              "column": 5
            }
          },
          {
            "start": {
              "line": 54,
              "column": 8
            },
            "end": {
              "line": 54,
              "column": 10
            }
          }
        ],
        "line": 52
      },
      "8": {
        "loc": {
          "start": {
            "line": 58,
            "column": 39
          },
          "end": {
            "line": 58,
            "column": 58
          }
        },
        "type": "default-arg",
        "locations": [
          {
            "start": {
              "line": 58,
              "column": 54
            },
            "end": {
              "line": 58,
              "column": 58
            }
          }
        ],
        "line": 58
      },
      "9": {
        "loc": {
          "start": {
            "line": 59,
            "column": 20
          },
          "end": {
            "line": 61,
            "column": 10
          }
        },
        "type": "cond-expr",
        "locations": [
          {
            "start": {
              "line": 59,
              "column": 35
            },
            "end": {
              "line": 61,
              "column": 5
            }
          },
          {
            "start": {
              "line": 61,
              "column": 8
            },
            "end": {
              "line": 61,
              "column": 10
            }
          }
        ],
        "line": 59
      },
      "10": {
        "loc": {
          "start": {
            "line": 65,
            "column": 35
          },
          "end": {
            "line": 65,
            "column": 54
          }
        },
        "type": "default-arg",
        "locations": [
          {
            "start": {
              "line": 65,
              "column": 50
            },
            "end": {
              "line": 65,
              "column": 54
            }
          }
        ],
        "line": 65
      },
      "11": {
        "loc": {
          "start": {
            "line": 66,
            "column": 20
          },
          "end": {
            "line": 68,
            "column": 10
          }
        },
        "type": "cond-expr",
        "locations": [
          {
            "start": {
              "line": 66,
              "column": 35
            },
            "end": {
              "line": 68,
              "column": 5
            }
          },
          {
            "start": {
              "line": 68,
              "column": 8
            },
            "end": {
              "line": 68,
              "column": 10
            }
          }
        ],
        "line": 66
      },
      "12": {
        "loc": {
          "start": {
            "line": 97,
            "column": 4
          },
          "end": {
            "line": 97,
            "column": 54
          }
        },
        "type": "if",
        "locations": [
          {
            "start": {
              "line": 97,
              "column": 4
            },
            "end": {
              "line": 97,
              "column": 54
            }
          },
          {
            "start": {
              "line": 97,
              "column": 4
            },
            "end": {
              "line": 97,
              "column": 54
            }
          }
        ],
        "line": 97
      },
      "13": {
        "loc": {
          "start": {
            "line": 103,
            "column": 4
          },
          "end": {
            "line": 103,
            "column": 54
          }
        },
        "type": "if",
        "locations": [
          {
            "start": {
              "line": 103,
              "column": 4
            },
            "end": {
              "line": 103,
              "column": 54
            }
          },
          {
            "start": {
              "line": 103,
              "column": 4
            },
            "end": {
              "line": 103,
              "column": 54
            }
          }
        ],
        "line": 103
      },
      "14": {
        "loc": {
          "start": {
            "line": 109,
            "column": 4
          },
          "end": {
            "line": 109,
            "column": 44
          }
        },
        "type": "if",
        "locations": [
          {
            "start": {
              "line": 109,
              "column": 4
            },
            "end": {
              "line": 109,
              "column": 44
            }
          },
          {
            "start": {
              "line": 109,
              "column": 4
            },
            "end": {
              "line": 109,
              "column": 44
            }
          }
        ],
        "line": 109
      },
      "15": {
        "loc": {
          "start": {
            "line": 115,
            "column": 4
          },
          "end": {
            "line": 115,
            "column": 54
          }
        },
        "type": "if",
        "locations": [
          {
            "start": {
              "line": 115,
              "column": 4
            },
            "end": {
              "line": 115,
              "column": 54
            }
          },
          {
            "start": {
              "line": 115,
              "column": 4
            },
            "end": {
              "line": 115,
              "column": 54
            }
          }
        ],
        "line": 115
      },
      "16": {
        "loc": {
          "start": {
            "line": 121,
            "column": 4
          },
          "end": {
            "line": 121,
            "column": 44
          }
        },
        "type": "if",
        "locations": [
          {
            "start": {
              "line": 121,
              "column": 4
            },
            "end": {
              "line": 121,
              "column": 44
            }
          },
          {
            "start": {
              "line": 121,
              "column": 4
            },
            "end": {
              "line": 121,
              "column": 44
            }
          }
        ],
        "line": 121
      },
      "17": {
        "loc": {
          "start": {
            "line": 127,
            "column": 4
          },
          "end": {
            "line": 127,
            "column": 54
          }
        },
        "type": "if",
        "locations": [
          {
            "start": {
              "line": 127,
              "column": 4
            },
            "end": {
              "line": 127,
              "column": 54
            }
          },
          {
            "start": {
              "line": 127,
              "column": 4
            },
            "end": {
              "line": 127,
              "column": 54
            }
          }
        ],
        "line": 127
      },
      "18": {
        "loc": {
          "start": {
            "line": 132,
            "column": 4
          },
          "end": {
            "line": 132,
            "column": 53
          }
        },
        "type": "if",
        "locations": [
          {
            "start": {
              "line": 132,
              "column": 4
            },
            "end": {
              "line": 132,
              "column": 53
            }
          },
          {
            "start": {
              "line": 132,
              "column": 4
            },
            "end": {
              "line": 132,
              "column": 53
            }
          }
        ],
        "line": 132
      },
      "19": {
        "loc": {
          "start": {
            "line": 138,
            "column": 4
          },
          "end": {
            "line": 138,
            "column": 53
          }
        },
        "type": "if",
        "locations": [
          {
            "start": {
              "line": 138,
              "column": 4
            },
            "end": {
              "line": 138,
              "column": 53
            }
          },
          {
            "start": {
              "line": 138,
              "column": 4
            },
            "end": {
              "line": 138,
              "column": 53
            }
          }
        ],
        "line": 138
      },
      "20": {
        "loc": {
          "start": {
            "line": 143,
            "column": 4
          },
          "end": {
            "line": 143,
            "column": 53
          }
        },
        "type": "if",
        "locations": [
          {
            "start": {
              "line": 143,
              "column": 4
            },
            "end": {
              "line": 143,
              "column": 53
            }
          },
          {
            "start": {
              "line": 143,
              "column": 4
            },
            "end": {
              "line": 143,
              "column": 53
            }
          }
        ],
        "line": 143
      },
      "21": {
        "loc": {
          "start": {
            "line": 148,
            "column": 4
          },
          "end": {
            "line": 148,
            "column": 44
          }
        },
        "type": "if",
        "locations": [
          {
            "start": {
              "line": 148,
              "column": 4
            },
            "end": {
              "line": 148,
              "column": 44
            }
          },
          {
            "start": {
              "line": 148,
              "column": 4
            },
            "end": {
              "line": 148,
              "column": 44
            }
          }
        ],
        "line": 148
      },
      "22": {
        "loc": {
          "start": {
            "line": 154,
            "column": 4
          },
          "end": {
            "line": 154,
            "column": 44
          }
        },
        "type": "if",
        "locations": [
          {
            "start": {
              "line": 154,
              "column": 4
            },
            "end": {
              "line": 154,
              "column": 44
            }
          },
          {
            "start": {
              "line": 154,
              "column": 4
            },
            "end": {
              "line": 154,
              "column": 44
            }
          }
        ],
        "line": 154
      },
      "23": {
        "loc": {
          "start": {
            "line": 160,
            "column": 4
          },
          "end": {
            "line": 160,
            "column": 44
          }
        },
        "type": "if",
        "locations": [
          {
            "start": {
              "line": 160,
              "column": 4
            },
            "end": {
              "line": 160,
              "column": 44
            }
          },
          {
            "start": {
              "line": 160,
              "column": 4
            },
            "end": {
              "line": 160,
              "column": 44
            }
          }
        ],
        "line": 160
      },
      "24": {
        "loc": {
          "start": {
            "line": 166,
            "column": 4
          },
          "end": {
            "line": 166,
            "column": 44
          }
        },
        "type": "if",
        "locations": [
          {
            "start": {
              "line": 166,
              "column": 4
            },
            "end": {
              "line": 166,
              "column": 44
            }
          },
          {
            "start": {
              "line": 166,
              "column": 4
            },
            "end": {
              "line": 166,
              "column": 44
            }
          }
        ],
        "line": 166
      },
      "25": {
        "loc": {
          "start": {
            "line": 172,
            "column": 4
          },
          "end": {
            "line": 172,
            "column": 53
          }
        },
        "type": "if",
        "locations": [
          {
            "start": {
              "line": 172,
              "column": 4
            },
            "end": {
              "line": 172,
              "column": 53
            }
          },
          {
            "start": {
              "line": 172,
              "column": 4
            },
            "end": {
              "line": 172,
              "column": 53
            }
          }
        ],
        "line": 172
      },
      "26": {
        "loc": {
          "start": {
            "line": 177,
            "column": 4
          },
          "end": {
            "line": 177,
            "column": 45
          }
        },
        "type": "if",
        "locations": [
          {
            "start": {
              "line": 177,
              "column": 4
            },
            "end": {
              "line": 177,
              "column": 45
            }
          },
          {
            "start": {
              "line": 177,
              "column": 4
            },
            "end": {
              "line": 177,
              "column": 45
            }
          }
        ],
        "line": 177
      },
      "27": {
        "loc": {
          "start": {
            "line": 183,
            "column": 4
          },
          "end": {
            "line": 183,
            "column": 44
          }
        },
        "type": "if",
        "locations": [
          {
            "start": {
              "line": 183,
              "column": 4
            },
            "end": {
              "line": 183,
              "column": 44
            }
          },
          {
            "start": {
              "line": 183,
              "column": 4
            },
            "end": {
              "line": 183,
              "column": 44
            }
          }
        ],
        "line": 183
      },
      "28": {
        "loc": {
          "start": {
            "line": 189,
            "column": 4
          },
          "end": {
            "line": 189,
            "column": 53
          }
        },
        "type": "if",
        "locations": [
          {
            "start": {
              "line": 189,
              "column": 4
            },
            "end": {
              "line": 189,
              "column": 53
            }
          },
          {
            "start": {
              "line": 189,
              "column": 4
            },
            "end": {
              "line": 189,
              "column": 53
            }
          }
        ],
        "line": 189
      },
      "29": {
        "loc": {
          "start": {
            "line": 194,
            "column": 4
          },
          "end": {
            "line": 194,
            "column": 53
          }
        },
        "type": "if",
        "locations": [
          {
            "start": {
              "line": 194,
              "column": 4
            },
            "end": {
              "line": 194,
              "column": 53
            }
          },
          {
            "start": {
              "line": 194,
              "column": 4
            },
            "end": {
              "line": 194,
              "column": 53
            }
          }
        ],
        "line": 194
      },
      "30": {
        "loc": {
          "start": {
            "line": 199,
            "column": 4
          },
          "end": {
            "line": 199,
            "column": 53
          }
        },
        "type": "if",
        "locations": [
          {
            "start": {
              "line": 199,
              "column": 4
            },
            "end": {
              "line": 199,
              "column": 53
            }
          },
          {
            "start": {
              "line": 199,
              "column": 4
            },
            "end": {
              "line": 199,
              "column": 53
            }
          }
        ],
        "line": 199
      },
      "31": {
        "loc": {
          "start": {
            "line": 204,
            "column": 4
          },
          "end": {
            "line": 204,
            "column": 53
          }
        },
        "type": "if",
        "locations": [
          {
            "start": {
              "line": 204,
              "column": 4
            },
            "end": {
              "line": 204,
              "column": 53
            }
          },
          {
            "start": {
              "line": 204,
              "column": 4
            },
            "end": {
              "line": 204,
              "column": 53
            }
          }
        ],
        "line": 204
      },
      "32": {
        "loc": {
          "start": {
            "line": 209,
            "column": 4
          },
          "end": {
            "line": 209,
            "column": 44
          }
        },
        "type": "if",
        "locations": [
          {
            "start": {
              "line": 209,
              "column": 4
            },
            "end": {
              "line": 209,
              "column": 44
            }
          },
          {
            "start": {
              "line": 209,
              "column": 4
            },
            "end": {
              "line": 209,
              "column": 44
            }
          }
        ],
        "line": 209
      },
      "33": {
        "loc": {
          "start": {
            "line": 215,
            "column": 4
          },
          "end": {
            "line": 215,
            "column": 44
          }
        },
        "type": "if",
        "locations": [
          {
            "start": {
              "line": 215,
              "column": 4
            },
            "end": {
              "line": 215,
              "column": 44
            }
          },
          {
            "start": {
              "line": 215,
              "column": 4
            },
            "end": {
              "line": 215,
              "column": 44
            }
          }
        ],
        "line": 215
      }
    },
    "s": {
      "0": 2,
      "1": 2,
      "2": 2,
      "3": 2,
      "4": 2,
      "5": 0,
      "6": 0,
      "7": 0,
      "8": 0,
      "9": 0,
      "10": 0,
      "11": 0,
      "12": 0,
      "13": 0,
      "14": 0,
      "15": 0,
      "16": 2,
      "17": 2,
      "18": 0,
      "19": 2,
      "20": 0,
      "21": 0,
      "22": 2,
      "23": 2,
      "24": 2,
      "25": 0,
      "26": 0,
      "27": 2,
      "28": 2,
      "29": 0,
      "30": 0,
      "31": 2,
      "32": 2,
      "33": 0,
      "34": 2,
      "35": 2,
      "36": 2,
      "37": 0,
      "38": 0,
      "39": 0,
      "40": 0,
      "41": 0,
      "42": 0,
      "43": 0,
      "44": 0,
      "45": 0,
      "46": 0,
      "47": 0,
      "48": 0,
      "49": 0,
      "50": 0,
      "51": 0,
      "52": 0,
      "53": 0,
      "54": 0,
      "55": 0,
      "56": 0,
      "57": 0,
      "58": 0,
      "59": 0,
      "60": 0,
      "61": 0,
      "62": 0,
      "63": 0,
      "64": 0,
      "65": 1,
      "66": 1,
      "67": 1,
      "68": 0,
      "69": 0,
      "70": 0,
      "71": 0,
      "72": 0,
      "73": 0,
      "74": 0,
      "75": 0,
      "76": 0,
      "77": 0,
      "78": 0,
      "79": 0,
      "80": 0,
      "81": 0,
      "82": 0,
      "83": 0,
      "84": 0,
      "85": 0,
      "86": 0,
      "87": 0,
      "88": 0,
      "89": 0,
      "90": 1,
      "91": 1,
      "92": 1,
      "93": 0,
      "94": 0,
      "95": 0,
      "96": 0,
      "97": 0,
      "98": 0,
      "99": 0,
      "100": 0,
      "101": 0,
      "102": 0,
      "103": 0,
      "104": 0,
      "105": 0,
      "106": 0,
      "107": 0,
[...]
          "line": 89,
          "column": 1
        }
      },
      "22": {
        "start": {
          "line": 82,
          "column": 4
        },
        "end": {
          "line": 88,
          "column": 5
        }
      }
    },
    "fnMap": {
      "0": {
        "name": "(anonymous_0)",
        "decl": {
          "start": {
            "line": 9,
            "column": 22
          },
          "end": {
            "line": 9,
            "column": 23
          }
        },
        "loc": {
          "start": {
            "line": 9,
            "column": 36
          },
          "end": {
            "line": 14,
            "column": 1
          }
        },
        "line": 9
      },
      "1": {
        "name": "(anonymous_1)",
        "decl": {
          "start": {
            "line": 16,
            "column": 12
          },
          "end": {
            "line": 16,
            "column": 13
          }
        },
        "loc": {
          "start": {
            "line": 16,
            "column": 36
          },
          "end": {
            "line": 24,
            "column": 1
          }
        },
        "line": 16
      },
      "2": {
        "name": "(anonymous_2)",
        "decl": {
          "start": {
            "line": 18,
            "column": 19
          },
          "end": {
            "line": 18,
            "column": 20
          }
        },
        "loc": {
          "start": {
            "line": 20,
            "column": 8
          },
          "end": {
            "line": 20,
            "column": 85
          }
        },
        "line": 20
      },
      "3": {
        "name": "(anonymous_3)",
        "decl": {
          "start": {
            "line": 27,
            "column": 16
          },
          "end": {
            "line": 27,
            "column": 17
          }
        },
        "loc": {
          "start": {
            "line": 27,
            "column": 22
          },
          "end": {
            "line": 80,
            "column": 1
          }
        },
        "line": 27
      },
      "4": {
        "name": "(anonymous_4)",
        "decl": {
          "start": {
            "line": 36,
            "column": 14
          },
          "end": {
            "line": 36,
            "column": 15
          }
        },
        "loc": {
          "start": {
            "line": 36,
            "column": 20
          },
          "end": {
            "line": 45,
            "column": 5
          }
        },
        "line": 36
      },
      "5": {
        "name": "(anonymous_5)",
        "decl": {
          "start": {
            "line": 37,
            "column": 48
          },
          "end": {
            "line": 37,
            "column": 49
          }
        },
        "loc": {
          "start": {
            "line": 37,
            "column": 56
          },
          "end": {
            "line": 40,
            "column": 9
          }
        },
        "line": 37
      },
      "6": {
        "name": "(anonymous_6)",
        "decl": {
          "start": {
            "line": 41,
            "column": 27
          },
          "end": {
            "line": 41,
            "column": 28
          }
        },
        "loc": {
          "start": {
            "line": 41,
            "column": 35
          },
          "end": {
            "line": 43,
            "column": 9
          }
        },
        "line": 41
      },
      "7": {
        "name": "(anonymous_7)",
        "decl": {
          "start": {
            "line": 68,
            "column": 68
          },
          "end": {
            "line": 68,
            "column": 69
          }
        },
        "loc": {
          "start": {
            "line": 68,
            "column": 74
          },
          "end": {
            "line": 68,
            "column": 94
          }
        },
        "line": 68
      },
      "8": {
        "name": "(anonymous_8)",
        "decl": {
          "start": {
            "line": 81,
            "column": 17
          },
          "end": {
            "line": 81,
            "column": 18
          }
        },
        "loc": {
          "start": {
            "line": 81,
            "column": 23
          },
          "end": {
            "line": 89,
            "column": 1
          }
        },
        "line": 81
      }
    },
    "branchMap": {
      "0": {
        "loc": {
          "start": {
            "line": 20,
            "column": 8
          },
          "end": {
            "line": 20,
            "column": 85
          }
        },
        "type": "cond-expr",
        "locations": [
          {
            "start": {
              "line": 20,
              "column": 48
            },
            "end": {
              "line": 20,
              "column": 78
            }
          },
          {
            "start": {
              "line": 20,
              "column": 81
            },
            "end": {
              "line": 20,
              "column": 85
            }
          }
        ],
        "line": 20
      },
      "1": {
        "loc": {
          "start": {
            "line": 55,
            "column": 60
          },
          "end": {
            "line": 55,
            "column": 114
          }
        },
        "type": "cond-expr",
        "locations": [
          {
            "start": {
              "line": 55,
              "column": 74
            },
            "end": {
              "line": 55,
              "column": 76
            }
          },
          {
            "start": {
              "line": 55,
              "column": 81
            },
            "end": {
              "line": 55,
              "column": 113
            }
          }
        ],
        "line": 55
      },
      "2": {
        "loc": {
          "start": {
            "line": 56,
            "column": 57
          },
          "end": {
            "line": 56,
            "column": 90
          }
        },
        "type": "cond-expr",
        "locations": [
          {
            "start": {
              "line": 56,
              "column": 71
            },
            "end": {
              "line": 56,
              "column": 73
            }
          },
          {
            "start": {
              "line": 56,
              "column": 78
            },
            "end": {
              "line": 56,
              "column": 89
            }
          }
        ],
        "line": 56
      },
      "3": {
        "loc": {
          "start": {
            "line": 57,
            "column": 54
          },
          "end": {
            "line": 57,
            "column": 94
          }
        },
        "type": "cond-expr",
        "locations": [
          {
            "start": {
              "line": 57,
              "column": 73
            },
            "end": {
              "line": 57,
              "column": 75
            }
          },
          {
            "start": {
              "line": 57,
              "column": 80
            },
            "end": {
              "line": 57,
              "column": 93
            }
          }
        ],
        "line": 57
      },
      "4": {
        "loc": {
          "start": {
            "line": 58,
            "column": 53
          },
          "end": {
            "line": 58,
            "column": 93
          }
        },
        "type": "cond-expr",
        "locations": [
          {
            "start": {
              "line": 58,
              "column": 72
            },
            "end": {
              "line": 58,
              "column": 74
            }
          },
          {
            "start": {
              "line": 58,
              "column": 79
            },
            "end": {
              "line": 58,
              "column": 92
            }
          }
        ],
        "line": 58
      },
      "5": {
        "loc": {
          "start": {
            "line": 59,
            "column": 65
          },
          "end": {
            "line": 59,
            "column": 99
          }
        },
        "type": "cond-expr",
        "locations": [
          {
            "start": {
              "line": 59,
              "column": 79
            },
            "end": {
              "line": 59,
              "column": 81
            }
          },
          {
            "start": {
              "line": 59,
              "column": 86
            },
            "end": {
              "line": 59,
              "column": 98
            }
          }
        ],
        "line": 59
      },
      "6": {
        "loc": {
          "start": {
            "line": 60,
            "column": 55
          },
          "end": {
            "line": 60,
            "column": 85
          }
        },
        "type": "cond-expr",
        "locations": [
          {
            "start": {
              "line": 60,
              "column": 69
            },
            "end": {
              "line": 60,
              "column": 71
            }
          },
          {
            "start": {
              "line": 60,
              "column": 76
            },
            "end": {
              "line": 60,
              "column": 84
            }
          }
        ],
        "line": 60
      }
    },
    "s": {
      "0": 2,
      "1": 0,
      "2": 0,
      "3": 2,
      "4": 0,
      "5": 0,
      "6": 2,
      "7": 0,
      "8": 0,
      "9": 0,
      "10": 0,
      "11": 0,
      "12": 0,
      "13": 0,
      "14": 0,
      "15": 0,
      "16": 0,
      "17": 0,
      "18": 0,
      "19": 0,
      "20": 0,
      "21": 2,
      "22": 0
    },
    "f": {
      "0": 0,
      "1": 0,
      "2": 0,
      "3": 0,
      "4": 0,
      "5": 0,
      "6": 0,
      "7": 0,
      "8": 0
    },
    "b": {
      "0": [
        0,
        0
      ],
      "1": [
        0,
        0
      ],
      "2": [
        0,
        0
      ],
      "3": [
        0,
        0
      ],
      "4": [
        0,
        0
      ],
      "5": [
        0,
        0
      ],
      "6": [
        0,
        0
      ]
    },
    "_coverageSchema": "1a1c01bbd47fc00a2c39e90264f33305004495a9",
    "hash": "c97eb9eb4726bcbb5daa6af086514d597fbea64b"
  },
  "C:\\Users\\apere\\Documents\\4IIS\\ISPP\\Proyecto\\aparkapp\\aparkapp-frontend\\src\\router\\Routes.js": {
    "path": "C:\\Users\\apere\\Documents\\4IIS\\ISPP\\Proyecto\\aparkapp\\aparkapp-frontend\\src\\router\\Routes.js",
    "statementMap": {
      "0": {
        "start": {
          "line": 15,
          "column": 15
        },
        "end": {
          "line": 90,
          "column": 1
        }
      }
    },
    "fnMap": {},
    "branchMap": {},
    "s": {
      "0": 2
    },
    "f": {},
    "b": {},
    "_coverageSchema": "1a1c01bbd47fc00a2c39e90264f33305004495a9",
    "hash": "2b4d0e6b1a909ae0b81b7198daa3f584fb72f96e"
  },
  "C:\\Users\\apere\\Documents\\4IIS\\ISPP\\Proyecto\\aparkapp\\aparkapp-frontend\\src\\router\\Router.js": {
    "path": "C:\\Users\\apere\\Documents\\4IIS\\ISPP\\Proyecto\\aparkapp\\aparkapp-frontend\\src\\router\\Router.js",
    "statementMap": {
      "0": {
        "start": {
          "line": 5,
          "column": 15
        },
        "end": {
          "line": 26,
          "column": 1
        }
      },
      "1": {
        "start": {
          "line": 6,
          "column": 4
        },
        "end": {
          "line": 25,
          "column": 13
        }
      },
      "2": {
        "start": {
          "line": 8,
          "column": 12
        },
        "end": {
          "line": 23,
          "column": 21
        }
      }
    },
    "fnMap": {
      "0": {
        "name": "(anonymous_0)",
        "decl": {
          "start": {
            "line": 5,
            "column": 15
          },
          "end": {
            "line": 5,
            "column": 16
          }
        },
        "loc": {
          "start": {
            "line": 6,
            "column": 4
          },
          "end": {
            "line": 25,
            "column": 13
          }
        },
        "line": 6
      },
      "1": {
        "name": "(anonymous_1)",
        "decl": {
          "start": {
            "line": 7,
            "column": 20
          },
          "end": {
            "line": 7,
            "column": 21
          }
        },
        "loc": {
          "start": {
            "line": 8,
            "column": 12
          },
          "end": {
            "line": 23,
            "column": 21
          }
        },
        "line": 8
      }
    },
    "branchMap": {
      "0": {
        "loc": {
          "start": {
            "line": 11,
            "column": 20
          },
          "end": {
            "line": 20,
            "column": 21
          }
        },
        "type": "cond-expr",
        "locations": [
          {
            "start": {
              "line": 12,
              "column": 24
            },
            "end": {
              "line": 17,
              "column": 38
            }
          },
          {
            "start": {
              "line": 19,
              "column": 24
            },
            "end": {
              "line": 19,
              "column": 37
            }
          }
        ],
        "line": 11
      }
    },
    "s": {
      "0": 2,
      "1": 2,
      "2": 26
    },
    "f": {
      "0": 2,
      "1": 26
    },
    "b": {
      "0": [
        22,
        4
      ]
    },
    "_coverageSchema": "1a1c01bbd47fc00a2c39e90264f33305004495a9",
    "hash": "c45e898fb0e13933bcc5ed0b6d0ad535377ccb16"
  },
  "C:\\Users\\apere\\Documents\\4IIS\\ISPP\\Proyecto\\aparkapp\\aparkapp-frontend\\src\\App.js": {
    "path": "C:\\Users\\apere\\Documents\\4IIS\\ISPP\\Proyecto\\aparkapp\\aparkapp-frontend\\src\\App.js",
    "statementMap": {
      "0": {
        "start": {
          "line": 6,
          "column": 2
        },
        "end": {
          "line": 11,
          "column": 4
        }
      }
    },
    "fnMap": {
      "0": {
        "name": "App",
        "decl": {
          "start": {
            "line": 5,
            "column": 9
          },
          "end": {
            "line": 5,
            "column": 12
          }
        },
        "loc": {
          "start": {
            "line": 5,
            "column": 15
          },
          "end": {
            "line": 12,
            "column": 1
          }
        },
        "line": 5
      }
    },
    "branchMap": {},
    "s": {
      "0": 2
    },
    "f": {
      "0": 2
    },
    "b": {},
    "_coverageSchema": "1a1c01bbd47fc00a2c39e90264f33305004495a9",
    "hash": "7ed04c091ddbda3598e38195fa2991d9d666cbd2"
  },
  "C:\\Users\\apere\\Documents\\4IIS\\ISPP\\Proyecto\\aparkapp\\aparkapp-frontend\\src\\reportWebVitals.js": {
    "path": "C:\\Users\\apere\\Documents\\4IIS\\ISPP\\Proyecto\\aparkapp\\aparkapp-frontend\\src\\reportWebVitals.js",
    "statementMap": {
      "0": {
        "start": {
          "line": 1,
          "column": 24
        },
        "end": {
          "line": 11,
          "column": 1
        }
      },
      "1": {
        "start": {
          "line": 2,
          "column": 2
        },
        "end": {
          "line": 10,
          "column": 3
        }
      },
      "2": {
        "start": {
          "line": 3,
          "column": 4
        },
        "end": {
          "line": 9,
          "column": 7
        }
      },
      "3": {
        "start": {
          "line": 4,
          "column": 6
        },
        "end": {
          "line": 4,
          "column": 26
        }
      },
      "4": {
        "start": {
          "line": 5,
          "column": 6
        },
        "end": {
          "line": 5,
          "column": 26
        }
      },
      "5": {
        "start": {
          "line": 6,
          "column": 6
        },
        "end": {
          "line": 6,
          "column": 26
        }
      },
      "6": {
        "start": {
          "line": 7,
          "column": 6
        },
        "end": {
          "line": 7,
          "column": 26
        }
      },
      "7": {
        "start": {
          "line": 8,
          "column": 6
        },
        "end": {
          "line": 8,
          "column": 27
        }
      }
    },
    "fnMap": {
      "0": {
        "name": "(anonymous_0)",
        "decl": {
          "start": {
            "line": 1,
            "column": 24
          },
          "end": {
            "line": 1,
            "column": 25
          }
        },
        "loc": {
          "start": {
            "line": 1,
            "column": 39
          },
          "end": {
            "line": 11,
            "column": 1
          }
        },
        "line": 1
      },
      "1": {
        "name": "(anonymous_1)",
        "decl": {
          "start": {
            "line": 3,
            "column": 30
          },
          "end": {
            "line": 3,
            "column": 31
          }
        },
        "loc": {
          "start": {
            "line": 3,
            "column": 79
          },
          "end": {
            "line": 9,
            "column": 5
          }
        },
        "line": 3
      }
    },
    "branchMap": {
      "0": {
        "loc": {
          "start": {
            "line": 2,
            "column": 2
          },
          "end": {
            "line": 10,
            "column": 3
          }
        },
        "type": "if",
        "locations": [
          {
            "start": {
              "line": 2,
              "column": 2
            },
            "end": {
              "line": 10,
              "column": 3
            }
          },
          {
            "start": {
              "line": 2,
              "column": 2
            },
            "end": {
              "line": 10,
              "column": 3
            }
          }
        ],
        "line": 2
      },
      "1": {
        "loc": {
          "start": {
            "line": 2,
            "column": 6
          },
          "end": {
            "line": 2,
            "column": 52
          }
        },
        "type": "binary-expr",
        "locations": [
          {
            "start": {
              "line": 2,
              "column": 6
            },
            "end": {
              "line": 2,
              "column": 17
            }
          },
          {
            "start": {
              "line": 2,
              "column": 21
            },
            "end": {
              "line": 2,
              "column": 52
            }
          }
        ],
        "line": 2
      }
    },
    "s": {
      "0": 2,
      "1": 2,
      "2": 0,
      "3": 0,
      "4": 0,
      "5": 0,
      "6": 0,
      "7": 0
    },
    "f": {
      "0": 2,
      "1": 0
    },
    "b": {
      "0": [
        0,
        2
      ],
      "1": [
        2,
        0
      ]
    },
    "_coverageSchema": "1a1c01bbd47fc00a2c39e90264f33305004495a9",
    "hash": "7dd0e83b3cfbc83378d6dcdab1f0158d6652325b"
  },
  "C:\\Users\\apere\\Documents\\4IIS\\ISPP\\Proyecto\\aparkapp\\aparkapp-frontend\\src\\index.js": {
    "path": "C:\\Users\\apere\\Documents\\4IIS\\ISPP\\Proyecto\\aparkapp\\aparkapp-frontend\\src\\index.js",
    "statementMap": {
      "0": {
        "start": {
          "line": 15,
          "column": 0
        },
        "end": {
          "line": 15,
          "column": 25
        }
      },
      "1": {
        "start": {
          "line": 17,
          "column": 0
        },
        "end": {
          "line": 26,
          "column": 2
        }
      },
      "2": {
        "start": {
          "line": 31,
          "column": 0
        },
        "end": {
          "line": 31,
          "column": 18
        }
      }
    },
    "fnMap": {},
    "branchMap": {},
    "s": {
      "0": 2,
      "1": 2,
      "2": 2
    },
    "f": {},
    "b": {},
    "_coverageSchema": "1a1c01bbd47fc00a2c39e90264f33305004495a9",
    "hash": "d1eb9021a4447bf715a5cf6ae4fcff266f406c29"
  }
}