<?xml version="1.0" encoding="UTF-8"?>
<coverage generated="1651005438563" clover="3.2.0">
  <project timestamp="1651005438564" name="All files">
    <metrics statements="1279" coveredstatements="881" conditionals="613" coveredconditionals="376" methods="384" coveredmethods="230" elements="2276" coveredelements="1487" complexity="0" loc="1279" ncloc="1279" packages="7" files="35" classes="35"/>
    <package name="src">
      <metrics statements="20" coveredstatements="14" conditionals="10" coveredconditionals="8" methods="5" coveredmethods="4"/>
      <file name="App.js" path="C:\Users\manue\Desktop\Proyecto ISPP\aparkapp-frontend\src\App.js">
        <metrics statements="9" coveredstatements="9" conditionals="6" coveredconditionals="6" methods="3" coveredmethods="3"/>
        <line num="9" count="140" type="stmt"/>
        <line num="10" count="140" type="stmt"/>
        <line num="11" count="70" type="stmt"/>
        <line num="12" count="70" type="stmt"/>
        <line num="13" count="70" type="cond" truecount="4" falsecount="0"/>
        <line num="14" count="66" type="stmt"/>
        <line num="16" count="4" type="stmt"/>
        <line num="17" count="4" type="stmt"/>
        <line num="21" count="140" type="cond" truecount="2" falsecount="0"/>
      </file>
      <file name="index.js" path="C:\Users\manue\Desktop\Proyecto ISPP\aparkapp-frontend\src\index.js">
        <metrics statements="3" coveredstatements="3" conditionals="0" coveredconditionals="0" methods="0" coveredmethods="0"/>
        <line num="16" count="70" type="stmt"/>
        <line num="18" count="70" type="stmt"/>
        <line num="32" count="70" type="stmt"/>
      </file>
      <file name="reportWebVitals.js" path="C:\Users\manue\Desktop\Proyecto ISPP\aparkapp-frontend\src\reportWebVitals.js">
        <metrics statements="8" coveredstatements="2" conditionals="4" coveredconditionals="2" methods="2" coveredmethods="1"/>
        <line num="1" count="70" type="stmt"/>
        <line num="2" count="70" type="cond" truecount="2" falsecount="2"/>
        <line num="3" count="0" type="stmt"/>
        <line num="4" count="0" type="stmt"/>
        <line num="5" count="0" type="stmt"/>
        <line num="6" count="0" type="stmt"/>
        <line num="7" count="0" type="stmt"/>
        <line num="8" count="0" type="stmt"/>
      </file>
    </package>
    <package name="src.api">
      <metrics statements="128" coveredstatements="74" conditionals="88" coveredconditionals="34" methods="40" coveredmethods="29"/>
      <file name="api.js" path="C:\Users\manue\Desktop\Proyecto ISPP\aparkapp-frontend\src\api\api.js">
        <metrics statements="128" coveredstatements="74" conditionals="88" coveredconditionals="34" methods="40" coveredmethods="29"/>
        <line num="5" count="70" type="stmt"/>
        <line num="6" count="70" type="stmt"/>
        <line num="7" count="70" type="stmt"/>
        <line num="10" count="424" type="stmt"/>
        <line num="14" count="4" type="stmt"/>
        <line num="18" count="4" type="cond" truecount="1" falsecount="1"/>
        <line num="19" count="0" type="stmt"/>
        <line num="21" count="4" type="stmt"/>
        <line num="22" count="4" type="stmt"/>
        <line num="23" count="4" type="stmt"/>
        <line num="24" count="4" type="stmt"/>
        <line num="28" count="424" type="stmt"/>
        <line num="29" count="424" type="stmt"/>
        <line num="30" count="424" type="stmt"/>
        <line num="31" count="424" type="stmt"/>
        <line num="32" count="424" type="cond" truecount="1" falsecount="1"/>
        <line num="33" count="0" type="stmt"/>
        <line num="34" count="0" type="cond" truecount="0" falsecount="2"/>
        <line num="35" count="0" type="stmt"/>
        <line num="38" count="424" type="stmt"/>
        <line num="42" count="482" type="stmt"/>
        <line num="44" count="4" type="cond" truecount="1" falsecount="1"/>
        <line num="45" count="4" type="cond" truecount="4" falsecount="0"/>
        <line num="47" count="1" type="stmt"/>
        <line num="49" count="4" type="cond" truecount="2" falsecount="0"/>
        <line num="50" count="1" type="stmt"/>
        <line num="53" count="4" type="stmt"/>
        <line num="58" count="405" type="cond" truecount="1" falsecount="1"/>
        <line num="61" count="405" type="stmt"/>
        <line num="65" count="12" type="cond" truecount="1" falsecount="1"/>
        <line num="68" count="12" type="stmt"/>
        <line num="72" count="65" type="cond" truecount="2" falsecount="0"/>
        <line num="75" count="65" type="stmt"/>
        <line num="79" count="0" type="cond" truecount="0" falsecount="2"/>
        <line num="82" count="0" type="stmt"/>
        <line num="87" count="52" type="stmt"/>
        <line num="88" count="52" type="cond" truecount="2" falsecount="0"/>
        <line num="89" count="49" type="stmt"/>
        <line num="90" count="49" type="stmt"/>
        <line num="91" count="49" type="stmt"/>
        <line num="93" count="3" type="stmt"/>
        <line num="98" count="2" type="stmt"/>
        <line num="99" count="2" type="cond" truecount="1" falsecount="1"/>
        <line num="100" count="2" type="stmt"/>
        <line num="102" count="0" type="stmt"/>
        <line num="107" count="4" type="stmt"/>
        <line num="108" count="4" type="cond" truecount="1" falsecount="1"/>
        <line num="109" count="0" type="stmt"/>
        <line num="113" count="0" type="stmt"/>
        <line num="114" count="0" type="cond" truecount="0" falsecount="2"/>
        <line num="115" count="0" type="stmt"/>
        <line num="119" count="29" type="stmt"/>
        <line num="120" count="28" type="cond" truecount="1" falsecount="1"/>
        <line num="121" count="0" type="stmt"/>
        <line num="125" count="9" type="stmt"/>
        <line num="126" count="8" type="cond" truecount="1" falsecount="1"/>
        <line num="127" count="0" type="stmt"/>
        <line num="131" count="0" type="stmt"/>
        <line num="132" count="0" type="cond" truecount="0" falsecount="2"/>
        <line num="133" count="0" type="stmt"/>
        <line num="137" count="0" type="stmt"/>
        <line num="138" count="0" type="cond" truecount="0" falsecount="2"/>
        <line num="139" count="0" type="stmt"/>
        <line num="143" count="9" type="stmt"/>
        <line num="144" count="9" type="cond" truecount="1" falsecount="1"/>
        <line num="145" count="0" type="stmt"/>
        <line num="149" count="0" type="stmt"/>
        <line num="150" count="0" type="cond" truecount="0" falsecount="2"/>
        <line num="151" count="0" type="cond" truecount="0" falsecount="2"/>
        <line num="152" count="0" type="stmt"/>
        <line num="156" count="2" type="stmt"/>
        <line num="157" count="2" type="cond" truecount="1" falsecount="1"/>
        <line num="158" count="0" type="stmt"/>
        <line num="162" count="2" type="stmt"/>
        <line num="163" count="2" type="cond" truecount="1" falsecount="1"/>
        <line num="164" count="0" type="stmt"/>
        <line num="168" count="2" type="stmt"/>
        <line num="169" count="2" type="cond" truecount="1" falsecount="1"/>
        <line num="170" count="0" type="stmt"/>
        <line num="174" count="6" type="stmt"/>
        <line num="175" count="6" type="cond" truecount="1" falsecount="1"/>
        <line num="176" count="0" type="stmt"/>
        <line num="180" count="0" type="stmt"/>
        <line num="181" count="0" type="cond" truecount="0" falsecount="2"/>
        <line num="182" count="0" type="stmt"/>
        <line num="186" count="22" type="stmt"/>
        <line num="187" count="22" type="cond" truecount="1" falsecount="1"/>
        <line num="188" count="0" type="stmt"/>
        <line num="192" count="22" type="stmt"/>
        <line num="193" count="21" type="cond" truecount="1" falsecount="1"/>
        <line num="194" count="0" type="stmt"/>
        <line num="198" count="2" type="stmt"/>
        <line num="199" count="2" type="cond" truecount="1" falsecount="1"/>
        <line num="200" count="0" type="stmt"/>
        <line num="204" count="0" type="stmt"/>
        <line num="205" count="0" type="cond" truecount="0" falsecount="2"/>
        <line num="206" count="0" type="stmt"/>
        <line num="210" count="304" type="stmt"/>
        <line num="211" count="300" type="cond" truecount="1" falsecount="1"/>
        <line num="212" count="0" type="stmt"/>
        <line num="216" count="2" type="stmt"/>
        <line num="217" count="2" type="cond" truecount="1" falsecount="1"/>
        <line num="218" count="2" type="stmt"/>
        <line num="222" count="0" type="stmt"/>
        <line num="223" count="0" type="cond" truecount="0" falsecount="2"/>
        <line num="224" count="0" type="stmt"/>
        <line num="228" count="2" type="stmt"/>
        <line num="229" count="2" type="cond" truecount="1" falsecount="1"/>
        <line num="230" count="0" type="stmt"/>
        <line num="234" count="3" type="stmt"/>
        <line num="235" count="3" type="cond" truecount="2" falsecount="0"/>
        <line num="236" count="1" type="stmt"/>
        <line num="240" count="0" type="stmt"/>
        <line num="241" count="0" type="cond" truecount="0" falsecount="2"/>
        <line num="242" count="0" type="stmt"/>
        <line num="246" count="2" type="stmt"/>
        <line num="247" count="2" type="cond" truecount="1" falsecount="1"/>
        <line num="248" count="0" type="stmt"/>
        <line num="252" count="2" type="stmt"/>
        <line num="253" count="2" type="cond" truecount="1" falsecount="1"/>
        <line num="254" count="0" type="stmt"/>
        <line num="258" count="0" type="stmt"/>
        <line num="259" count="0" type="cond" truecount="0" falsecount="2"/>
        <line num="260" count="0" type="cond" truecount="0" falsecount="2"/>
        <line num="261" count="0" type="stmt"/>
        <line num="265" count="0" type="stmt"/>
        <line num="266" count="0" type="cond" truecount="0" falsecount="2"/>
        <line num="267" count="0" type="stmt"/>
      </file>
    </package>
    <package name="src.components">
      <metrics statements="34" coveredstatements="32" conditionals="10" coveredconditionals="10" methods="15" coveredmethods="13"/>
      <file name="Headerbar.js" path="C:\Users\manue\Desktop\Proyecto ISPP\aparkapp-frontend\src\components\Headerbar.js">
        <metrics statements="34" coveredstatements="32" conditionals="10" coveredconditionals="10" methods="15" coveredmethods="13"/>
        <line num="10" count="70" type="stmt"/>
        <line num="11" count="468" type="stmt"/>
        <line num="12" count="468" type="stmt"/>
        <line num="13" count="468" type="stmt"/>
        <line num="14" count="468" type="stmt"/>
        <line num="15" count="468" type="stmt"/>
        <line num="16" count="468" type="stmt"/>
        <line num="18" count="468" type="cond" truecount="4" falsecount="0"/>
        <line num="19" count="102" type="stmt"/>
        <line num="20" count="99" type="stmt"/>
        <line num="21" count="99" type="stmt"/>
        <line num="24" count="468" type="stmt"/>
        <line num="25" count="214" type="cond" truecount="2" falsecount="0"/>
        <line num="26" count="146" type="stmt"/>
        <line num="27" count="41" type="cond" truecount="2" falsecount="0"/>
        <line num="28" count="14" type="stmt"/>
        <line num="29" count="14" type="stmt"/>
        <line num="30" count="14" type="stmt"/>
        <line num="31" count="14" type="stmt"/>
        <line num="35" count="27" type="stmt"/>
        <line num="38" count="146" type="stmt"/>
        <line num="44" count="468" type="stmt"/>
        <line num="49" count="0" type="stmt"/>
        <line num="56" count="18" type="stmt"/>
        <line num="63" count="0" type="stmt"/>
        <line num="71" count="6" type="stmt"/>
        <line num="78" count="7" type="stmt"/>
        <line num="85" count="2" type="stmt"/>
        <line num="90" count="468" type="stmt"/>
        <line num="95" count="2" type="stmt"/>
        <line num="103" count="54" type="stmt"/>
        <line num="110" count="4" type="stmt"/>
        <line num="116" count="468" type="stmt"/>
        <line num="120" count="468" type="stmt"/>
      </file>
    </package>
    <package name="src.components.views">
      <metrics statements="1016" coveredstatements="681" conditionals="481" coveredconditionals="306" methods="307" coveredmethods="167"/>
      <file name="AboutUs.js" path="C:\Users\manue\Desktop\Proyecto ISPP\aparkapp-frontend\src\components\views\AboutUs.js">
        <metrics statements="2" coveredstatements="2" conditionals="0" coveredconditionals="0" methods="1" coveredmethods="1"/>
        <line num="1" count="70" type="stmt"/>
        <line num="2" count="4" type="stmt"/>
      </file>
      <file name="Activity.js" path="C:\Users\manue\Desktop\Proyecto ISPP\aparkapp-frontend\src\components\views\Activity.js">
        <metrics statements="296" coveredstatements="202" conditionals="177" coveredconditionals="121" methods="84" coveredmethods="47"/>
        <line num="26" count="70" type="stmt"/>
        <line num="27" count="0" type="stmt"/>
        <line num="30" count="0" type="stmt"/>
        <line num="31" count="0" type="cond" truecount="0" falsecount="2"/>
        <line num="32" count="0" type="stmt"/>
        <line num="33" count="0" type="stmt"/>
        <line num="34" count="0" type="stmt"/>
        <line num="37" count="0" type="stmt"/>
        <line num="38" count="0" type="stmt"/>
        <line num="39" count="0" type="stmt"/>
        <line num="41" count="0" type="stmt"/>
        <line num="42" count="0" type="stmt"/>
        <line num="43" count="0" type="stmt"/>
        <line num="47" count="70" type="stmt"/>
        <line num="49" count="406" type="cond" truecount="3" falsecount="2"/>
        <line num="50" count="0" type="stmt"/>
        <line num="51" count="406" type="cond" truecount="4" falsecount="0"/>
        <line num="52" count="68" type="stmt"/>
        <line num="53" count="338" type="cond" truecount="2" falsecount="0"/>
        <line num="54" count="68" type="stmt"/>
        <line num="55" count="270" type="cond" truecount="4" falsecount="0"/>
        <line num="56" count="68" type="stmt"/>
        <line num="57" count="202" type="cond" truecount="1" falsecount="1"/>
        <line num="58" count="0" type="stmt"/>
        <line num="60" count="202" type="stmt"/>
        <line num="63" count="406" type="stmt"/>
        <line num="64" count="4" type="stmt"/>
        <line num="65" count="4" type="stmt"/>
        <line num="68" count="406" type="stmt"/>
        <line num="69" count="0" type="stmt"/>
        <line num="70" count="0" type="cond" truecount="0" falsecount="5"/>
        <line num="71" count="0" type="stmt"/>
        <line num="77" count="0" type="stmt"/>
        <line num="80" count="406" type="stmt"/>
        <line num="81" count="2" type="stmt"/>
        <line num="82" count="2" type="stmt"/>
        <line num="84" count="406" type="stmt"/>
        <line num="109" count="0" type="stmt"/>
        <line num="119" count="2" type="stmt"/>
        <line num="128" count="70" type="stmt"/>
        <line num="129" count="2" type="stmt"/>
        <line num="132" count="2" type="stmt"/>
        <line num="134" count="2" type="stmt"/>
        <line num="135" count="2" type="stmt"/>
        <line num="136" count="2" type="stmt"/>
        <line num="138" count="2" type="stmt"/>
        <line num="139" count="2" type="stmt"/>
        <line num="140" count="2" type="stmt"/>
        <line num="144" count="70" type="stmt"/>
        <line num="147" count="256" type="cond" truecount="4" falsecount="0"/>
        <line num="148" count="130" type="stmt"/>
        <line num="149" count="126" type="cond" truecount="4" falsecount="0"/>
        <line num="150" count="64" type="stmt"/>
        <line num="152" count="62" type="stmt"/>
        <line num="155" count="256" type="stmt"/>
        <line num="156" count="62" type="stmt"/>
        <line num="158" count="62" type="cond" truecount="3" falsecount="1"/>
        <line num="159" count="62" type="stmt"/>
        <line num="165" count="62" type="stmt"/>
        <line num="168" count="256" type="stmt"/>
        <line num="169" count="4" type="stmt"/>
        <line num="174" count="2" type="stmt"/>
        <line num="177" count="256" type="stmt"/>
        <line num="178" count="0" type="stmt"/>
        <line num="179" count="0" type="stmt"/>
        <line num="182" count="256" type="stmt"/>
        <line num="200" count="4" type="stmt"/>
        <line num="206" count="0" type="stmt"/>
        <line num="214" count="70" type="stmt"/>
        <line num="215" count="236" type="stmt"/>
        <line num="216" count="236" type="stmt"/>
        <line num="217" count="236" type="stmt"/>
        <line num="218" count="236" type="stmt"/>
        <line num="219" count="236" type="stmt"/>
        <line num="221" count="236" type="stmt"/>
        <line num="222" count="236" type="stmt"/>
        <line num="223" count="236" type="stmt"/>
        <line num="224" count="236" type="stmt"/>
        <line num="225" count="236" type="stmt"/>
        <line num="226" count="236" type="stmt"/>
        <line num="227" count="236" type="stmt"/>
        <line num="228" count="236" type="stmt"/>
        <line num="229" count="236" type="stmt"/>
        <line num="230" count="236" type="stmt"/>
        <line num="231" count="236" type="stmt"/>
        <line num="232" count="236" type="stmt"/>
        <line num="234" count="236" type="stmt"/>
        <line num="235" count="236" type="stmt"/>
        <line num="236" count="236" type="stmt"/>
        <line num="237" count="236" type="stmt"/>
        <line num="238" count="236" type="stmt"/>
        <line num="239" count="236" type="stmt"/>
        <line num="240" count="236" type="stmt"/>
        <line num="241" count="236" type="stmt"/>
        <line num="242" count="236" type="stmt"/>
        <line num="243" count="236" type="stmt"/>
        <line num="244" count="236" type="stmt"/>
        <line num="245" count="236" type="stmt"/>
        <line num="246" count="236" type="stmt"/>
        <line num="247" count="236" type="stmt"/>
        <line num="248" count="236" type="stmt"/>
        <line num="249" count="236" type="stmt"/>
        <line num="250" count="236" type="stmt"/>
        <line num="251" count="236" type="stmt"/>
        <line num="252" count="236" type="stmt"/>
        <line num="253" count="236" type="stmt"/>
        <line num="254" count="236" type="stmt"/>
        <line num="255" count="236" type="stmt"/>
        <line num="256" count="236" type="stmt"/>
        <line num="257" count="236" type="stmt"/>
        <line num="259" count="236" type="stmt"/>
        <line num="260" count="18" type="stmt"/>
        <line num="261" count="18" type="stmt"/>
        <line num="262" count="18" type="stmt"/>
        <line num="264" count="18" type="stmt"/>
        <line num="265" count="18" type="stmt"/>
        <line num="266" count="18" type="stmt"/>
        <line num="268" count="18" type="stmt"/>
        <line num="269" count="18" type="stmt"/>
        <line num="271" count="18" type="stmt"/>
        <line num="272" count="18" type="stmt"/>
        <line num="274" count="18" type="stmt"/>
        <line num="275" count="18" type="stmt"/>
        <line num="278" count="18" type="stmt"/>
        <line num="279" count="2" type="stmt"/>
        <line num="284" count="236" type="stmt"/>
        <line num="286" count="22" type="cond" truecount="2" falsecount="0"/>
        <line num="287" count="4" type="stmt"/>
        <line num="288" count="4" type="stmt"/>
        <line num="289" count="4" type="stmt"/>
        <line num="290" count="4" type="stmt"/>
        <line num="291" count="4" type="cond" truecount="1" falsecount="1"/>
        <line num="292" count="4" type="stmt"/>
        <line num="293" count="4" type="stmt"/>
        <line num="294" count="4" type="cond" truecount="1" falsecount="1"/>
        <line num="297" count="22" type="stmt"/>
        <line num="301" count="236" type="stmt"/>
        <line num="302" count="0" type="stmt"/>
        <line num="303" count="0" type="stmt"/>
        <line num="304" count="0" type="stmt"/>
        <line num="307" count="236" type="stmt"/>
        <line num="308" count="2124" type="cond" truecount="2" falsecount="0"/>
        <line num="311" count="236" type="stmt"/>
        <line num="312" count="4" type="stmt"/>
        <line num="313" count="4" type="cond" truecount="1" falsecount="1"/>
        <line num="314" count="4" type="cond" truecount="1" falsecount="1"/>
        <line num="315" count="4" type="cond" truecount="4" falsecount="0"/>
        <line num="316" count="4" type="cond" truecount="1" falsecount="1"/>
        <line num="317" count="4" type="cond" truecount="1" falsecount="1"/>
        <line num="318" count="4" type="cond" truecount="1" falsecount="1"/>
        <line num="319" count="4" type="cond" truecount="1" falsecount="1"/>
        <line num="320" count="4" type="stmt"/>
        <line num="322" count="4" type="cond" truecount="2" falsecount="0"/>
        <line num="323" count="2" type="stmt"/>
        <line num="327" count="236" type="stmt"/>
        <line num="328" count="4" type="stmt"/>
        <line num="329" count="2" type="stmt"/>
        <line num="331" count="2" type="stmt"/>
        <line num="343" count="2" type="stmt"/>
        <line num="344" count="2" type="cond" truecount="1" falsecount="1"/>
        <line num="345" count="2" type="stmt"/>
        <line num="346" count="2" type="stmt"/>
        <line num="347" count="2" type="stmt"/>
        <line num="349" count="2" type="stmt"/>
        <line num="350" count="1" type="stmt"/>
        <line num="351" count="1" type="stmt"/>
        <line num="353" count="2" type="stmt"/>
        <line num="354" count="2" type="stmt"/>
        <line num="356" count="0" type="stmt"/>
        <line num="357" count="0" type="stmt"/>
        <line num="358" count="0" type="stmt"/>
        <line num="363" count="236" type="stmt"/>
        <line num="368" count="236" type="stmt"/>
        <line num="370" count="236" type="stmt"/>
        <line num="375" count="236" type="stmt"/>
        <line num="376" count="0" type="stmt"/>
        <line num="379" count="236" type="stmt"/>
        <line num="380" count="0" type="stmt"/>
        <line num="383" count="236" type="stmt"/>
        <line num="384" count="0" type="stmt"/>
        <line num="385" count="0" type="stmt"/>
        <line num="386" count="0" type="stmt"/>
        <line num="389" count="236" type="stmt"/>
        <line num="390" count="0" type="stmt"/>
        <line num="398" count="0" type="stmt"/>
        <line num="399" count="0" type="stmt"/>
        <line num="400" count="0" type="stmt"/>
        <line num="403" count="236" type="stmt"/>
        <line num="404" count="0" type="stmt"/>
        <line num="405" count="0" type="stmt"/>
        <line num="408" count="236" type="stmt"/>
        <line num="409" count="0" type="stmt"/>
        <line num="410" count="0" type="stmt"/>
        <line num="414" count="236" type="stmt"/>
        <line num="419" count="236" type="stmt"/>
        <line num="425" count="236" type="stmt"/>
        <line num="426" count="6" type="stmt"/>
        <line num="429" count="236" type="stmt"/>
        <line num="430" count="2" type="stmt"/>
        <line num="431" count="2" type="stmt"/>
        <line num="432" count="2" type="cond" truecount="1" falsecount="1"/>
        <line num="433" count="0" type="stmt"/>
        <line num="434" count="0" type="cond" truecount="0" falsecount="5"/>
        <line num="436" count="0" type="stmt"/>
        <line num="439" count="2" type="cond" truecount="1" falsecount="1"/>
        <line num="440" count="0" type="stmt"/>
        <line num="441" count="0" type="cond" truecount="0" falsecount="4"/>
        <line num="443" count="0" type="stmt"/>
        <line num="444" count="0" type="cond" truecount="0" falsecount="2"/>
        <line num="448" count="2" type="cond" truecount="1" falsecount="1"/>
        <line num="449" count="2" type="stmt"/>
        <line num="450" count="10" type="cond" truecount="3" falsecount="0"/>
        <line num="454" count="2" type="cond" truecount="1" falsecount="1"/>
        <line num="455" count="2" type="stmt"/>
        <line num="456" count="10" type="cond" truecount="3" falsecount="0"/>
        <line num="460" count="2" type="cond" truecount="1" falsecount="1"/>
        <line num="461" count="2" type="stmt"/>
        <line num="462" count="10" type="cond" truecount="2" falsecount="1"/>
        <line num="466" count="2" type="cond" truecount="1" falsecount="1"/>
        <line num="467" count="0" type="stmt"/>
        <line num="468" count="0" type="cond" truecount="0" falsecount="2"/>
        <line num="472" count="2" type="stmt"/>
        <line num="473" count="2" type="stmt"/>
        <line num="475" count="2" type="stmt"/>
        <line num="476" count="2" type="stmt"/>
        <line num="477" count="2" type="stmt"/>
        <line num="480" count="236" type="stmt"/>
        <line num="483" count="0" type="stmt"/>
        <line num="484" count="0" type="stmt"/>
        <line num="485" count="0" type="stmt"/>
        <line num="486" count="0" type="stmt"/>
        <line num="487" count="0" type="stmt"/>
        <line num="488" count="0" type="stmt"/>
        <line num="489" count="0" type="stmt"/>
        <line num="490" count="0" type="stmt"/>
        <line num="491" count="0" type="stmt"/>
        <line num="495" count="236" type="stmt"/>
        <line num="496" count="0" type="stmt"/>
        <line num="499" count="236" type="stmt"/>
        <line num="500" count="2" type="stmt"/>
        <line num="505" count="2" type="cond" truecount="1" falsecount="1"/>
        <line num="506" count="0" type="stmt"/>
        <line num="507" count="0" type="stmt"/>
        <line num="509" count="2" type="cond" truecount="3" falsecount="1"/>
        <line num="510" count="0" type="stmt"/>
        <line num="511" count="0" type="stmt"/>
        <line num="514" count="2" type="stmt"/>
        <line num="515" count="2" type="stmt"/>
        <line num="516" count="2" type="cond" truecount="1" falsecount="1"/>
        <line num="517" count="0" type="stmt"/>
        <line num="518" count="0" type="stmt"/>
        <line num="520" count="2" type="stmt"/>
        <line num="521" count="2" type="stmt"/>
        <line num="525" count="236" type="stmt"/>
        <line num="526" count="0" type="stmt"/>
        <line num="531" count="0" type="cond" truecount="0" falsecount="2"/>
        <line num="532" count="0" type="stmt"/>
        <line num="533" count="0" type="stmt"/>
        <line num="536" count="0" type="cond" truecount="0" falsecount="4"/>
        <line num="537" count="0" type="stmt"/>
        <line num="538" count="0" type="stmt"/>
        <line num="541" count="0" type="stmt"/>
        <line num="542" count="0" type="stmt"/>
        <line num="543" count="0" type="cond" truecount="0" falsecount="2"/>
        <line num="544" count="0" type="stmt"/>
        <line num="545" count="0" type="stmt"/>
        <line num="547" count="0" type="stmt"/>
        <line num="548" count="0" type="stmt"/>
        <line num="552" count="236" type="stmt"/>
        <line num="557" count="6" type="stmt"/>
        <line num="562" count="256" type="stmt"/>
        <line num="578" count="406" type="stmt"/>
        <line num="598" count="0" type="stmt"/>
        <line num="602" count="0" type="stmt"/>
        <line num="606" count="0" type="stmt"/>
        <line num="613" count="2" type="stmt"/>
        <line num="618" count="2" type="stmt"/>
        <line num="622" count="2" type="stmt"/>
        <line num="642" count="218" type="stmt"/>
        <line num="646" count="0" type="stmt"/>
        <line num="650" count="2" type="stmt"/>
        <line num="654" count="0" type="stmt"/>
        <line num="658" count="0" type="stmt"/>
        <line num="667" count="0" type="stmt"/>
        <line num="671" count="2" type="stmt"/>
        <line num="672" count="2" type="stmt"/>
        <line num="677" count="0" type="stmt"/>
        <line num="681" count="0" type="stmt"/>
        <line num="700" count="0" type="stmt"/>
        <line num="704" count="2" type="stmt"/>
        <line num="706" count="34" type="stmt"/>
        <line num="707" count="2" type="stmt"/>
        <line num="711" count="0" type="stmt"/>
        <line num="715" count="0" type="stmt"/>
        <line num="717" count="0" type="stmt"/>
        <line num="718" count="0" type="stmt"/>
      </file>
      <file name="Contact.js" path="C:\Users\manue\Desktop\Proyecto ISPP\aparkapp-frontend\src\components\views\Contact.js">
        <metrics statements="2" coveredstatements="2" conditionals="0" coveredconditionals="0" methods="1" coveredmethods="1"/>
        <line num="4" count="70" type="stmt"/>
        <line num="6" count="2" type="stmt"/>
      </file>
      <file name="Credit.js" path="C:\Users\manue\Desktop\Proyecto ISPP\aparkapp-frontend\src\components\views\Credit.js">
        <metrics statements="46" coveredstatements="35" conditionals="14" coveredconditionals="13" methods="19" coveredmethods="10"/>
        <line num="12" count="70" type="stmt"/>
        <line num="13" count="180" type="stmt"/>
        <line num="14" count="180" type="stmt"/>
        <line num="15" count="180" type="stmt"/>
        <line num="16" count="180" type="stmt"/>
        <line num="19" count="180" type="stmt"/>
        <line num="20" count="6" type="stmt"/>
        <line num="21" count="6" type="stmt"/>
        <line num="22" count="6" type="cond" truecount="2" falsecount="0"/>
        <line num="23" count="2" type="stmt"/>
        <line num="24" count="6" type="cond" truecount="1" falsecount="1"/>
        <line num="25" count="0" type="stmt"/>
        <line num="26" count="6" type="cond" truecount="2" falsecount="0"/>
        <line num="27" count="2" type="stmt"/>
        <line num="28" count="6" type="cond" truecount="2" falsecount="0"/>
        <line num="29" count="2" type="stmt"/>
        <line num="30" count="6" type="cond" truecount="2" falsecount="0"/>
        <line num="31" count="2" type="stmt"/>
        <line num="34" count="180" type="stmt"/>
        <line num="35" count="179" type="stmt"/>
        <line num="36" count="179" type="stmt"/>
        <line num="39" count="180" type="stmt"/>
        <line num="40" count="0" type="stmt"/>
        <line num="41" count="0" type="stmt"/>
        <line num="42" count="0" type="stmt"/>
        <line num="46" count="180" type="stmt"/>
        <line num="47" count="6" type="stmt"/>
        <line num="48" count="6" type="cond" truecount="4" falsecount="0"/>
        <line num="49" count="2" type="stmt"/>
        <line num="55" count="2" type="stmt"/>
        <line num="60" count="180" type="stmt"/>
        <line num="61" count="2" type="stmt"/>
        <line num="62" count="2" type="stmt"/>
        <line num="63" count="2" type="stmt"/>
        <line num="64" count="2" type="stmt"/>
        <line num="65" count="2" type="stmt"/>
        <line num="69" count="180" type="stmt"/>
        <line num="77" count="0" type="stmt"/>
        <line num="78" count="0" type="stmt"/>
        <line num="79" count="0" type="stmt"/>
        <line num="80" count="0" type="stmt"/>
        <line num="81" count="0" type="stmt"/>
        <line num="90" count="80" type="stmt"/>
        <line num="92" count="6" type="stmt"/>
        <line num="93" count="0" type="stmt"/>
        <line num="94" count="0" type="stmt"/>
      </file>
      <file name="Error.js" path="C:\Users\manue\Desktop\Proyecto ISPP\aparkapp-frontend\src\components\views\Error.js">
        <metrics statements="2" coveredstatements="2" conditionals="2" coveredconditionals="2" methods="1" coveredmethods="1"/>
        <line num="6" count="70" type="stmt"/>
        <line num="7" count="6" type="stmt"/>
      </file>
      <file name="Home.js" path="C:\Users\manue\Desktop\Proyecto ISPP\aparkapp-frontend\src\components\views\Home.js">
        <metrics statements="2" coveredstatements="2" conditionals="0" coveredconditionals="0" methods="1" coveredmethods="1"/>
        <line num="5" count="70" type="stmt"/>
        <line num="6" count="49" type="stmt"/>
      </file>
      <file name="ListAds.js" path="C:\Users\manue\Desktop\Proyecto ISPP\aparkapp-frontend\src\components\views\ListAds.js">
        <metrics statements="23" coveredstatements="1" conditionals="4" coveredconditionals="0" methods="13" coveredmethods="0"/>
        <line num="14" count="70" type="stmt"/>
        <line num="15" count="0" type="stmt"/>
        <line num="16" count="0" type="stmt"/>
        <line num="17" count="0" type="stmt"/>
        <line num="18" count="0" type="stmt"/>
        <line num="20" count="0" type="stmt"/>
        <line num="21" count="0" type="stmt"/>
        <line num="22" count="0" type="cond" truecount="0" falsecount="2"/>
        <line num="27" count="0" type="stmt"/>
        <line num="28" count="0" type="stmt"/>
        <line num="34" count="0" type="stmt"/>
        <line num="39" count="0" type="stmt"/>
        <line num="40" count="0" type="stmt"/>
        <line num="41" count="0" type="stmt"/>
        <line num="42" count="0" type="stmt"/>
        <line num="49" count="0" type="stmt"/>
        <line num="51" count="0" type="stmt"/>
        <line num="54" count="0" type="stmt"/>
        <line num="55" count="0" type="stmt"/>
        <line num="62" count="0" type="stmt"/>
        <line num="64" count="0" type="stmt"/>
        <line num="70" count="0" type="stmt"/>
        <line num="78" count="0" type="stmt"/>
      </file>
      <file name="Login.js" path="C:\Users\manue\Desktop\Proyecto ISPP\aparkapp-frontend\src\components\views\Login.js">
        <metrics statements="28" coveredstatements="28" conditionals="14" coveredconditionals="14" methods="6" coveredmethods="6"/>
        <line num="10" count="70" type="stmt"/>
        <line num="11" count="674" type="stmt"/>
        <line num="12" count="674" type="stmt"/>
        <line num="13" count="674" type="stmt"/>
        <line num="14" count="674" type="stmt"/>
        <line num="16" count="674" type="stmt"/>
        <line num="17" count="50" type="stmt"/>
        <line num="18" count="50" type="stmt"/>
        <line num="19" count="50" type="cond" truecount="2" falsecount="0"/>
        <line num="20" count="3" type="stmt"/>
        <line num="21" count="3" type="stmt"/>
        <line num="23" count="47" type="stmt"/>
        <line num="27" count="674" type="stmt"/>
        <line num="28" count="54" type="stmt"/>
        <line num="30" count="54" type="cond" truecount="2" falsecount="0"/>
        <line num="31" count="2" type="stmt"/>
        <line num="34" count="54" type="cond" truecount="2" falsecount="0"/>
        <line num="35" count="2" type="stmt"/>
        <line num="38" count="54" type="stmt"/>
        <line num="39" count="54" type="cond" truecount="2" falsecount="0"/>
        <line num="40" count="50" type="stmt"/>
        <line num="41" count="50" type="cond" truecount="2" falsecount="0"/>
        <line num="42" count="3" type="stmt"/>
        <line num="47" count="674" type="stmt"/>
        <line num="48" count="2022" type="cond" truecount="2" falsecount="0"/>
        <line num="51" count="674" type="stmt"/>
        <line num="63" count="292" type="stmt"/>
        <line num="73" count="260" type="stmt"/>
      </file>
      <file name="MapRoute.js" path="C:\Users\manue\Desktop\Proyecto ISPP\aparkapp-frontend\src\components\views\MapRoute.js">
        <metrics statements="67" coveredstatements="46" conditionals="36" coveredconditionals="18" methods="20" coveredmethods="11"/>
        <line num="13" count="70" type="stmt"/>
        <line num="14" count="23" type="stmt"/>
        <line num="15" count="23" type="stmt"/>
        <line num="16" count="23" type="stmt"/>
        <line num="17" count="23" type="stmt"/>
        <line num="18" count="23" type="stmt"/>
        <line num="19" count="23" type="stmt"/>
        <line num="20" count="23" type="stmt"/>
        <line num="22" count="23" type="stmt"/>
        <line num="24" count="23" type="stmt"/>
        <line num="25" count="4" type="stmt"/>
        <line num="26" count="4" type="stmt"/>
        <line num="30" count="23" type="stmt"/>
        <line num="31" count="6" type="stmt"/>
        <line num="32" count="6" type="stmt"/>
        <line num="33" count="6" type="stmt"/>
        <line num="37" count="23" type="stmt"/>
        <line num="38" count="0" type="cond" truecount="0" falsecount="2"/>
        <line num="41" count="23" type="stmt"/>
        <line num="42" count="0" type="stmt"/>
        <line num="48" count="0" type="stmt"/>
        <line num="52" count="23" type="stmt"/>
        <line num="53" count="2" type="stmt"/>
        <line num="54" count="2" type="stmt"/>
        <line num="56" count="2" type="stmt"/>
        <line num="58" count="2" type="stmt"/>
        <line num="59" count="0" type="stmt"/>
        <line num="63" count="23" type="stmt"/>
        <line num="64" count="15" type="stmt"/>
        <line num="65" count="9" type="cond" truecount="2" falsecount="0"/>
        <line num="66" count="4" type="stmt"/>
        <line num="67" count="4" type="stmt"/>
        <line num="68" count="4" type="stmt"/>
        <line num="69" count="4" type="cond" truecount="1" falsecount="1"/>
        <line num="73" count="0" type="stmt"/>
        <line num="74" count="0" type="stmt"/>
        <line num="75" count="2" type="cond" truecount="3" falsecount="1"/>
        <line num="76" count="0" type="stmt"/>
        <line num="77" count="0" type="stmt"/>
        <line num="78" count="2" type="cond" truecount="3" falsecount="1"/>
        <line num="79" count="0" type="stmt"/>
        <line num="80" count="0" type="stmt"/>
        <line num="83" count="5" type="stmt"/>
        <line num="86" count="15" type="stmt"/>
        <line num="90" count="23" type="stmt"/>
        <line num="91" count="0" type="stmt"/>
        <line num="96" count="23" type="stmt"/>
        <line num="97" count="0" type="stmt"/>
        <line num="108" count="23" type="stmt"/>
        <line num="109" count="23" type="stmt"/>
        <line num="111" count="23" type="cond" truecount="2" falsecount="0"/>
        <line num="112" count="11" type="cond" truecount="1" falsecount="1"/>
        <line num="116" count="0" type="stmt"/>
        <line num="122" count="11" type="cond" truecount="1" falsecount="1"/>
        <line num="123" count="0" type="cond" truecount="0" falsecount="2"/>
        <line num="128" count="0" type="stmt"/>
        <line num="132" count="0" type="stmt"/>
        <line num="139" count="0" type="cond" truecount="0" falsecount="2"/>
        <line num="144" count="0" type="stmt"/>
        <line num="149" count="0" type="stmt"/>
        <line num="156" count="0" type="stmt"/>
        <line num="162" count="0" type="stmt"/>
        <line num="169" count="11" type="stmt"/>
        <line num="177" count="12" type="stmt"/>
        <line num="179" count="23" type="stmt"/>
        <line num="183" count="23" type="stmt"/>
        <line num="188" count="23" type="stmt"/>
      </file>
      <file name="MyRatings.js" path="C:\Users\manue\Desktop\Proyecto ISPP\aparkapp-frontend\src\components\views\MyRatings.js">
        <metrics statements="6" coveredstatements="1" conditionals="2" coveredconditionals="0" methods="4" coveredmethods="0"/>
        <line num="6" count="70" type="stmt"/>
        <line num="8" count="0" type="stmt"/>
        <line num="10" count="0" type="stmt"/>
        <line num="11" count="0" type="stmt"/>
        <line num="14" count="0" type="stmt"/>
        <line num="21" count="0" type="stmt"/>
      </file>
      <file name="Notifications.js" path="C:\Users\manue\Desktop\Proyecto ISPP\aparkapp-frontend\src\components\views\Notifications.js">
        <metrics statements="42" coveredstatements="1" conditionals="9" coveredconditionals="0" methods="13" coveredmethods="0"/>
        <line num="9" count="70" type="stmt"/>
        <line num="10" count="0" type="stmt"/>
        <line num="11" count="0" type="stmt"/>
        <line num="12" count="0" type="stmt"/>
        <line num="14" count="0" type="stmt"/>
        <line num="16" count="0" type="stmt"/>
        <line num="17" count="0" type="stmt"/>
        <line num="18" count="0" type="stmt"/>
        <line num="19" count="0" type="cond" truecount="0" falsecount="2"/>
        <line num="23" count="0" type="stmt"/>
        <line num="24" count="0" type="stmt"/>
        <line num="25" count="0" type="cond" truecount="0" falsecount="2"/>
        <line num="26" count="0" type="stmt"/>
        <line num="27" count="0" type="stmt"/>
        <line num="30" count="0" type="stmt"/>
        <line num="33" count="0" type="stmt"/>
        <line num="37" count="0" type="stmt"/>
        <line num="38" count="0" type="stmt"/>
        <line num="40" count="0" type="stmt"/>
        <line num="41" count="0" type="stmt"/>
        <line num="42" count="0" type="stmt"/>
        <line num="43" count="0" type="stmt"/>
        <line num="44" count="0" type="stmt"/>
        <line num="46" count="0" type="cond" truecount="0" falsecount="2"/>
        <line num="47" count="0" type="cond" truecount="0" falsecount="3"/>
        <line num="49" count="0" type="stmt"/>
        <line num="50" count="0" type="stmt"/>
        <line num="51" count="0" type="stmt"/>
        <line num="52" count="0" type="stmt"/>
        <line num="53" count="0" type="stmt"/>
        <line num="55" count="0" type="stmt"/>
        <line num="56" count="0" type="stmt"/>
        <line num="57" count="0" type="stmt"/>
        <line num="58" count="0" type="stmt"/>
        <line num="59" count="0" type="stmt"/>
        <line num="61" count="0" type="stmt"/>
        <line num="62" count="0" type="stmt"/>
        <line num="63" count="0" type="stmt"/>
        <line num="67" count="0" type="stmt"/>
        <line num="68" count="0" type="stmt"/>
        <line num="70" count="0" type="stmt"/>
        <line num="73" count="0" type="stmt"/>
      </file>
      <file name="Profile.js" path="C:\Users\manue\Desktop\Proyecto ISPP\aparkapp-frontend\src\components\views\Profile.js">
        <metrics statements="42" coveredstatements="38" conditionals="22" coveredconditionals="22" methods="20" coveredmethods="17"/>
        <line num="13" count="70" type="stmt"/>
        <line num="14" count="213" type="stmt"/>
        <line num="15" count="213" type="stmt"/>
        <line num="16" count="213" type="stmt"/>
        <line num="18" count="213" type="stmt"/>
        <line num="19" count="213" type="stmt"/>
        <line num="22" count="2" type="stmt"/>
        <line num="23" count="2" type="stmt"/>
        <line num="24" count="2" type="stmt"/>
        <line num="27" count="213" type="stmt"/>
        <line num="28" count="24" type="cond" truecount="4" falsecount="0"/>
        <line num="29" count="9" type="stmt"/>
        <line num="30" count="9" type="stmt"/>
        <line num="31" count="9" type="stmt"/>
        <line num="35" count="213" type="stmt"/>
        <line num="54" count="213" type="stmt"/>
        <line num="55" count="4" type="stmt"/>
        <line num="56" count="4" type="cond" truecount="4" falsecount="0"/>
        <line num="57" count="2" type="stmt"/>
        <line num="60" count="4" type="cond" truecount="4" falsecount="0"/>
        <line num="61" count="2" type="stmt"/>
        <line num="64" count="4" type="stmt"/>
        <line num="66" count="4" type="cond" truecount="2" falsecount="0"/>
        <line num="67" count="2" type="stmt"/>
        <line num="70" count="4" type="stmt"/>
        <line num="72" count="4" type="cond" truecount="2" falsecount="0"/>
        <line num="73" count="2" type="stmt"/>
        <line num="76" count="4" type="stmt"/>
        <line num="77" count="4" type="cond" truecount="2" falsecount="0"/>
        <line num="78" count="2" type="stmt"/>
        <line num="82" count="213" type="stmt"/>
        <line num="83" count="890" type="cond" truecount="2" falsecount="0"/>
        <line num="86" count="213" type="stmt"/>
        <line num="97" count="40" type="stmt"/>
        <line num="105" count="46" type="stmt"/>
        <line num="113" count="28" type="stmt"/>
        <line num="124" count="54" type="stmt"/>
        <line num="135" count="0" type="stmt"/>
        <line num="147" count="0" type="stmt"/>
        <line num="148" count="0" type="stmt"/>
        <line num="149" count="0" type="stmt"/>
        <line num="177" count="4" type="stmt"/>
      </file>
      <file name="Publish.js" path="C:\Users\manue\Desktop\Proyecto ISPP\aparkapp-frontend\src\components\views\Publish.js">
        <metrics statements="92" coveredstatements="71" conditionals="36" coveredconditionals="26" methods="27" coveredmethods="17"/>
        <line num="18" count="70" type="stmt"/>
        <line num="19" count="42" type="stmt"/>
        <line num="20" count="42" type="stmt"/>
        <line num="21" count="42" type="stmt"/>
        <line num="22" count="42" type="stmt"/>
        <line num="23" count="42" type="stmt"/>
        <line num="24" count="42" type="stmt"/>
        <line num="25" count="42" type="stmt"/>
        <line num="26" count="42" type="stmt"/>
        <line num="27" count="42" type="stmt"/>
        <line num="28" count="42" type="stmt"/>
        <line num="29" count="42" type="stmt"/>
        <line num="30" count="42" type="stmt"/>
        <line num="31" count="42" type="stmt"/>
        <line num="32" count="42" type="stmt"/>
        <line num="33" count="42" type="stmt"/>
        <line num="36" count="42" type="stmt"/>
        <line num="37" count="42" type="stmt"/>
        <line num="38" count="42" type="stmt"/>
        <line num="39" count="42" type="stmt"/>
        <line num="41" count="42" type="stmt"/>
        <line num="43" count="42" type="stmt"/>
        <line num="44" count="6" type="stmt"/>
        <line num="45" count="6" type="stmt"/>
        <line num="47" count="6" type="stmt"/>
        <line num="48" count="6" type="stmt"/>
        <line num="51" count="6" type="stmt"/>
        <line num="52" count="6" type="stmt"/>
        <line num="55" count="6" type="stmt"/>
        <line num="56" count="0" type="stmt"/>
        <line num="60" count="42" type="stmt"/>
        <line num="61" count="378" type="cond" truecount="2" falsecount="0"/>
        <line num="64" count="42" type="stmt"/>
        <line num="65" count="4" type="stmt"/>
        <line num="66" count="4" type="cond" truecount="1" falsecount="1"/>
        <line num="67" count="4" type="cond" truecount="1" falsecount="1"/>
        <line num="68" count="4" type="cond" truecount="2" falsecount="0"/>
        <line num="69" count="4" type="cond" truecount="3" falsecount="1"/>
        <line num="70" count="4" type="cond" truecount="1" falsecount="1"/>
        <line num="71" count="4" type="cond" truecount="2" falsecount="0"/>
        <line num="72" count="4" type="cond" truecount="1" falsecount="1"/>
        <line num="73" count="4" type="cond" truecount="1" falsecount="1"/>
        <line num="75" count="4" type="cond" truecount="2" falsecount="0"/>
        <line num="76" count="2" type="stmt"/>
        <line num="77" count="2" type="cond" truecount="1" falsecount="1"/>
        <line num="78" count="0" type="stmt"/>
        <line num="81" count="4" type="stmt"/>
        <line num="83" count="4" type="cond" truecount="2" falsecount="0"/>
        <line num="84" count="2" type="stmt"/>
        <line num="89" count="42" type="stmt"/>
        <line num="90" count="2" type="stmt"/>
        <line num="91" count="2" type="stmt"/>
        <line num="92" count="2" type="stmt"/>
        <line num="103" count="2" type="stmt"/>
        <line num="104" count="2" type="cond" truecount="1" falsecount="1"/>
        <line num="105" count="2" type="stmt"/>
        <line num="107" count="0" type="stmt"/>
        <line num="108" count="0" type="stmt"/>
        <line num="109" count="0" type="stmt"/>
        <line num="111" count="2" type="stmt"/>
        <line num="114" count="42" type="stmt"/>
        <line num="115" count="0" type="stmt"/>
        <line num="118" count="42" type="stmt"/>
        <line num="119" count="0" type="stmt"/>
        <line num="120" count="0" type="stmt"/>
        <line num="123" count="42" type="stmt"/>
        <line num="124" count="0" type="stmt"/>
        <line num="125" count="0" type="stmt"/>
        <line num="129" count="42" type="stmt"/>
        <line num="134" count="42" type="stmt"/>
        <line num="139" count="42" type="stmt"/>
        <line num="140" count="0" type="stmt"/>
        <line num="141" count="0" type="stmt"/>
        <line num="142" count="0" type="stmt"/>
        <line num="145" count="42" type="stmt"/>
        <line num="146" count="0" type="stmt"/>
        <line num="154" count="0" type="stmt"/>
        <line num="155" count="0" type="stmt"/>
        <line num="156" count="0" type="stmt"/>
        <line num="159" count="42" type="stmt"/>
        <line num="160" count="2" type="stmt"/>
        <line num="162" count="42" type="stmt"/>
        <line num="170" count="60" type="stmt"/>
        <line num="174" count="2" type="stmt"/>
        <line num="178" count="0" type="stmt"/>
        <line num="182" count="0" type="stmt"/>
        <line num="186" count="0" type="stmt"/>
        <line num="196" count="2" type="stmt"/>
        <line num="200" count="2" type="stmt"/>
        <line num="201" count="2" type="stmt"/>
        <line num="206" count="4" type="stmt"/>
        <line num="210" count="0" type="stmt"/>
      </file>
      <file name="Reserve.js" path="C:\Users\manue\Desktop\Proyecto ISPP\aparkapp-frontend\src\components\views\Reserve.js">
        <metrics statements="27" coveredstatements="4" conditionals="16" coveredconditionals="0" methods="11" coveredmethods="0"/>
        <line num="10" count="70" type="stmt"/>
        <line num="11" count="0" type="stmt"/>
        <line num="14" count="0" type="stmt"/>
        <line num="17" count="70" type="stmt"/>
        <line num="18" count="0" type="stmt"/>
        <line num="19" count="0" type="cond" truecount="0" falsecount="2"/>
        <line num="23" count="70" type="stmt"/>
        <line num="24" count="0" type="stmt"/>
        <line num="25" count="0" type="stmt"/>
        <line num="26" count="0" type="stmt"/>
        <line num="27" count="0" type="stmt"/>
        <line num="29" count="0" type="stmt"/>
        <line num="30" count="0" type="stmt"/>
        <line num="39" count="0" type="stmt"/>
        <line num="40" count="0" type="stmt"/>
        <line num="41" count="0" type="stmt"/>
        <line num="42" count="0" type="stmt"/>
        <line num="43" count="0" type="stmt"/>
        <line num="47" count="0" type="stmt"/>
        <line num="48" count="0" type="stmt"/>
        <line num="49" count="0" type="stmt"/>
        <line num="50" count="0" type="stmt"/>
        <line num="52" count="0" type="stmt"/>
        <line num="53" count="0" type="stmt"/>
        <line num="58" count="0" type="stmt"/>
        <line num="87" count="70" type="stmt"/>
        <line num="88" count="0" type="stmt"/>
      </file>
      <file name="RouteVisualization.js" path="C:\Users\manue\Desktop\Proyecto ISPP\aparkapp-frontend\src\components\views\RouteVisualization.js">
        <metrics statements="22" coveredstatements="17" conditionals="2" coveredconditionals="2" methods="7" coveredmethods="5"/>
        <line num="8" count="29" type="stmt"/>
        <line num="9" count="29" type="stmt"/>
        <line num="10" count="29" type="stmt"/>
        <line num="11" count="29" type="stmt"/>
        <line num="12" count="29" type="stmt"/>
        <line num="14" count="29" type="stmt"/>
        <line num="15" count="4" type="stmt"/>
        <line num="16" count="4" type="stmt"/>
        <line num="17" count="4" type="stmt"/>
        <line num="18" count="4" type="stmt"/>
        <line num="23" count="0" type="stmt"/>
        <line num="24" count="0" type="stmt"/>
        <line num="25" count="0" type="stmt"/>
        <line num="26" count="0" type="stmt"/>
        <line num="27" count="0" type="stmt"/>
        <line num="32" count="4" type="stmt"/>
        <line num="33" count="4" type="stmt"/>
        <line num="38" count="2" type="stmt"/>
        <line num="39" count="2" type="stmt"/>
        <line num="40" count="2" type="stmt"/>
        <line num="43" count="29" type="stmt"/>
        <line num="55" count="2" type="stmt"/>
      </file>
      <file name="SearchPlace.js" path="C:\Users\manue\Desktop\Proyecto ISPP\aparkapp-frontend\src\components\views\SearchPlace.js">
        <metrics statements="98" coveredstatements="74" conditionals="19" coveredconditionals="14" methods="26" coveredmethods="17"/>
        <line num="17" count="70" type="stmt"/>
        <line num="18" count="72" type="stmt"/>
        <line num="19" count="72" type="stmt"/>
        <line num="20" count="72" type="stmt"/>
        <line num="21" count="72" type="stmt"/>
        <line num="22" count="72" type="stmt"/>
        <line num="23" count="72" type="stmt"/>
        <line num="24" count="72" type="stmt"/>
        <line num="25" count="72" type="stmt"/>
        <line num="26" count="72" type="stmt"/>
        <line num="27" count="72" type="stmt"/>
        <line num="28" count="72" type="stmt"/>
        <line num="31" count="72" type="stmt"/>
        <line num="32" count="72" type="stmt"/>
        <line num="33" count="72" type="stmt"/>
        <line num="36" count="6" type="stmt"/>
        <line num="37" count="6" type="stmt"/>
        <line num="41" count="72" type="stmt"/>
        <line num="42" count="6" type="stmt"/>
        <line num="43" count="6" type="stmt"/>
        <line num="44" count="6" type="stmt"/>
        <line num="47" count="6" type="stmt"/>
        <line num="48" count="0" type="stmt"/>
        <line num="52" count="72" type="stmt"/>
        <line num="53" count="0" type="stmt"/>
        <line num="55" count="0" type="cond" truecount="0" falsecount="2"/>
        <line num="56" count="0" type="stmt"/>
        <line num="57" count="0" type="cond" truecount="0" falsecount="2"/>
        <line num="58" count="0" type="stmt"/>
        <line num="59" count="0" type="stmt"/>
        <line num="60" count="0" type="stmt"/>
        <line num="62" count="0" type="stmt"/>
        <line num="65" count="0" type="stmt"/>
        <line num="66" count="0" type="stmt"/>
        <line num="67" count="0" type="stmt"/>
        <line num="68" count="0" type="stmt"/>
        <line num="72" count="72" type="stmt"/>
        <line num="73" count="0" type="stmt"/>
        <line num="76" count="72" type="cond" truecount="1" falsecount="0"/>
        <line num="77" count="8" type="cond" truecount="2" falsecount="0"/>
        <line num="78" count="6" type="stmt"/>
        <line num="80" count="8" type="stmt"/>
        <line num="81" count="8" type="stmt"/>
        <line num="82" count="22" type="stmt"/>
        <line num="84" count="8" type="stmt"/>
        <line num="85" count="8" type="stmt"/>
        <line num="86" count="8" type="stmt"/>
        <line num="87" count="22" type="cond" truecount="2" falsecount="0"/>
        <line num="88" count="16" type="stmt"/>
        <line num="89" count="16" type="stmt"/>
        <line num="90" count="44" type="stmt"/>
        <line num="91" count="44" type="cond" truecount="4" falsecount="0"/>
        <line num="92" count="6" type="stmt"/>
        <line num="93" count="6" type="stmt"/>
        <line num="96" count="16" type="stmt"/>
        <line num="97" count="16" type="stmt"/>
        <line num="100" count="8" type="stmt"/>
        <line num="101" count="16" type="stmt"/>
        <line num="102" count="16" type="stmt"/>
        <line num="103" count="22" type="stmt"/>
        <line num="104" count="22" type="stmt"/>
        <line num="107" count="16" type="stmt"/>
        <line num="108" count="16" type="stmt"/>
        <line num="110" count="16" type="stmt"/>
        <line num="111" count="16" type="stmt"/>
        <line num="113" count="8" type="stmt"/>
        <line num="114" count="8" type="stmt"/>
        <line num="117" count="72" type="stmt"/>
        <line num="118" count="0" type="stmt"/>
        <line num="121" count="72" type="stmt"/>
        <line num="122" count="0" type="stmt"/>
        <line num="125" count="72" type="stmt"/>
        <line num="130" count="72" type="stmt"/>
        <line num="131" count="2" type="stmt"/>
        <line num="132" count="6" type="cond" truecount="2" falsecount="0"/>
        <line num="135" count="2" type="cond" truecount="1" falsecount="1"/>
        <line num="136" count="0" type="stmt"/>
        <line num="137" count="0" type="stmt"/>
        <line num="140" count="2" type="stmt"/>
        <line num="141" count="2" type="stmt"/>
        <line num="143" count="72" type="stmt"/>
        <line num="146" count="0" type="stmt"/>
        <line num="147" count="0" type="stmt"/>
        <line num="148" count="0" type="stmt"/>
        <line num="149" count="0" type="stmt"/>
        <line num="155" count="72" type="stmt"/>
        <line num="156" count="3" type="stmt"/>
        <line num="160" count="3" type="stmt"/>
        <line num="161" count="3" type="stmt"/>
        <line num="162" count="3" type="stmt"/>
        <line num="163" count="2" type="stmt"/>
        <line num="164" count="2" type="stmt"/>
        <line num="166" count="1" type="stmt"/>
        <line num="170" count="72" type="stmt"/>
        <line num="174" count="38" type="stmt"/>
        <line num="176" count="2" type="stmt"/>
        <line num="194" count="0" type="stmt"/>
        <line num="197" count="0" type="stmt"/>
      </file>
      <file name="SignUp.js" path="C:\Users\manue\Desktop\Proyecto ISPP\aparkapp-frontend\src\components\views\SignUp.js">
        <metrics statements="4" coveredstatements="4" conditionals="4" coveredconditionals="4" methods="1" coveredmethods="1"/>
        <line num="6" count="70" type="stmt"/>
        <line num="7" count="6" type="stmt"/>
        <line num="8" count="6" type="stmt"/>
        <line num="10" count="6" type="stmt"/>
      </file>
      <file name="UserRegister.js" path="C:\Users\manue\Desktop\Proyecto ISPP\aparkapp-frontend\src\components\views\UserRegister.js">
        <metrics statements="41" coveredstatements="41" conditionals="30" coveredconditionals="24" methods="10" coveredmethods="10"/>
        <line num="8" count="70" type="stmt"/>
        <line num="10" count="338" type="stmt"/>
        <line num="11" count="338" type="stmt"/>
        <line num="12" count="338" type="stmt"/>
        <line num="13" count="338" type="stmt"/>
        <line num="14" count="338" type="stmt"/>
        <line num="15" count="338" type="stmt"/>
        <line num="16" count="338" type="stmt"/>
        <line num="17" count="338" type="stmt"/>
        <line num="19" count="338" type="stmt"/>
        <line num="20" count="4" type="stmt"/>
        <line num="22" count="4" type="cond" truecount="1" falsecount="1"/>
        <line num="23" count="4" type="cond" truecount="1" falsecount="1"/>
        <line num="24" count="4" type="cond" truecount="1" falsecount="1"/>
        <line num="25" count="4" type="cond" truecount="1" falsecount="1"/>
        <line num="26" count="4" type="cond" truecount="1" falsecount="1"/>
        <line num="27" count="4" type="cond" truecount="1" falsecount="1"/>
        <line num="28" count="4" type="cond" truecount="2" falsecount="0"/>
        <line num="30" count="4" type="cond" truecount="4" falsecount="0"/>
        <line num="31" count="4" type="cond" truecount="4" falsecount="0"/>
        <line num="33" count="4" type="stmt"/>
        <line num="34" count="4" type="cond" truecount="2" falsecount="0"/>
        <line num="35" count="2" type="stmt"/>
        <line num="38" count="4" type="stmt"/>
        <line num="39" count="4" type="cond" truecount="2" falsecount="0"/>
        <line num="41" count="4" type="stmt"/>
        <line num="43" count="4" type="cond" truecount="2" falsecount="0"/>
        <line num="44" count="2" type="stmt"/>
        <line num="45" count="2" type="stmt"/>
        <line num="57" count="338" type="stmt"/>
        <line num="58" count="2366" type="cond" truecount="2" falsecount="0"/>
        <line num="61" count="338" type="stmt"/>
        <line num="62" count="338" type="stmt"/>
        <line num="64" count="338" type="stmt"/>
        <line num="72" count="92" type="stmt"/>
        <line num="79" count="40" type="stmt"/>
        <line num="86" count="122" type="stmt"/>
        <line num="93" count="16" type="stmt"/>
        <line num="100" count="28" type="stmt"/>
        <line num="107" count="26" type="stmt"/>
        <line num="114" count="20" type="stmt"/>
      </file>
      <file name="VehicleRegister.js" path="C:\Users\manue\Desktop\Proyecto ISPP\aparkapp-frontend\src\components\views\VehicleRegister.js">
        <metrics statements="47" coveredstatements="44" conditionals="34" coveredconditionals="20" methods="12" coveredmethods="10"/>
        <line num="13" count="70" type="stmt"/>
        <line num="14" count="52" type="stmt"/>
        <line num="15" count="52" type="stmt"/>
        <line num="16" count="52" type="stmt"/>
        <line num="17" count="52" type="stmt"/>
        <line num="18" count="52" type="stmt"/>
        <line num="19" count="52" type="stmt"/>
        <line num="20" count="52" type="stmt"/>
        <line num="21" count="52" type="stmt"/>
        <line num="23" count="52" type="stmt"/>
        <line num="29" count="52" type="stmt"/>
        <line num="30" count="2" type="stmt"/>
        <line num="50" count="2" type="stmt"/>
        <line num="51" count="2" type="cond" truecount="1" falsecount="1"/>
        <line num="52" count="2" type="stmt"/>
        <line num="54" count="0" type="stmt"/>
        <line num="56" count="2" type="stmt"/>
        <line num="59" count="52" type="stmt"/>
        <line num="60" count="2" type="stmt"/>
        <line num="61" count="2" type="cond" truecount="1" falsecount="1"/>
        <line num="62" count="2" type="cond" truecount="1" falsecount="1"/>
        <line num="63" count="2" type="cond" truecount="1" falsecount="1"/>
        <line num="64" count="2" type="cond" truecount="1" falsecount="1"/>
        <line num="65" count="2" type="cond" truecount="1" falsecount="1"/>
        <line num="66" count="2" type="cond" truecount="1" falsecount="1"/>
        <line num="68" count="2" type="stmt"/>
        <line num="69" count="2" type="cond" truecount="1" falsecount="1"/>
        <line num="71" count="2" type="cond" truecount="3" falsecount="1"/>
        <line num="72" count="2" type="cond" truecount="3" falsecount="1"/>
        <line num="73" count="2" type="cond" truecount="3" falsecount="1"/>
        <line num="75" count="2" type="stmt"/>
        <line num="77" count="2" type="cond" truecount="1" falsecount="1"/>
        <line num="78" count="2" type="stmt"/>
        <line num="79" count="2" type="cond" truecount="1" falsecount="1"/>
        <line num="80" count="0" type="stmt"/>
        <line num="82" count="2" type="stmt"/>
        <line num="83" count="2" type="stmt"/>
        <line num="88" count="52" type="stmt"/>
        <line num="89" count="364" type="cond" truecount="1" falsecount="1"/>
        <line num="92" count="52" type="stmt"/>
        <line num="103" count="8" type="stmt"/>
        <line num="110" count="10" type="stmt"/>
        <line num="117" count="14" type="stmt"/>
        <line num="124" count="8" type="stmt"/>
        <line num="131" count="2" type="stmt"/>
        <line num="135" count="2" type="stmt"/>
        <line num="147" count="0" type="stmt"/>
      </file>
      <file name="Vehicles.js" path="C:\Users\manue\Desktop\Proyecto ISPP\aparkapp-frontend\src\components\views\Vehicles.js">
        <metrics statements="127" coveredstatements="66" conditionals="60" coveredconditionals="26" methods="30" coveredmethods="12"/>
        <line num="9" count="70" type="stmt"/>
        <line num="10" count="128" type="stmt"/>
        <line num="11" count="128" type="stmt"/>
        <line num="12" count="128" type="stmt"/>
        <line num="13" count="128" type="stmt"/>
        <line num="14" count="128" type="stmt"/>
        <line num="15" count="128" type="stmt"/>
        <line num="16" count="128" type="stmt"/>
        <line num="17" count="128" type="stmt"/>
        <line num="18" count="128" type="stmt"/>
        <line num="19" count="128" type="stmt"/>
        <line num="21" count="128" type="stmt"/>
        <line num="27" count="128" type="stmt"/>
        <line num="29" count="128" type="stmt"/>
        <line num="30" count="15" type="cond" truecount="4" falsecount="0"/>
        <line num="31" count="5" type="stmt"/>
        <line num="32" count="5" type="stmt"/>
        <line num="36" count="128" type="stmt"/>
        <line num="37" count="0" type="stmt"/>
        <line num="38" count="0" type="stmt"/>
        <line num="39" count="0" type="stmt"/>
        <line num="40" count="0" type="stmt"/>
        <line num="41" count="0" type="stmt"/>
        <line num="42" count="0" type="stmt"/>
        <line num="44" count="128" type="stmt"/>
        <line num="46" count="128" type="stmt"/>
        <line num="47" count="0" type="stmt"/>
        <line num="53" count="128" type="stmt"/>
        <line num="54" count="0" type="stmt"/>
        <line num="59" count="128" type="stmt"/>
        <line num="60" count="0" type="stmt"/>
        <line num="65" count="128" type="stmt"/>
        <line num="66" count="3" type="stmt"/>
        <line num="67" count="3" type="stmt"/>
        <line num="69" count="3" type="stmt"/>
        <line num="70" count="3" type="cond" truecount="2" falsecount="0"/>
        <line num="71" count="1" type="stmt"/>
        <line num="74" count="3" type="cond" truecount="4" falsecount="0"/>
        <line num="75" count="1" type="stmt"/>
        <line num="78" count="3" type="cond" truecount="4" falsecount="0"/>
        <line num="79" count="1" type="stmt"/>
        <line num="82" count="3" type="cond" truecount="4" falsecount="0"/>
        <line num="83" count="1" type="stmt"/>
        <line num="86" count="3" type="stmt"/>
        <line num="87" count="3" type="cond" truecount="2" falsecount="0"/>
        <line num="88" count="2" type="stmt"/>
        <line num="89" count="2" type="cond" truecount="1" falsecount="1"/>
        <line num="90" count="2" type="stmt"/>
        <line num="91" count="2" type="stmt"/>
        <line num="93" count="0" type="stmt"/>
        <line num="98" count="128" type="stmt"/>
        <line num="99" count="0" type="stmt"/>
        <line num="100" count="0" type="stmt"/>
        <line num="101" count="0" type="cond" truecount="0" falsecount="2"/>
        <line num="102" count="0" type="stmt"/>
        <line num="105" count="0" type="cond" truecount="0" falsecount="4"/>
        <line num="106" count="0" type="stmt"/>
        <line num="109" count="0" type="cond" truecount="0" falsecount="4"/>
        <line num="110" count="0" type="stmt"/>
        <line num="113" count="0" type="cond" truecount="0" falsecount="4"/>
        <line num="114" count="0" type="stmt"/>
        <line num="116" count="0" type="cond" truecount="0" falsecount="2"/>
        <line num="118" count="0" type="stmt"/>
        <line num="119" count="0" type="cond" truecount="0" falsecount="2"/>
        <line num="120" count="0" type="stmt"/>
        <line num="121" count="0" type="cond" truecount="0" falsecount="2"/>
        <line num="122" count="0" type="stmt"/>
        <line num="123" count="0" type="cond" truecount="0" falsecount="2"/>
        <line num="124" count="0" type="stmt"/>
        <line num="128" count="128" type="stmt"/>
        <line num="129" count="0" type="stmt"/>
        <line num="136" count="0" type="stmt"/>
        <line num="137" count="0" type="cond" truecount="0" falsecount="2"/>
        <line num="138" count="0" type="stmt"/>
        <line num="139" count="0" type="cond" truecount="0" falsecount="2"/>
        <line num="140" count="0" type="stmt"/>
        <line num="141" count="0" type="stmt"/>
        <line num="143" count="0" type="stmt"/>
        <line num="144" count="0" type="stmt"/>
        <line num="145" count="0" type="stmt"/>
        <line num="147" count="0" type="stmt"/>
        <line num="149" count="128" type="stmt"/>
        <line num="150" count="448" type="cond" truecount="2" falsecount="0"/>
        <line num="152" count="128" type="stmt"/>
        <line num="153" count="0" type="cond" truecount="0" falsecount="2"/>
        <line num="156" count="128" type="stmt"/>
        <line num="157" count="244" type="stmt"/>
        <line num="169" count="34" type="stmt"/>
        <line num="170" count="34" type="stmt"/>
        <line num="174" count="34" type="stmt"/>
        <line num="175" count="34" type="stmt"/>
        <line num="183" count="24" type="stmt"/>
        <line num="184" count="24" type="stmt"/>
        <line num="188" count="24" type="stmt"/>
        <line num="189" count="24" type="stmt"/>
        <line num="197" count="24" type="stmt"/>
        <line num="198" count="24" type="stmt"/>
        <line num="202" count="24" type="stmt"/>
        <line num="203" count="24" type="stmt"/>
        <line num="211" count="24" type="stmt"/>
        <line num="212" count="24" type="stmt"/>
        <line num="216" count="24" type="stmt"/>
        <line num="217" count="24" type="stmt"/>
        <line num="227" count="0" type="stmt"/>
        <line num="228" count="0" type="stmt"/>
        <line num="232" count="0" type="stmt"/>
        <line num="233" count="0" type="stmt"/>
        <line num="242" count="0" type="stmt"/>
        <line num="243" count="0" type="stmt"/>
        <line num="244" count="0" type="stmt"/>
        <line num="251" count="3" type="stmt"/>
        <line num="273" count="0" type="cond" truecount="0" falsecount="2"/>
        <line num="274" count="0" type="stmt"/>
        <line num="276" count="0" type="stmt"/>
        <line num="277" count="0" type="cond" truecount="0" falsecount="2"/>
        <line num="278" count="0" type="stmt"/>
        <line num="280" count="0" type="stmt"/>
        <line num="288" count="3" type="stmt"/>
        <line num="297" count="128" type="stmt"/>
        <line num="304" count="0" type="stmt"/>
        <line num="315" count="0" type="stmt"/>
        <line num="323" count="0" type="stmt"/>
        <line num="331" count="0" type="stmt"/>
        <line num="339" count="0" type="stmt"/>
        <line num="350" count="0" type="stmt"/>
        <line num="359" count="0" type="stmt"/>
        <line num="360" count="0" type="stmt"/>
      </file>
    </package>
    <package name="src.router">
      <metrics statements="9" coveredstatements="9" conditionals="8" coveredconditionals="8" methods="3" coveredmethods="3"/>
      <file name="RequireAuth.js" path="C:\Users\manue\Desktop\Proyecto ISPP\aparkapp-frontend\src\router\RequireAuth.js">
        <metrics statements="5" coveredstatements="5" conditionals="6" coveredconditionals="6" methods="1" coveredmethods="1"/>
        <line num="6" count="70" type="stmt"/>
        <line num="8" count="275" type="stmt"/>
        <line num="10" count="275" type="cond" truecount="6" falsecount="0"/>
        <line num="11" count="115" type="stmt"/>
        <line num="14" count="160" type="stmt"/>
      </file>
      <file name="Router.js" path="C:\Users\manue\Desktop\Proyecto ISPP\aparkapp-frontend\src\router\Router.js">
        <metrics statements="3" coveredstatements="3" conditionals="2" coveredconditionals="2" methods="2" coveredmethods="2"/>
        <line num="5" count="70" type="stmt"/>
        <line num="6" count="70" type="stmt"/>
        <line num="8" count="1120" type="stmt"/>
      </file>
      <file name="Routes.js" path="C:\Users\manue\Desktop\Proyecto ISPP\aparkapp-frontend\src\router\Routes.js">
        <metrics statements="1" coveredstatements="1" conditionals="0" coveredconditionals="0" methods="0" coveredmethods="0"/>
        <line num="16" count="70" type="stmt"/>
      </file>
    </package>
    <package name="src.store">
      <metrics statements="21" coveredstatements="21" conditionals="0" coveredconditionals="0" methods="6" coveredmethods="6"/>
      <file name="index.js" path="C:\Users\manue\Desktop\Proyecto ISPP\aparkapp-frontend\src\store\index.js">
        <metrics statements="0" coveredstatements="0" conditionals="0" coveredconditionals="0" methods="0" coveredmethods="0"/>
      </file>
      <file name="session.js" path="C:\Users\manue\Desktop\Proyecto ISPP\aparkapp-frontend\src\store\session.js">
        <metrics statements="21" coveredstatements="21" conditionals="0" coveredconditionals="0" methods="6" coveredmethods="6"/>
        <line num="3" count="70" type="stmt"/>
        <line num="13" count="49" type="stmt"/>
        <line num="14" count="49" type="stmt"/>
        <line num="15" count="49" type="stmt"/>
        <line num="16" count="49" type="stmt"/>
        <line num="17" count="49" type="stmt"/>
        <line num="18" count="49" type="stmt"/>
        <line num="19" count="49" type="stmt"/>
        <line num="22" count="4" type="stmt"/>
        <line num="23" count="4" type="stmt"/>
        <line num="24" count="4" type="stmt"/>
        <line num="25" count="4" type="stmt"/>
        <line num="26" count="4" type="stmt"/>
        <line num="29" count="8" type="stmt"/>
        <line num="30" count="2" type="stmt"/>
        <line num="31" count="2" type="stmt"/>
        <line num="32" count="2" type="stmt"/>
        <line num="37" count="70" type="stmt"/>
        <line num="38" count="121" type="stmt"/>
        <line num="41" count="70" type="stmt"/>
        <line num="42" count="70" type="stmt"/>
      </file>
    </package>
    <package name="src.utils">
      <metrics statements="51" coveredstatements="50" conditionals="16" coveredconditionals="10" methods="8" coveredmethods="8"/>
      <file name="GoogleMaps.js" path="C:\Users\manue\Desktop\Proyecto ISPP\aparkapp-frontend\src\utils\GoogleMaps.js">
        <metrics statements="24" coveredstatements="23" conditionals="12" coveredconditionals="6" methods="3" coveredmethods="3"/>
        <line num="1" count="70" type="stmt"/>
        <line num="3" count="70" type="stmt"/>
        <line num="4" count="32" type="stmt"/>
        <line num="6" count="32" type="cond" truecount="1" falsecount="1"/>
        <line num="7" count="32" type="stmt"/>
        <line num="8" count="32" type="stmt"/>
        <line num="9" count="32" type="stmt"/>
        <line num="10" count="32" type="stmt"/>
        <line num="11" count="32" type="stmt"/>
        <line num="12" count="32" type="stmt"/>
        <line num="14" count="32" type="stmt"/>
        <line num="15" count="32" type="cond" truecount="1" falsecount="1"/>
        <line num="19" count="32" type="cond" truecount="2" falsecount="2"/>
        <line num="22" count="70" type="stmt"/>
        <line num="23" count="2" type="stmt"/>
        <line num="25" count="2" type="cond" truecount="1" falsecount="1"/>
        <line num="26" count="2" type="stmt"/>
        <line num="28" count="2" type="stmt"/>
        <line num="29" count="2" type="stmt"/>
        <line num="30" count="2" type="stmt"/>
        <line num="31" count="4" type="stmt"/>
        <line num="32" count="4" type="stmt"/>
        <line num="34" count="4" type="cond" truecount="1" falsecount="1"/>
        <line num="35" count="0" type="stmt"/>
      </file>
      <file name="dataFormatter.js" path="C:\Users\manue\Desktop\Proyecto ISPP\aparkapp-frontend\src\utils\dataFormatter.js">
        <metrics statements="6" coveredstatements="6" conditionals="0" coveredconditionals="0" methods="1" coveredmethods="1"/>
        <line num="2" count="2" type="stmt"/>
        <line num="3" count="2" type="stmt"/>
        <line num="4" count="2" type="stmt"/>
        <line num="5" count="2" type="stmt"/>
        <line num="6" count="2" type="stmt"/>
        <line num="7" count="2" type="stmt"/>
      </file>
      <file name="dateFormatter.js" path="C:\Users\manue\Desktop\Proyecto ISPP\aparkapp-frontend\src\utils\dateFormatter.js">
        <metrics statements="11" coveredstatements="11" conditionals="4" coveredconditionals="4" methods="1" coveredmethods="1"/>
        <line num="1" count="70" type="stmt"/>
        <line num="2" count="668" type="stmt"/>
        <line num="3" count="668" type="stmt"/>
        <line num="4" count="668" type="stmt"/>
        <line num="5" count="668" type="stmt"/>
        <line num="6" count="668" type="cond" truecount="2" falsecount="0"/>
        <line num="7" count="464" type="stmt"/>
        <line num="9" count="668" type="stmt"/>
        <line num="10" count="668" type="cond" truecount="2" falsecount="0"/>
        <line num="11" count="332" type="stmt"/>
        <line num="13" count="668" type="stmt"/>
      </file>
      <file name="getKm.js" path="C:\Users\manue\Desktop\Proyecto ISPP\aparkapp-frontend\src\utils\getKm.js">
        <metrics statements="8" coveredstatements="8" conditionals="0" coveredconditionals="0" methods="2" coveredmethods="2"/>
        <line num="1" count="176" type="stmt"/>
        <line num="4" count="44" type="stmt"/>
        <line num="5" count="44" type="stmt"/>
        <line num="6" count="44" type="stmt"/>
        <line num="7" count="44" type="stmt"/>
        <line num="8" count="44" type="stmt"/>
        <line num="9" count="44" type="stmt"/>
        <line num="10" count="44" type="stmt"/>
      </file>
      <file name="latLongRegex.js" path="C:\Users\manue\Desktop\Proyecto ISPP\aparkapp-frontend\src\utils\latLongRegex.js">
        <metrics statements="2" coveredstatements="2" conditionals="0" coveredconditionals="0" methods="1" coveredmethods="1"/>
        <line num="2" count="240" type="stmt"/>
        <line num="3" count="240" type="stmt"/>
      </file>
    </package>
  </project>
</coverage>
