{"total": {"lines":{"total":781,"covered":244,"skipped":0,"pct":31.24},"statements":{"total":863,"covered":252,"skipped":0,"pct":29.2},"functions":{"total":240,"covered":61,"skipped":0,"pct":25.42},"branches":{"total":338,"covered":57,"skipped":0,"pct":16.86}}
,"C:\\Users\\Usuario\\Desktop\\Development\\proyects\\aparkapp-frontend\\src\\App.js": {"lines":{"total":1,"covered":1,"skipped":0,"pct":100},"functions":{"total":1,"covered":1,"skipped":0,"pct":100},"statements":{"total":1,"covered":1,"skipped":0,"pct":100},"branches":{"total":0,"covered":0,"skipped":0,"pct":100}}
,"C:\\Users\\Usuario\\Desktop\\Development\\proyects\\aparkapp-frontend\\src\\index.js": {"lines":{"total":3,"covered":3,"skipped":0,"pct":100},"functions":{"total":0,"covered":0,"skipped":0,"pct":100},"statements":{"total":3,"covered":3,"skipped":0,"pct":100},"branches":{"total":0,"covered":0,"skipped":0,"pct":100}}
,"C:\\Users\\Usuario\\Desktop\\Development\\proyects\\aparkapp-frontend\\src\\reportWebVitals.js": {"lines":{"total":8,"covered":2,"skipped":0,"pct":25},"functions":{"total":2,"covered":1,"skipped":0,"pct":50},"statements":{"total":8,"covered":2,"skipped":0,"pct":25},"branches":{"total":4,"covered":2,"skipped":0,"pct":50}}
,"C:\\Users\\Usuario\\Desktop\\Development\\proyects\\aparkapp-frontend\\src\\api\\api.js": {"lines":{"total":88,"covered":26,"skipped":0,"pct":29.55},"functions":{"total":27,"covered":9,"skipped":0,"pct":33.33},"statements":{"total":103,"covered":30,"skipped":0,"pct":29.13},"branches":{"total":50,"covered":8,"skipped":0,"pct":16}}
,"C:\\Users\\Usuario\\Desktop\\Development\\proyects\\aparkapp-frontend\\src\\components\\Headerbar.js": {"lines":{"total":15,"covered":10,"skipped":0,"pct":66.67},"functions":{"total":8,"covered":3,"skipped":0,"pct":37.5},"statements":{"total":15,"covered":10,"skipped":0,"pct":66.67},"branches":{"total":2,"covered":2,"skipped":0,"pct":100}}
,"C:\\Users\\Usuario\\Desktop\\Development\\proyects\\aparkapp-frontend\\src\\components\\views\\AboutUs.js": {"lines":{"total":2,"covered":2,"skipped":0,"pct":100},"functions":{"total":1,"covered":1,"skipped":0,"pct":100},"statements":{"total":2,"covered":2,"skipped":0,"pct":100},"branches":{"total":0,"covered":0,"skipped":0,"pct":100}}
,"C:\\Users\\Usuario\\Desktop\\Development\\proyects\\aparkapp-frontend\\src\\components\\views\\Activity.js": {"lines":{"total":130,"covered":69,"skipped":0,"pct":53.08},"functions":{"total":39,"covered":16,"skipped":0,"pct":41.03},"statements":{"total":141,"covered":69,"skipped":0,"pct":48.94},"branches":{"total":54,"covered":14,"skipped":0,"pct":25.93}}
,"C:\\Users\\Usuario\\Desktop\\Development\\proyects\\aparkapp-frontend\\src\\components\\views\\Home.js": {"lines":{"total":2,"covered":2,"skipped":0,"pct":100},"functions":{"total":1,"covered":1,"skipped":0,"pct":100},"statements":{"total":2,"covered":2,"skipped":0,"pct":100},"branches":{"total":0,"covered":0,"skipped":0,"pct":100}}
,"C:\\Users\\Usuario\\Desktop\\Development\\proyects\\aparkapp-frontend\\src\\components\\views\\ListAds.js": {"lines":{"total":8,"covered":1,"skipped":0,"pct":12.5},"functions":{"total":4,"covered":0,"skipped":0,"pct":0},"statements":{"total":8,"covered":1,"skipped":0,"pct":12.5},"branches":{"total":2,"covered":0,"skipped":0,"pct":0}}
,"C:\\Users\\Usuario\\Desktop\\Development\\proyects\\aparkapp-frontend\\src\\components\\views\\Login.js": {"lines":{"total":24,"covered":20,"skipped":0,"pct":83.33},"functions":{"total":6,"covered":6,"skipped":0,"pct":100},"statements":{"total":24,"covered":20,"skipped":0,"pct":83.33},"branches":{"total":12,"covered":6,"skipped":0,"pct":50}}
,"C:\\Users\\Usuario\\Desktop\\Development\\proyects\\aparkapp-frontend\\src\\components\\views\\MapRoute.js": {"lines":{"total":31,"covered":28,"skipped":0,"pct":90.32},"functions":{"total":9,"covered":7,"skipped":0,"pct":77.78},"statements":{"total":33,"covered":29,"skipped":0,"pct":87.88},"branches":{"total":10,"covered":8,"skipped":0,"pct":80}}
,"C:\\Users\\Usuario\\Desktop\\Development\\proyects\\aparkapp-frontend\\src\\components\\views\\Notifications.js": {"lines":{"total":23,"covered":1,"skipped":0,"pct":4.35},"functions":{"total":10,"covered":0,"skipped":0,"pct":0},"statements":{"total":28,"covered":1,"skipped":0,"pct":3.57},"branches":{"total":6,"covered":0,"skipped":0,"pct":0}}
,"C:\\Users\\Usuario\\Desktop\\Development\\proyects\\aparkapp-frontend\\src\\components\\views\\Profile.js": {"lines":{"total":42,"covered":1,"skipped":0,"pct":2.38},"functions":{"total":20,"covered":0,"skipped":0,"pct":0},"statements":{"total":51,"covered":1,"skipped":0,"pct":1.96},"branches":{"total":22,"covered":0,"skipped":0,"pct":0}}
,"C:\\Users\\Usuario\\Desktop\\Development\\proyects\\aparkapp-frontend\\src\\components\\views\\Publish.js": {"lines":{"total":92,"covered":1,"skipped":0,"pct":1.09},"functions":{"total":27,"covered":0,"skipped":0,"pct":0},"statements":{"total":102,"covered":1,"skipped":0,"pct":0.98},"branches":{"total":36,"covered":0,"skipped":0,"pct":0}}
,"C:\\Users\\Usuario\\Desktop\\Development\\proyects\\aparkapp-frontend\\src\\components\\views\\Reserve.js": {"lines":{"total":15,"covered":2,"skipped":0,"pct":13.33},"functions":{"total":6,"covered":0,"skipped":0,"pct":0},"statements":{"total":15,"covered":2,"skipped":0,"pct":13.33},"branches":{"total":14,"covered":0,"skipped":0,"pct":0}}
,"C:\\Users\\Usuario\\Desktop\\Development\\proyects\\aparkapp-frontend\\src\\components\\views\\RouteVisualization.js": {"lines":{"total":22,"covered":17,"skipped":0,"pct":77.27},"functions":{"total":7,"covered":5,"skipped":0,"pct":71.43},"statements":{"total":22,"covered":17,"skipped":0,"pct":77.27},"branches":{"total":2,"covered":2,"skipped":0,"pct":100}}
,"C:\\Users\\Usuario\\Desktop\\Development\\proyects\\aparkapp-frontend\\src\\components\\views\\SearchPlace.js": {"lines":{"total":57,"covered":1,"skipped":0,"pct":1.75},"functions":{"total":14,"covered":0,"skipped":0,"pct":0},"statements":{"total":58,"covered":1,"skipped":0,"pct":1.72},"branches":{"total":12,"covered":0,"skipped":0,"pct":0}}
,"C:\\Users\\Usuario\\Desktop\\Development\\proyects\\aparkapp-frontend\\src\\components\\views\\SignUp.js": {"lines":{"total":4,"covered":1,"skipped":0,"pct":25},"functions":{"total":1,"covered":0,"skipped":0,"pct":0},"statements":{"total":4,"covered":1,"skipped":0,"pct":25},"branches":{"total":4,"covered":0,"skipped":0,"pct":0}}
,"C:\\Users\\Usuario\\Desktop\\Development\\proyects\\aparkapp-frontend\\src\\components\\views\\UserRegister.js": {"lines":{"total":39,"covered":1,"skipped":0,"pct":2.56},"functions":{"total":10,"covered":0,"skipped":0,"pct":0},"statements":{"total":49,"covered":1,"skipped":0,"pct":2.04},"branches":{"total":30,"covered":0,"skipped":0,"pct":0}}
,"C:\\Users\\Usuario\\Desktop\\Development\\proyects\\aparkapp-frontend\\src\\components\\views\\VehicleRegister.js": {"lines":{"total":43,"covered":1,"skipped":0,"pct":2.33},"functions":{"total":11,"covered":0,"skipped":0,"pct":0},"statements":{"total":53,"covered":1,"skipped":0,"pct":1.89},"branches":{"total":32,"covered":0,"skipped":0,"pct":0}}
,"C:\\Users\\Usuario\\Desktop\\Development\\proyects\\aparkapp-frontend\\src\\components\\views\\Vehicles.js": {"lines":{"total":61,"covered":1,"skipped":0,"pct":1.64},"functions":{"total":19,"covered":0,"skipped":0,"pct":0},"statements":{"total":65,"covered":1,"skipped":0,"pct":1.54},"branches":{"total":26,"covered":0,"skipped":0,"pct":0}}
,"C:\\Users\\Usuario\\Desktop\\Development\\proyects\\aparkapp-frontend\\src\\router\\RequireAuth.js": {"lines":{"total":5,"covered":5,"skipped":0,"pct":100},"functions":{"total":1,"covered":1,"skipped":0,"pct":100},"statements":{"total":5,"covered":5,"skipped":0,"pct":100},"branches":{"total":6,"covered":6,"skipped":0,"pct":100}}
,"C:\\Users\\Usuario\\Desktop\\Development\\proyects\\aparkapp-frontend\\src\\router\\Router.js": {"lines":{"total":3,"covered":3,"skipped":0,"pct":100},"functions":{"total":2,"covered":2,"skipped":0,"pct":100},"statements":{"total":3,"covered":3,"skipped":0,"pct":100},"branches":{"total":2,"covered":2,"skipped":0,"pct":100}}
,"C:\\Users\\Usuario\\Desktop\\Development\\proyects\\aparkapp-frontend\\src\\router\\Routes.js": {"lines":{"total":1,"covered":1,"skipped":0,"pct":100},"functions":{"total":0,"covered":0,"skipped":0,"pct":100},"statements":{"total":1,"covered":1,"skipped":0,"pct":100},"branches":{"total":0,"covered":0,"skipped":0,"pct":100}}
,"C:\\Users\\Usuario\\Desktop\\Development\\proyects\\aparkapp-frontend\\src\\store\\index.js": {"lines":{"total":0,"covered":0,"skipped":0,"pct":0},"functions":{"total":0,"covered":0,"skipped":0,"pct":0},"statements":{"total":0,"covered":0,"skipped":0,"pct":0},"branches":{"total":0,"covered":0,"skipped":0,"pct":0}}
,"C:\\Users\\Usuario\\Desktop\\Development\\proyects\\aparkapp-frontend\\src\\store\\session.js": {"lines":{"total":15,"covered":11,"skipped":0,"pct":73.33},"functions":{"total":6,"covered":3,"skipped":0,"pct":50},"statements":{"total":17,"covered":12,"skipped":0,"pct":70.59},"branches":{"total":0,"covered":0,"skipped":0,"pct":100}}
,"C:\\Users\\Usuario\\Desktop\\Development\\proyects\\aparkapp-frontend\\src\\utils\\GoogleMaps.js": {"lines":{"total":24,"covered":24,"skipped":0,"pct":100},"functions":{"total":3,"covered":3,"skipped":0,"pct":100},"statements":{"total":27,"covered":26,"skipped":0,"pct":96.3},"branches":{"total":12,"covered":7,"skipped":0,"pct":58.33}}
,"C:\\Users\\Usuario\\Desktop\\Development\\proyects\\aparkapp-frontend\\src\\utils\\dataFormatter.js": {"lines":{"total":6,"covered":0,"skipped":0,"pct":0},"functions":{"total":1,"covered":0,"skipped":0,"pct":0},"statements":{"total":6,"covered":0,"skipped":0,"pct":0},"branches":{"total":0,"covered":0,"skipped":0,"pct":100}}
,"C:\\Users\\Usuario\\Desktop\\Development\\proyects\\aparkapp-frontend\\src\\utils\\dateFormatter.js": {"lines":{"total":7,"covered":7,"skipped":0,"pct":100},"functions":{"total":1,"covered":1,"skipped":0,"pct":100},"statements":{"total":7,"covered":7,"skipped":0,"pct":100},"branches":{"total":0,"covered":0,"skipped":0,"pct":100}}
,"C:\\Users\\Usuario\\Desktop\\Development\\proyects\\aparkapp-frontend\\src\\utils\\getKm.js": {"lines":{"total":8,"covered":0,"skipped":0,"pct":0},"functions":{"total":2,"covered":0,"skipped":0,"pct":0},"statements":{"total":8,"covered":0,"skipped":0,"pct":0},"branches":{"total":0,"covered":0,"skipped":0,"pct":100}}
,"C:\\Users\\Usuario\\Desktop\\Development\\proyects\\aparkapp-frontend\\src\\utils\\latLongRegex.js": {"lines":{"total":2,"covered":2,"skipped":0,"pct":100},"functions":{"total":1,"covered":1,"skipped":0,"pct":100},"statements":{"total":2,"covered":2,"skipped":0,"pct":100},"branches":{"total":0,"covered":0,"skipped":0,"pct":100}}
}
