{"total": {"lines":{"total":845,"covered":205,"skipped":0,"pct":24.26},"statements":{"total":927,"covered":210,"skipped":0,"pct":22.65},"functions":{"total":259,"covered":51,"skipped":0,"pct":19.69},"branches":{"total":355,"covered":48,"skipped":0,"pct":13.52},"branchesTrue":{"total":0,"covered":0,"skipped":0,"pct":100}}
,"C:\\Users\\apere\\Documents\\4IIS\\ISPP\\Proyecto\\aparkapp\\aparkapp-frontend\\src\\App.js": {"lines":{"total":7,"covered":6,"skipped":0,"pct":85.71},"functions":{"total":2,"covered":2,"skipped":0,"pct":100},"statements":{"total":7,"covered":6,"skipped":0,"pct":85.71},"branches":{"total":4,"covered":2,"skipped":0,"pct":50}}
,"C:\\Users\\apere\\Documents\\4IIS\\ISPP\\Proyecto\\aparkapp\\aparkapp-frontend\\src\\index.js": {"lines":{"total":3,"covered":3,"skipped":0,"pct":100},"functions":{"total":0,"covered":0,"skipped":0,"pct":100},"statements":{"total":3,"covered":3,"skipped":0,"pct":100},"branches":{"total":0,"covered":0,"skipped":0,"pct":100}}
,"C:\\Users\\apere\\Documents\\4IIS\\ISPP\\Proyecto\\aparkapp\\aparkapp-frontend\\src\\reportWebVitals.js": {"lines":{"total":8,"covered":2,"skipped":0,"pct":25},"functions":{"total":2,"covered":1,"skipped":0,"pct":50},"statements":{"total":8,"covered":2,"skipped":0,"pct":25},"branches":{"total":4,"covered":2,"skipped":0,"pct":50}}
,"C:\\Users\\apere\\Documents\\4IIS\\ISPP\\Proyecto\\aparkapp\\aparkapp-frontend\\src\\api\\api.js": {"lines":{"total":91,"covered":30,"skipped":0,"pct":32.96},"functions":{"total":29,"covered":10,"skipped":0,"pct":34.48},"statements":{"total":108,"covered":33,"skipped":0,"pct":30.55},"branches":{"total":52,"covered":8,"skipped":0,"pct":15.38}}
,"C:\\Users\\apere\\Documents\\4IIS\\ISPP\\Proyecto\\aparkapp\\aparkapp-frontend\\src\\components\\Headerbar.js": {"lines":{"total":15,"covered":10,"skipped":0,"pct":66.66},"functions":{"total":8,"covered":3,"skipped":0,"pct":37.5},"statements":{"total":15,"covered":10,"skipped":0,"pct":66.66},"branches":{"total":2,"covered":2,"skipped":0,"pct":100}}
,"C:\\Users\\apere\\Documents\\4IIS\\ISPP\\Proyecto\\aparkapp\\aparkapp-frontend\\src\\components\\views\\AboutUs.js": {"lines":{"total":2,"covered":2,"skipped":0,"pct":100},"functions":{"total":1,"covered":1,"skipped":0,"pct":100},"statements":{"total":2,"covered":2,"skipped":0,"pct":100},"branches":{"total":0,"covered":0,"skipped":0,"pct":100}}
,"C:\\Users\\apere\\Documents\\4IIS\\ISPP\\Proyecto\\aparkapp\\aparkapp-frontend\\src\\components\\views\\Activity.js": {"lines":{"total":140,"covered":72,"skipped":0,"pct":51.42},"functions":{"total":43,"covered":17,"skipped":0,"pct":39.53},"statements":{"total":149,"covered":72,"skipped":0,"pct":48.32},"branches":{"total":56,"covered":14,"skipped":0,"pct":25}}
,"C:\\Users\\apere\\Documents\\4IIS\\ISPP\\Proyecto\\aparkapp\\aparkapp-frontend\\src\\components\\views\\Home.js": {"lines":{"total":2,"covered":2,"skipped":0,"pct":100},"functions":{"total":1,"covered":1,"skipped":0,"pct":100},"statements":{"total":2,"covered":2,"skipped":0,"pct":100},"branches":{"total":0,"covered":0,"skipped":0,"pct":100}}
,"C:\\Users\\apere\\Documents\\4IIS\\ISPP\\Proyecto\\aparkapp\\aparkapp-frontend\\src\\components\\views\\ListAds.js": {"lines":{"total":8,"covered":1,"skipped":0,"pct":12.5},"functions":{"total":4,"covered":0,"skipped":0,"pct":0},"statements":{"total":8,"covered":1,"skipped":0,"pct":12.5},"branches":{"total":2,"covered":0,"skipped":0,"pct":0}}
,"C:\\Users\\apere\\Documents\\4IIS\\ISPP\\Proyecto\\aparkapp\\aparkapp-frontend\\src\\components\\views\\Login.js": {"lines":{"total":26,"covered":22,"skipped":0,"pct":84.61},"functions":{"total":6,"covered":6,"skipped":0,"pct":100},"statements":{"total":26,"covered":22,"skipped":0,"pct":84.61},"branches":{"total":14,"covered":8,"skipped":0,"pct":57.14}}
,"C:\\Users\\apere\\Documents\\4IIS\\ISPP\\Proyecto\\aparkapp\\aparkapp-frontend\\src\\components\\views\\MapRoute.js": {"lines":{"total":31,"covered":1,"skipped":0,"pct":3.22},"functions":{"total":9,"covered":0,"skipped":0,"pct":0},"statements":{"total":33,"covered":1,"skipped":0,"pct":3.03},"branches":{"total":10,"covered":0,"skipped":0,"pct":0}}
,"C:\\Users\\apere\\Documents\\4IIS\\ISPP\\Proyecto\\aparkapp\\aparkapp-frontend\\src\\components\\views\\Notifications.js": {"lines":{"total":23,"covered":1,"skipped":0,"pct":4.34},"functions":{"total":10,"covered":0,"skipped":0,"pct":0},"statements":{"total":28,"covered":1,"skipped":0,"pct":3.57},"branches":{"total":6,"covered":0,"skipped":0,"pct":0}}
,"C:\\Users\\apere\\Documents\\4IIS\\ISPP\\Proyecto\\aparkapp\\aparkapp-frontend\\src\\components\\views\\Profile.js": {"lines":{"total":42,"covered":1,"skipped":0,"pct":2.38},"functions":{"total":20,"covered":0,"skipped":0,"pct":0},"statements":{"total":51,"covered":1,"skipped":0,"pct":1.96},"branches":{"total":22,"covered":0,"skipped":0,"pct":0}}
,"C:\\Users\\apere\\Documents\\4IIS\\ISPP\\Proyecto\\aparkapp\\aparkapp-frontend\\src\\components\\views\\Publish.js": {"lines":{"total":92,"covered":1,"skipped":0,"pct":1.08},"functions":{"total":27,"covered":0,"skipped":0,"pct":0},"statements":{"total":102,"covered":1,"skipped":0,"pct":0.98},"branches":{"total":36,"covered":0,"skipped":0,"pct":0}}
,"C:\\Users\\apere\\Documents\\4IIS\\ISPP\\Proyecto\\aparkapp\\aparkapp-frontend\\src\\components\\views\\Reserve.js": {"lines":{"total":15,"covered":2,"skipped":0,"pct":13.33},"functions":{"total":6,"covered":0,"skipped":0,"pct":0},"statements":{"total":15,"covered":2,"skipped":0,"pct":13.33},"branches":{"total":14,"covered":0,"skipped":0,"pct":0}}
,"C:\\Users\\apere\\Documents\\4IIS\\ISPP\\Proyecto\\aparkapp\\aparkapp-frontend\\src\\components\\views\\RouteVisualization.js": {"lines":{"total":22,"covered":0,"skipped":0,"pct":0},"functions":{"total":7,"covered":0,"skipped":0,"pct":0},"statements":{"total":22,"covered":0,"skipped":0,"pct":0},"branches":{"total":2,"covered":0,"skipped":0,"pct":0}}
,"C:\\Users\\apere\\Documents\\4IIS\\ISPP\\Proyecto\\aparkapp\\aparkapp-frontend\\src\\components\\views\\SearchPlace.js": {"lines":{"total":98,"covered":1,"skipped":0,"pct":1.02},"functions":{"total":26,"covered":0,"skipped":0,"pct":0},"statements":{"total":99,"covered":1,"skipped":0,"pct":1.01},"branches":{"total":19,"covered":0,"skipped":0,"pct":0}}
,"C:\\Users\\apere\\Documents\\4IIS\\ISPP\\Proyecto\\aparkapp\\aparkapp-frontend\\src\\components\\views\\SignUp.js": {"lines":{"total":4,"covered":1,"skipped":0,"pct":25},"functions":{"total":1,"covered":0,"skipped":0,"pct":0},"statements":{"total":4,"covered":1,"skipped":0,"pct":25},"branches":{"total":4,"covered":0,"skipped":0,"pct":0}}
,"C:\\Users\\apere\\Documents\\4IIS\\ISPP\\Proyecto\\aparkapp\\aparkapp-frontend\\src\\components\\views\\UserRegister.js": {"lines":{"total":39,"covered":1,"skipped":0,"pct":2.56},"functions":{"total":10,"covered":0,"skipped":0,"pct":0},"statements":{"total":49,"covered":1,"skipped":0,"pct":2.04},"branches":{"total":30,"covered":0,"skipped":0,"pct":0}}
,"C:\\Users\\apere\\Documents\\4IIS\\ISPP\\Proyecto\\aparkapp\\aparkapp-frontend\\src\\components\\views\\VehicleRegister.js": {"lines":{"total":43,"covered":1,"skipped":0,"pct":2.32},"functions":{"total":11,"covered":0,"skipped":0,"pct":0},"statements":{"total":53,"covered":1,"skipped":0,"pct":1.88},"branches":{"total":32,"covered":0,"skipped":0,"pct":0}}
,"C:\\Users\\apere\\Documents\\4IIS\\ISPP\\Proyecto\\aparkapp\\aparkapp-frontend\\src\\components\\views\\Vehicles.js": {"lines":{"total":61,"covered":1,"skipped":0,"pct":1.63},"functions":{"total":19,"covered":0,"skipped":0,"pct":0},"statements":{"total":65,"covered":1,"skipped":0,"pct":1.53},"branches":{"total":26,"covered":0,"skipped":0,"pct":0}}
,"C:\\Users\\apere\\Documents\\4IIS\\ISPP\\Proyecto\\aparkapp\\aparkapp-frontend\\src\\router\\RequireAuth.js": {"lines":{"total":5,"covered":5,"skipped":0,"pct":100},"functions":{"total":1,"covered":1,"skipped":0,"pct":100},"statements":{"total":5,"covered":5,"skipped":0,"pct":100},"branches":{"total":6,"covered":6,"skipped":0,"pct":100}}
,"C:\\Users\\apere\\Documents\\4IIS\\ISPP\\Proyecto\\aparkapp\\aparkapp-frontend\\src\\router\\Router.js": {"lines":{"total":3,"covered":3,"skipped":0,"pct":100},"functions":{"total":2,"covered":2,"skipped":0,"pct":100},"statements":{"total":3,"covered":3,"skipped":0,"pct":100},"branches":{"total":2,"covered":2,"skipped":0,"pct":100}}
,"C:\\Users\\apere\\Documents\\4IIS\\ISPP\\Proyecto\\aparkapp\\aparkapp-frontend\\src\\router\\Routes.js": {"lines":{"total":1,"covered":1,"skipped":0,"pct":100},"functions":{"total":0,"covered":0,"skipped":0,"pct":100},"statements":{"total":1,"covered":1,"skipped":0,"pct":100},"branches":{"total":0,"covered":0,"skipped":0,"pct":100}}
,"C:\\Users\\apere\\Documents\\4IIS\\ISPP\\Proyecto\\aparkapp\\aparkapp-frontend\\src\\store\\index.js": {"lines":{"total":0,"covered":0,"skipped":0,"pct":0},"functions":{"total":0,"covered":0,"skipped":0,"pct":0},"statements":{"total":0,"covered":0,"skipped":0,"pct":0},"branches":{"total":0,"covered":0,"skipped":0,"pct":0}}
,"C:\\Users\\apere\\Documents\\4IIS\\ISPP\\Proyecto\\aparkapp\\aparkapp-frontend\\src\\store\\session.js": {"lines":{"total":17,"covered":12,"skipped":0,"pct":70.58},"functions":{"total":6,"covered":3,"skipped":0,"pct":50},"statements":{"total":19,"covered":13,"skipped":0,"pct":68.42},"branches":{"total":0,"covered":0,"skipped":0,"pct":100}}
,"C:\\Users\\apere\\Documents\\4IIS\\ISPP\\Proyecto\\aparkapp\\aparkapp-frontend\\src\\utils\\GoogleMaps.js": {"lines":{"total":24,"covered":14,"skipped":0,"pct":58.33},"functions":{"total":3,"covered":2,"skipped":0,"pct":66.66},"statements":{"total":27,"covered":15,"skipped":0,"pct":55.55},"branches":{"total":12,"covered":4,"skipped":0,"pct":33.33}}
,"C:\\Users\\apere\\Documents\\4IIS\\ISPP\\Proyecto\\aparkapp\\aparkapp-frontend\\src\\utils\\dataFormatter.js": {"lines":{"total":6,"covered":0,"skipped":0,"pct":0},"functions":{"total":1,"covered":0,"skipped":0,"pct":0},"statements":{"total":6,"covered":0,"skipped":0,"pct":0},"branches":{"total":0,"covered":0,"skipped":0,"pct":100}}
,"C:\\Users\\apere\\Documents\\4IIS\\ISPP\\Proyecto\\aparkapp\\aparkapp-frontend\\src\\utils\\dateFormatter.js": {"lines":{"total":7,"covered":7,"skipped":0,"pct":100},"functions":{"total":1,"covered":1,"skipped":0,"pct":100},"statements":{"total":7,"covered":7,"skipped":0,"pct":100},"branches":{"total":0,"covered":0,"skipped":0,"pct":100}}
,"C:\\Users\\apere\\Documents\\4IIS\\ISPP\\Proyecto\\aparkapp\\aparkapp-frontend\\src\\utils\\getKm.js": {"lines":{"total":8,"covered":0,"skipped":0,"pct":0},"functions":{"total":2,"covered":0,"skipped":0,"pct":0},"statements":{"total":8,"covered":0,"skipped":0,"pct":0},"branches":{"total":0,"covered":0,"skipped":0,"pct":100}}
,"C:\\Users\\apere\\Documents\\4IIS\\ISPP\\Proyecto\\aparkapp\\aparkapp-frontend\\src\\utils\\latLongRegex.js": {"lines":{"total":2,"covered":2,"skipped":0,"pct":100},"functions":{"total":1,"covered":1,"skipped":0,"pct":100},"statements":{"total":2,"covered":2,"skipped":0,"pct":100},"branches":{"total":0,"covered":0,"skipped":0,"pct":100}}
}
