{"C:\\Users\\Usuario\\Desktop\\Development\\proyects\\aparkapp-frontend\\src\\App.js": {"path":"C:\\Users\\Usuario\\Desktop\\Development\\proyects\\aparkapp-frontend\\src\\App.js","statementMap":{"0":{"start":{"line":6,"column":2},"end":{"line":11,"column":4}}},"fnMap":{"0":{"name":"App","decl":{"start":{"line":5,"column":9},"end":{"line":5,"column":12}},"loc":{"start":{"line":5,"column":15},"end":{"line":12,"column":1}},"line":5}},"branchMap":{},"s":{"0":1},"f":{"0":1},"b":{},"_coverageSchema":"1a1c01bbd47fc00a2c39e90264f33305004495a9","hash":"94be0ed90c88def0451a9193b525241c91968e41"}
,"C:\\Users\\Usuario\\Desktop\\Development\\proyects\\aparkapp-frontend\\src\\index.js": {"path":"C:\\Users\\Usuario\\Desktop\\Development\\proyects\\aparkapp-frontend\\src\\index.js","statementMap":{"0":{"start":{"line":15,"column":0},"end":{"line":15,"column":25}},"1":{"start":{"line":17,"column":0},"end":{"line":26,"column":2}},"2":{"start":{"line":31,"column":0},"end":{"line":31,"column":18}}},"fnMap":{},"branchMap":{},"s":{"0":1,"1":1,"2":1},"f":{},"b":{},"_coverageSchema":"1a1c01bbd47fc00a2c39e90264f33305004495a9","hash":"67c9bff980992d96e4625704a3332451db8cb2a4"}
,"C:\\Users\\Usuario\\Desktop\\Development\\proyects\\aparkapp-frontend\\src\\reportWebVitals.js": {"path":"C:\\Users\\Usuario\\Desktop\\Development\\proyects\\aparkapp-frontend\\src\\reportWebVitals.js","statementMap":{"0":{"start":{"line":1,"column":24},"end":{"line":11,"column":1}},"1":{"start":{"line":2,"column":2},"end":{"line":10,"column":3}},"2":{"start":{"line":3,"column":4},"end":{"line":9,"column":7}},"3":{"start":{"line":4,"column":6},"end":{"line":4,"column":26}},"4":{"start":{"line":5,"column":6},"end":{"line":5,"column":26}},"5":{"start":{"line":6,"column":6},"end":{"line":6,"column":26}},"6":{"start":{"line":7,"column":6},"end":{"line":7,"column":26}},"7":{"start":{"line":8,"column":6},"end":{"line":8,"column":27}}},"fnMap":{"0":{"name":"(anonymous_0)","decl":{"start":{"line":1,"column":24},"end":{"line":1,"column":25}},"loc":{"start":{"line":1,"column":39},"end":{"line":11,"column":1}},"line":1},"1":{"name":"(anonymous_1)","decl":{"start":{"line":3,"column":30},"end":{"line":3,"column":31}},"loc":{"start":{"line":3,"column":79},"end":{"line":9,"column":5}},"line":3}},"branchMap":{"0":{"loc":{"start":{"line":2,"column":2},"end":{"line":10,"column":3}},"type":"if","locations":[{"start":{"line":2,"column":2},"end":{"line":10,"column":3}},{"start":{"line":2,"column":2},"end":{"line":10,"column":3}}],"line":2},"1":{"loc":{"start":{"line":2,"column":6},"end":{"line":2,"column":52}},"type":"binary-expr","locations":[{"start":{"line":2,"column":6},"end":{"line":2,"column":17}},{"start":{"line":2,"column":21},"end":{"line":2,"column":52}}],"line":2}},"s":{"0":1,"1":1,"2":0,"3":0,"4":0,"5":0,"6":0,"7":0},"f":{"0":1,"1":0},"b":{"0":[0,1],"1":[1,0]},"_coverageSchema":"1a1c01bbd47fc00a2c39e90264f33305004495a9","hash":"f943fc617d90ff606bc77d59f4d69bf8cbe5d435"}
,"C:\\Users\\Usuario\\Desktop\\Development\\proyects\\aparkapp-frontend\\src\\api\\api.js": {"path":"C:\\Users\\Usuario\\Desktop\\Development\\proyects\\aparkapp-frontend\\src\\api\\api.js","statementMap":{"0":{"start":{"line":5,"column":27},"end":{"line":5,"column":33}},"1":{"start":{"line":6,"column":34},"end":{"line":6,"column":42}},"2":{"start":{"line":7,"column":19},"end":{"line":7,"column":43}},"3":{"start":{"line":10,"column":26},"end":{"line":10,"column":70}},"4":{"start":{"line":11,"column":4},"end":{"line":11,"column":58}},"5":{"start":{"line":15,"column":33},"end":{"line":15,"column":84}},"6":{"start":{"line":16,"column":4},"end":{"line":16,"column":72}},"7":{"start":{"line":20,"column":25},"end":{"line":20,"column":68}},"8":{"start":{"line":21,"column":4},"end":{"line":25,"column":5}},"9":{"start":{"line":22,"column":8},"end":{"line":22,"column":51}},"10":{"start":{"line":23,"column":11},"end":{"line":25,"column":5}},"11":{"start":{"line":24,"column":8},"end":{"line":24,"column":48}},"12":{"start":{"line":27,"column":25},"end":{"line":27,"column":96}},"13":{"start":{"line":28,"column":22},"end":{"line":28,"column":49}},"14":{"start":{"line":29,"column":4},"end":{"line":29,"column":53}},"15":{"start":{"line":30,"column":4},"end":{"line":30,"column":20}},"16":{"start":{"line":34,"column":20},"end":{"line":34,"column":60}},"17":{"start":{"line":35,"column":4},"end":{"line":40,"column":5}},"18":{"start":{"line":36,"column":8},"end":{"line":36,"column":48}},"19":{"start":{"line":37,"column":11},"end":{"line":40,"column":5}},"20":{"start":{"line":38,"column":8},"end":{"line":38,"column":44}},"21":{"start":{"line":39,"column":8},"end":{"line":39,"column":57}},"22":{"start":{"line":41,"column":4},"end":{"line":41,"column":20}},"23":{"start":{"line":45,"column":20},"end":{"line":47,"column":10}},"24":{"start":{"line":48,"column":4},"end":{"line":48,"column":67}},"25":{"start":{"line":52,"column":20},"end":{"line":54,"column":10}},"26":{"start":{"line":55,"column":4},"end":{"line":55,"column":73}},"27":{"start":{"line":59,"column":20},"end":{"line":61,"column":10}},"28":{"start":{"line":62,"column":4},"end":{"line":62,"column":74}},"29":{"start":{"line":66,"column":20},"end":{"line":68,"column":10}},"30":{"start":{"line":69,"column":4},"end":{"line":69,"column":70}},"31":{"start":{"line":75,"column":4},"end":{"line":79,"column":5}},"32":{"start":{"line":76,"column":8},"end":{"line":76,"column":101}},"33":{"start":{"line":78,"column":8},"end":{"line":78,"column":20}},"34":{"start":{"line":80,"column":57},"end":{"line":80,"column":70}},"35":{"start":{"line":81,"column":4},"end":{"line":81,"column":60}},"36":{"start":{"line":83,"column":4},"end":{"line":83,"column":15}},"37":{"start":{"line":87,"column":4},"end":{"line":91,"column":5}},"38":{"start":{"line":88,"column":8},"end":{"line":88,"column":67}},"39":{"start":{"line":90,"column":8},"end":{"line":90,"column":34}},"40":{"start":{"line":92,"column":4},"end":{"line":92,"column":15}},"41":{"start":{"line":96,"column":21},"end":{"line":96,"column":65}},"42":{"start":{"line":97,"column":4},"end":{"line":97,"column":53}},"43":{"start":{"line":97,"column":33},"end":{"line":97,"column":53}},"44":{"start":{"line":98,"column":4},"end":{"line":98,"column":16}},"45":{"start":{"line":102,"column":21},"end":{"line":102,"column":73}},"46":{"start":{"line":103,"column":4},"end":{"line":103,"column":53}},"47":{"start":{"line":103,"column":33},"end":{"line":103,"column":53}},"48":{"start":{"line":104,"column":4},"end":{"line":104,"column":16}},"49":{"start":{"line":108,"column":21},"end":{"line":108,"column":84}},"50":{"start":{"line":109,"column":4},"end":{"line":109,"column":53}},"51":{"start":{"line":109,"column":33},"end":{"line":109,"column":53}},"52":{"start":{"line":110,"column":4},"end":{"line":110,"column":16}},"53":{"start":{"line":114,"column":21},"end":{"line":114,"column":62}},"54":{"start":{"line":115,"column":4},"end":{"line":115,"column":53}},"55":{"start":{"line":115,"column":33},"end":{"line":115,"column":53}},"56":{"start":{"line":119,"column":21},"end":{"line":119,"column":53}},"57":{"start":{"line":120,"column":4},"end":{"line":120,"column":53}},"58":{"start":{"line":120,"column":33},"end":{"line":120,"column":53}},"59":{"start":{"line":124,"column":21},"end":{"line":124,"column":56}},"60":{"start":{"line":125,"column":4},"end":{"line":125,"column":53}},"61":{"start":{"line":125,"column":33},"end":{"line":125,"column":53}},"62":{"start":{"line":129,"column":21},"end":{"line":129,"column":72}},"63":{"start":{"line":130,"column":4},"end":{"line":130,"column":44}},"64":{"start":{"line":130,"column":33},"end":{"line":130,"column":44}},"65":{"start":{"line":131,"column":4},"end":{"line":131,"column":16}},"66":{"start":{"line":135,"column":21},"end":{"line":135,"column":83}},"67":{"start":{"line":136,"column":4},"end":{"line":136,"column":44}},"68":{"start":{"line":136,"column":33},"end":{"line":136,"column":44}},"69":{"start":{"line":137,"column":4},"end":{"line":137,"column":16}},"70":{"start":{"line":141,"column":21},"end":{"line":141,"column":64}},"71":{"start":{"line":142,"column":4},"end":{"line":142,"column":44}},"72":{"start":{"line":142,"column":33},"end":{"line":142,"column":44}},"73":{"start":{"line":143,"column":4},"end":{"line":143,"column":16}},"74":{"start":{"line":147,"column":21},"end":{"line":147,"column":70}},"75":{"start":{"line":148,"column":4},"end":{"line":148,"column":44}},"76":{"start":{"line":148,"column":33},"end":{"line":148,"column":44}},"77":{"start":{"line":149,"column":4},"end":{"line":149,"column":16}},"78":{"start":{"line":153,"column":21},"end":{"line":153,"column":61}},"79":{"start":{"line":154,"column":4},"end":{"line":154,"column":53}},"80":{"start":{"line":154,"column":33},"end":{"line":154,"column":53}},"81":{"start":{"line":158,"column":21},"end":{"line":158,"column":74}},"82":{"start":{"line":159,"column":4},"end":{"line":159,"column":45}},"83":{"start":{"line":159,"column":33},"end":{"line":159,"column":45}},"84":{"start":{"line":160,"column":4},"end":{"line":160,"column":15}},"85":{"start":{"line":164,"column":21},"end":{"line":164,"column":100}},"86":{"start":{"line":165,"column":4},"end":{"line":165,"column":44}},"87":{"start":{"line":165,"column":33},"end":{"line":165,"column":44}},"88":{"start":{"line":166,"column":4},"end":{"line":166,"column":16}},"89":{"start":{"line":170,"column":21},"end":{"line":170,"column":60}},"90":{"start":{"line":171,"column":4},"end":{"line":171,"column":53}},"91":{"start":{"line":171,"column":33},"end":{"line":171,"column":53}},"92":{"start":{"line":175,"column":21},"end":{"line":175,"column":63}},"93":{"start":{"line":176,"column":4},"end":{"line":176,"column":53}},"94":{"start":{"line":176,"column":33},"end":{"line":176,"column":53}},"95":{"start":{"line":180,"column":4},"end":{"line":184,"column":5}},"96":{"start":{"line":181,"column":8},"end":{"line":181,"column":85}},"97":{"start":{"line":183,"column":8},"end":{"line":183,"column":34}},"98":{"start":{"line":185,"column":4},"end":{"line":185,"column":15}},"99":{"start":{"line":189,"column":4},"end":{"line":193,"column":5}},"100":{"start":{"line":190,"column":8},"end":{"line":190,"column":61}},"101":{"start":{"line":192,"column":8},"end":{"line":192,"column":34}},"102":{"start":{"line":194,"column":4},"end":{"line":194,"column":15}}},"fnMap":{"0":{"name":"checkAuthTokenIsValid","decl":{"start":{"line":9,"column":15},"end":{"line":9,"column":36}},"loc":{"start":{"line":9,"column":39},"end":{"line":12,"column":1}},"line":9},"1":{"name":"checkRefreshAuthTokenIsValid","decl":{"start":{"line":14,"column":15},"end":{"line":14,"column":43}},"loc":{"start":{"line":14,"column":46},"end":{"line":17,"column":1}},"line":14},"2":{"name":"refreshAuthToken","decl":{"start":{"line":19,"column":15},"end":{"line":19,"column":31}},"loc":{"start":{"line":19,"column":34},"end":{"line":31,"column":1}},"line":19},"3":{"name":"getAuthToken","decl":{"start":{"line":33,"column":15},"end":{"line":33,"column":27}},"loc":{"start":{"line":33,"column":30},"end":{"line":42,"column":1}},"line":33},"4":{"name":"apiGet","decl":{"start":{"line":44,"column":15},"end":{"line":44,"column":21}},"loc":{"start":{"line":44,"column":53},"end":{"line":49,"column":1}},"line":44},"5":{"name":"apiPut","decl":{"start":{"line":51,"column":15},"end":{"line":51,"column":21}},"loc":{"start":{"line":51,"column":59},"end":{"line":56,"column":1}},"line":51},"6":{"name":"apiPost","decl":{"start":{"line":58,"column":15},"end":{"line":58,"column":22}},"loc":{"start":{"line":58,"column":60},"end":{"line":63,"column":1}},"line":58},"7":{"name":"apiDelete","decl":{"start":{"line":65,"column":15},"end":{"line":65,"column":24}},"loc":{"start":{"line":65,"column":56},"end":{"line":70,"column":1}},"line":65},"8":{"name":"login","decl":{"start":{"line":73,"column":22},"end":{"line":73,"column":27}},"loc":{"start":{"line":73,"column":48},"end":{"line":84,"column":1}},"line":73},"9":{"name":"publish","decl":{"start":{"line":86,"column":22},"end":{"line":86,"column":29}},"loc":{"start":{"line":86,"column":48},"end":{"line":93,"column":1}},"line":86},"10":{"name":"getUserAnnouncements","decl":{"start":{"line":95,"column":22},"end":{"line":95,"column":42}},"loc":{"start":{"line":95,"column":45},"end":{"line":99,"column":1}},"line":95},"11":{"name":"getAnnouncement","decl":{"start":{"line":101,"column":22},"end":{"line":101,"column":37}},"loc":{"start":{"line":101,"column":44},"end":{"line":105,"column":1}},"line":101},"12":{"name":"getReservationUser","decl":{"start":{"line":107,"column":22},"end":{"line":107,"column":40}},"loc":{"start":{"line":107,"column":47},"end":{"line":111,"column":1}},"line":107},"13":{"name":"getVehicles","decl":{"start":{"line":113,"column":22},"end":{"line":113,"column":33}},"loc":{"start":{"line":113,"column":36},"end":{"line":116,"column":1}},"line":113},"14":{"name":"getUser","decl":{"start":{"line":118,"column":22},"end":{"line":118,"column":29}},"loc":{"start":{"line":118,"column":32},"end":{"line":121,"column":1}},"line":118},"15":{"name":"getProfile","decl":{"start":{"line":123,"column":22},"end":{"line":123,"column":32}},"loc":{"start":{"line":123,"column":35},"end":{"line":126,"column":1}},"line":123},"16":{"name":"deleteVehicle","decl":{"start":{"line":128,"column":22},"end":{"line":128,"column":35}},"loc":{"start":{"line":128,"column":42},"end":{"line":132,"column":1}},"line":128},"17":{"name":"updateVehicle","decl":{"start":{"line":134,"column":22},"end":{"line":134,"column":35}},"loc":{"start":{"line":134,"column":56},"end":{"line":138,"column":1}},"line":134},"18":{"name":"updateUser","decl":{"start":{"line":140,"column":22},"end":{"line":140,"column":32}},"loc":{"start":{"line":140,"column":44},"end":{"line":144,"column":1}},"line":140},"19":{"name":"updateProfile","decl":{"start":{"line":146,"column":22},"end":{"line":146,"column":35}},"loc":{"start":{"line":146,"column":50},"end":{"line":150,"column":1}},"line":146},"20":{"name":"getAnnouncements","decl":{"start":{"line":152,"column":22},"end":{"line":152,"column":38}},"loc":{"start":{"line":152,"column":41},"end":{"line":155,"column":1}},"line":152},"21":{"name":"reserve","decl":{"start":{"line":157,"column":22},"end":{"line":157,"column":29}},"loc":{"start":{"line":157,"column":43},"end":{"line":161,"column":1}},"line":157},"22":{"name":"updateStatusAnnouncement","decl":{"start":{"line":163,"column":22},"end":{"line":163,"column":46}},"loc":{"start":{"line":163,"column":72},"end":{"line":167,"column":1}},"line":163},"23":{"name":"getBookings","decl":{"start":{"line":169,"column":22},"end":{"line":169,"column":33}},"loc":{"start":{"line":169,"column":36},"end":{"line":172,"column":1}},"line":169},"24":{"name":"getMyAnnnouncements","decl":{"start":{"line":174,"column":22},"end":{"line":174,"column":41}},"loc":{"start":{"line":174,"column":44},"end":{"line":177,"column":1}},"line":174},"25":{"name":"editAnnouncement","decl":{"start":{"line":179,"column":22},"end":{"line":179,"column":38}},"loc":{"start":{"line":179,"column":53},"end":{"line":186,"column":1}},"line":179},"26":{"name":"register","decl":{"start":{"line":188,"column":22},"end":{"line":188,"column":30}},"loc":{"start":{"line":188,"column":47},"end":{"line":195,"column":1}},"line":188}},"branchMap":{"0":{"loc":{"start":{"line":21,"column":4},"end":{"line":25,"column":5}},"type":"if","locations":[{"start":{"line":21,"column":4},"end":{"line":25,"column":5}},{"start":{"line":21,"column":4},"end":{"line":25,"column":5}}],"line":21},"1":{"loc":{"start":{"line":23,"column":11},"end":{"line":25,"column":5}},"type":"if","locations":[{"start":{"line":23,"column":11},"end":{"line":25,"column":5}},{"start":{"line":23,"column":11},"end":{"line":25,"column":5}}],"line":23},"2":{"loc":{"start":{"line":35,"column":4},"end":{"line":40,"column":5}},"type":"if","locations":[{"start":{"line":35,"column":4},"end":{"line":40,"column":5}},{"start":{"line":35,"column":4},"end":{"line":40,"column":5}}],"line":35},"3":{"loc":{"start":{"line":37,"column":11},"end":{"line":40,"column":5}},"type":"if","locations":[{"start":{"line":37,"column":11},"end":{"line":40,"column":5}},{"start":{"line":37,"column":11},"end":{"line":40,"column":5}}],"line":37},"4":{"loc":{"start":{"line":44,"column":32},"end":{"line":44,"column":51}},"type":"default-arg","locations":[{"start":{"line":44,"column":47},"end":{"line":44,"column":51}}],"line":44},"5":{"loc":{"start":{"line":45,"column":20},"end":{"line":47,"column":10}},"type":"cond-expr","locations":[{"start":{"line":45,"column":35},"end":{"line":47,"column":5}},{"start":{"line":47,"column":8},"end":{"line":47,"column":10}}],"line":45},"6":{"loc":{"start":{"line":51,"column":38},"end":{"line":51,"column":57}},"type":"default-arg","locations":[{"start":{"line":51,"column":53},"end":{"line":51,"column":57}}],"line":51},"7":{"loc":{"start":{"line":52,"column":20},"end":{"line":54,"column":10}},"type":"cond-expr","locations":[{"start":{"line":52,"column":35},"end":{"line":54,"column":5}},{"start":{"line":54,"column":8},"end":{"line":54,"column":10}}],"line":52},"8":{"loc":{"start":{"line":58,"column":39},"end":{"line":58,"column":58}},"type":"default-arg","locations":[{"start":{"line":58,"column":54},"end":{"line":58,"column":58}}],"line":58},"9":{"loc":{"start":{"line":59,"column":20},"end":{"line":61,"column":10}},"type":"cond-expr","locations":[{"start":{"line":59,"column":35},"end":{"line":61,"column":5}},{"start":{"line":61,"column":8},"end":{"line":61,"column":10}}],"line":59},"10":{"loc":{"start":{"line":65,"column":35},"end":{"line":65,"column":54}},"type":"default-arg","locations":[{"start":{"line":65,"column":50},"end":{"line":65,"column":54}}],"line":65},"11":{"loc":{"start":{"line":66,"column":20},"end":{"line":68,"column":10}},"type":"cond-expr","locations":[{"start":{"line":66,"column":35},"end":{"line":68,"column":5}},{"start":{"line":68,"column":8},"end":{"line":68,"column":10}}],"line":66},"12":{"loc":{"start":{"line":97,"column":4},"end":{"line":97,"column":53}},"type":"if","locations":[{"start":{"line":97,"column":4},"end":{"line":97,"column":53}},{"start":{"line":97,"column":4},"end":{"line":97,"column":53}}],"line":97},"13":{"loc":{"start":{"line":103,"column":4},"end":{"line":103,"column":53}},"type":"if","locations":[{"start":{"line":103,"column":4},"end":{"line":103,"column":53}},{"start":{"line":103,"column":4},"end":{"line":103,"column":53}}],"line":103},"14":{"loc":{"start":{"line":109,"column":4},"end":{"line":109,"column":53}},"type":"if","locations":[{"start":{"line":109,"column":4},"end":{"line":109,"column":53}},{"start":{"line":109,"column":4},"end":{"line":109,"column":53}}],"line":109},"15":{"loc":{"start":{"line":115,"column":4},"end":{"line":115,"column":53}},"type":"if","locations":[{"start":{"line":115,"column":4},"end":{"line":115,"column":53}},{"start":{"line":115,"column":4},"end":{"line":115,"column":53}}],"line":115},"16":{"loc":{"start":{"line":120,"column":4},"end":{"line":120,"column":53}},"type":"if","locations":[{"start":{"line":120,"column":4},"end":{"line":120,"column":53}},{"start":{"line":120,"column":4},"end":{"line":120,"column":53}}],"line":120},"17":{"loc":{"start":{"line":125,"column":4},"end":{"line":125,"column":53}},"type":"if","locations":[{"start":{"line":125,"column":4},"end":{"line":125,"column":53}},{"start":{"line":125,"column":4},"end":{"line":125,"column":53}}],"line":125},"18":{"loc":{"start":{"line":130,"column":4},"end":{"line":130,"column":44}},"type":"if","locations":[{"start":{"line":130,"column":4},"end":{"line":130,"column":44}},{"start":{"line":130,"column":4},"end":{"line":130,"column":44}}],"line":130},"19":{"loc":{"start":{"line":136,"column":4},"end":{"line":136,"column":44}},"type":"if","locations":[{"start":{"line":136,"column":4},"end":{"line":136,"column":44}},{"start":{"line":136,"column":4},"end":{"line":136,"column":44}}],"line":136},"20":{"loc":{"start":{"line":142,"column":4},"end":{"line":142,"column":44}},"type":"if","locations":[{"start":{"line":142,"column":4},"end":{"line":142,"column":44}},{"start":{"line":142,"column":4},"end":{"line":142,"column":44}}],"line":142},"21":{"loc":{"start":{"line":148,"column":4},"end":{"line":148,"column":44}},"type":"if","locations":[{"start":{"line":148,"column":4},"end":{"line":148,"column":44}},{"start":{"line":148,"column":4},"end":{"line":148,"column":44}}],"line":148},"22":{"loc":{"start":{"line":154,"column":4},"end":{"line":154,"column":53}},"type":"if","locations":[{"start":{"line":154,"column":4},"end":{"line":154,"column":53}},{"start":{"line":154,"column":4},"end":{"line":154,"column":53}}],"line":154},"23":{"loc":{"start":{"line":159,"column":4},"end":{"line":159,"column":45}},"type":"if","locations":[{"start":{"line":159,"column":4},"end":{"line":159,"column":45}},{"start":{"line":159,"column":4},"end":{"line":159,"column":45}}],"line":159},"24":{"loc":{"start":{"line":165,"column":4},"end":{"line":165,"column":44}},"type":"if","locations":[{"start":{"line":165,"column":4},"end":{"line":165,"column":44}},{"start":{"line":165,"column":4},"end":{"line":165,"column":44}}],"line":165},"25":{"loc":{"start":{"line":171,"column":4},"end":{"line":171,"column":53}},"type":"if","locations":[{"start":{"line":171,"column":4},"end":{"line":171,"column":53}},{"start":{"line":171,"column":4},"end":{"line":171,"column":53}}],"line":171},"26":{"loc":{"start":{"line":176,"column":4},"end":{"line":176,"column":53}},"type":"if","locations":[{"start":{"line":176,"column":4},"end":{"line":176,"column":53}},{"start":{"line":176,"column":4},"end":{"line":176,"column":53}}],"line":176}},"s":{"0":1,"1":1,"2":1,"3":4,"4":4,"5":0,"6":0,"7":0,"8":0,"9":0,"10":0,"11":0,"12":0,"13":0,"14":0,"15":0,"16":4,"17":4,"18":0,"19":4,"20":0,"21":0,"22":4,"23":4,"24":4,"25":0,"26":0,"27":1,"28":1,"29":0,"30":0,"31":1,"32":1,"33":0,"34":1,"35":1,"36":1,"37":0,"38":0,"39":0,"40":0,"41":0,"42":0,"43":0,"44":0,"45":1,"46":1,"47":1,"48":0,"49":0,"50":0,"51":0,"52":0,"53":1,"54":1,"55":1,"56":0,"57":0,"58":0,"59":0,"60":0,"61":0,"62":0,"63":0,"64":0,"65":0,"66":0,"67":0,"68":0,"69":0,"70":0,"71":0,"72":0,"73":0,"74":0,"75":0,"76":0,"77":0,"78":0,"79":0,"80":0,"81":0,"82":0,"83":0,"84":0,"85":0,"86":0,"87":0,"88":0,"89":1,"90":1,"91":1,"92":1,"93":1,"94":1,"95":0,"96":0,"97":0,"98":0,"99":0,"100":0,"101":0,"102":0},"f":{"0":4,"1":0,"2":0,"3":4,"4":4,"5":0,"6":1,"7":0,"8":1,"9":0,"10":0,"11":1,"12":0,"13":1,"14":0,"15":0,"16":0,"17":0,"18":0,"19":0,"20":0,"21":0,"22":0,"23":1,"24":1,"25":0,"26":0},"b":{"0":[0,0],"1":[0,0],"2":[0,4],"3":[0,4],"4":[0],"5":[4,0],"6":[0],"7":[0,0],"8":[0],"9":[0,1],"10":[0],"11":[0,0],"12":[0,0],"13":[1,0],"14":[0,0],"15":[1,0],"16":[0,0],"17":[0,0],"18":[0,0],"19":[0,0],"20":[0,0],"21":[0,0],"22":[0,0],"23":[0,0],"24":[0,0],"25":[1,0],"26":[1,0]},"_coverageSchema":"1a1c01bbd47fc00a2c39e90264f33305004495a9","hash":"0c026a7e330cf68c973eda663822a15f7b9a2865"}
,"C:\\Users\\Usuario\\Desktop\\Development\\proyects\\aparkapp-frontend\\src\\components\\Headerbar.js": {"path":"C:\\Users\\Usuario\\Desktop\\Development\\proyects\\aparkapp-frontend\\src\\components\\Headerbar.js","statementMap":{"0":{"start":{"line":9,"column":18},"end":{"line":83,"column":1}},"1":{"start":{"line":10,"column":21},"end":{"line":10,"column":34}},"2":{"start":{"line":11,"column":25},"end":{"line":11,"column":50}},"3":{"start":{"line":12,"column":21},"end":{"line":12,"column":34}},"4":{"start":{"line":14,"column":22},"end":{"line":51,"column":5}},"5":{"start":{"line":19,"column":16},"end":{"line":19,"column":33}},"6":{"start":{"line":26,"column":16},"end":{"line":26,"column":37}},"7":{"start":{"line":33,"column":16},"end":{"line":33,"column":42}},"8":{"start":{"line":41,"column":16},"end":{"line":41,"column":36}},"9":{"start":{"line":48,"column":16},"end":{"line":48,"column":34}},"10":{"start":{"line":53,"column":18},"end":{"line":69,"column":5}},"11":{"start":{"line":59,"column":16},"end":{"line":59,"column":34}},"12":{"start":{"line":66,"column":16},"end":{"line":66,"column":35}},"13":{"start":{"line":72,"column":8},"end":{"line":74,"column":14}},"14":{"start":{"line":76,"column":4},"end":{"line":82,"column":6}}},"fnMap":{"0":{"name":"(anonymous_0)","decl":{"start":{"line":9,"column":18},"end":{"line":9,"column":19}},"loc":{"start":{"line":9,"column":24},"end":{"line":83,"column":1}},"line":9},"1":{"name":"(anonymous_1)","decl":{"start":{"line":18,"column":21},"end":{"line":18,"column":22}},"loc":{"start":{"line":18,"column":27},"end":{"line":20,"column":13}},"line":18},"2":{"name":"(anonymous_2)","decl":{"start":{"line":25,"column":21},"end":{"line":25,"column":22}},"loc":{"start":{"line":25,"column":27},"end":{"line":27,"column":13}},"line":25},"3":{"name":"(anonymous_3)","decl":{"start":{"line":32,"column":21},"end":{"line":32,"column":22}},"loc":{"start":{"line":32,"column":27},"end":{"line":34,"column":13}},"line":32},"4":{"name":"(anonymous_4)","decl":{"start":{"line":40,"column":21},"end":{"line":40,"column":22}},"loc":{"start":{"line":40,"column":27},"end":{"line":42,"column":13}},"line":40},"5":{"name":"(anonymous_5)","decl":{"start":{"line":47,"column":21},"end":{"line":47,"column":22}},"loc":{"start":{"line":47,"column":27},"end":{"line":49,"column":13}},"line":47},"6":{"name":"(anonymous_6)","decl":{"start":{"line":58,"column":21},"end":{"line":58,"column":22}},"loc":{"start":{"line":58,"column":27},"end":{"line":60,"column":13}},"line":58},"7":{"name":"(anonymous_7)","decl":{"start":{"line":65,"column":21},"end":{"line":65,"column":22}},"loc":{"start":{"line":65,"column":27},"end":{"line":67,"column":13}},"line":65}},"branchMap":{"0":{"loc":{"start":{"line":79,"column":32},"end":{"line":79,"column":66}},"type":"cond-expr","locations":[{"start":{"line":79,"column":49},"end":{"line":79,"column":58}},{"start":{"line":79,"column":61},"end":{"line":79,"column":66}}],"line":79}},"s":{"0":1,"1":8,"2":8,"3":8,"4":8,"5":0,"6":1,"7":0,"8":0,"9":0,"10":8,"11":1,"12":0,"13":8,"14":8},"f":{"0":8,"1":0,"2":1,"3":0,"4":0,"5":0,"6":1,"7":0},"b":{"0":[4,4]},"_coverageSchema":"1a1c01bbd47fc00a2c39e90264f33305004495a9","hash":"e01675a65bf1e2a94b80458253ece67c8787f0a4"}
,"C:\\Users\\Usuario\\Desktop\\Development\\proyects\\aparkapp-frontend\\src\\components\\views\\AboutUs.js": {"path":"C:\\Users\\Usuario\\Desktop\\Development\\proyects\\aparkapp-frontend\\src\\components\\views\\AboutUs.js","statementMap":{"0":{"start":{"line":2,"column":16},"end":{"line":9,"column":1}},"1":{"start":{"line":3,"column":4},"end":{"line":8,"column":6}}},"fnMap":{"0":{"name":"(anonymous_0)","decl":{"start":{"line":2,"column":16},"end":{"line":2,"column":17}},"loc":{"start":{"line":2,"column":22},"end":{"line":9,"column":1}},"line":2}},"branchMap":{},"s":{"0":1,"1":1},"f":{"0":1},"b":{},"_coverageSchema":"1a1c01bbd47fc00a2c39e90264f33305004495a9","hash":"d8431f60c70ea86f4ecb67c1d06839cb7e705424"}
,"C:\\Users\\Usuario\\Desktop\\Development\\proyects\\aparkapp-frontend\\src\\components\\views\\Activity.js": {"path":"C:\\Users\\Usuario\\Desktop\\Development\\proyects\\aparkapp-frontend\\src\\components\\views\\Activity.js","statementMap":{"0":{"start":{"line":22,"column":25},"end":{"line":63,"column":1}},"1":{"start":{"line":25,"column":4},"end":{"line":25,"column":61}},"2":{"start":{"line":25,"column":32},"end":{"line":25,"column":61}},"3":{"start":{"line":26,"column":4},"end":{"line":30,"column":5}},"4":{"start":{"line":27,"column":8},"end":{"line":27,"column":35}},"5":{"start":{"line":29,"column":8},"end":{"line":29,"column":37}},"6":{"start":{"line":32,"column":28},"end":{"line":35,"column":5}},"7":{"start":{"line":33,"column":8},"end":{"line":33,"column":45}},"8":{"start":{"line":34,"column":8},"end":{"line":34,"column":31}},"9":{"start":{"line":37,"column":4},"end":{"line":62,"column":5}},"10":{"start":{"line":65,"column":20},"end":{"line":102,"column":1}},"11":{"start":{"line":67,"column":4},"end":{"line":67,"column":61}},"12":{"start":{"line":67,"column":32},"end":{"line":67,"column":61}},"13":{"start":{"line":68,"column":4},"end":{"line":72,"column":5}},"14":{"start":{"line":69,"column":8},"end":{"line":69,"column":35}},"15":{"start":{"line":71,"column":8},"end":{"line":71,"column":37}},"16":{"start":{"line":74,"column":4},"end":{"line":101,"column":5}},"17":{"start":{"line":104,"column":17},"end":{"line":374,"column":1}},"18":{"start":{"line":105,"column":36},"end":{"line":105,"column":48}},"19":{"start":{"line":106,"column":46},"end":{"line":106,"column":58}},"20":{"start":{"line":107,"column":46},"end":{"line":107,"column":61}},"21":{"start":{"line":108,"column":60},"end":{"line":108,"column":74}},"22":{"start":{"line":109,"column":36},"end":{"line":109,"column":48}},"23":{"start":{"line":111,"column":34},"end":{"line":111,"column":46}},"24":{"start":{"line":112,"column":28},"end":{"line":112,"column":48}},"25":{"start":{"line":113,"column":36},"end":{"line":113,"column":47}},"26":{"start":{"line":114,"column":30},"end":{"line":114,"column":42}},"27":{"start":{"line":115,"column":38},"end":{"line":115,"column":52}},"28":{"start":{"line":116,"column":36},"end":{"line":116,"column":48}},"29":{"start":{"line":117,"column":28},"end":{"line":117,"column":40}},"30":{"start":{"line":118,"column":50},"end":{"line":118,"column":64}},"31":{"start":{"line":119,"column":40},"end":{"line":119,"column":52}},"32":{"start":{"line":120,"column":17},"end":{"line":120,"column":29}},"33":{"start":{"line":121,"column":18},"end":{"line":121,"column":30}},"34":{"start":{"line":123,"column":42},"end":{"line":123,"column":56}},"35":{"start":{"line":124,"column":50},"end":{"line":124,"column":65}},"36":{"start":{"line":125,"column":36},"end":{"line":125,"column":48}},"37":{"start":{"line":126,"column":50},"end":{"line":126,"column":65}},"38":{"start":{"line":127,"column":48},"end":{"line":127,"column":60}},"39":{"start":{"line":128,"column":48},"end":{"line":128,"column":63}},"40":{"start":{"line":130,"column":4},"end":{"line":151,"column":10}},"41":{"start":{"line":131,"column":8},"end":{"line":133,"column":10}},"42":{"start":{"line":132,"column":12},"end":{"line":132,"column":29}},"43":{"start":{"line":134,"column":8},"end":{"line":136,"column":10}},"44":{"start":{"line":135,"column":12},"end":{"line":135,"column":34}},"45":{"start":{"line":137,"column":8},"end":{"line":139,"column":10}},"46":{"start":{"line":138,"column":12},"end":{"line":138,"column":29}},"47":{"start":{"line":140,"column":8},"end":{"line":142,"column":12}},"48":{"start":{"line":141,"column":12},"end":{"line":141,"column":94}},"49":{"start":{"line":143,"column":8},"end":{"line":145,"column":12}},"50":{"start":{"line":144,"column":12},"end":{"line":144,"column":37}},"51":{"start":{"line":147,"column":8},"end":{"line":149,"column":9}},"52":{"start":{"line":148,"column":12},"end":{"line":148,"column":31}},"53":{"start":{"line":153,"column":4},"end":{"line":167,"column":30}},"54":{"start":{"line":155,"column":12},"end":{"line":164,"column":13}},"55":{"start":{"line":156,"column":16},"end":{"line":156,"column":70}},"56":{"start":{"line":157,"column":16},"end":{"line":157,"column":76}},"57":{"start":{"line":158,"column":16},"end":{"line":158,"column":60}},"58":{"start":{"line":159,"column":16},"end":{"line":159,"column":53}},"59":{"start":{"line":160,"column":16},"end":{"line":160,"column":76}},"60":{"start":{"line":161,"column":16},"end":{"line":161,"column":59}},"61":{"start":{"line":162,"column":16},"end":{"line":162,"column":51}},"62":{"start":{"line":163,"column":16},"end":{"line":163,"column":88}},"63":{"start":{"line":166,"column":8},"end":{"line":166,"column":39}},"64":{"start":{"line":170,"column":19},"end":{"line":173,"column":5}},"65":{"start":{"line":171,"column":8},"end":{"line":171,"column":37}},"66":{"start":{"line":172,"column":8},"end":{"line":172,"column":32}},"67":{"start":{"line":175,"column":26},"end":{"line":177,"column":5}},"68":{"start":{"line":176,"column":8},"end":{"line":176,"column":101}},"69":{"start":{"line":179,"column":21},"end":{"line":194,"column":5}},"70":{"start":{"line":180,"column":23},"end":{"line":180,"column":25}},"71":{"start":{"line":181,"column":8},"end":{"line":181,"column":59}},"72":{"start":{"line":181,"column":22},"end":{"line":181,"column":59}},"73":{"start":{"line":182,"column":8},"end":{"line":182,"column":50}},"74":{"start":{"line":182,"column":19},"end":{"line":182,"column":50}},"75":{"start":{"line":183,"column":8},"end":{"line":183,"column":87}},"76":{"start":{"line":183,"column":41},"end":{"line":183,"column":87}},"77":{"start":{"line":184,"column":8},"end":{"line":184,"column":53}},"78":{"start":{"line":184,"column":20},"end":{"line":184,"column":53}},"79":{"start":{"line":185,"column":8},"end":{"line":185,"column":62}},"80":{"start":{"line":185,"column":23},"end":{"line":185,"column":62}},"81":{"start":{"line":186,"column":8},"end":{"line":186,"column":65}},"82":{"start":{"line":186,"column":19},"end":{"line":186,"column":65}},"83":{"start":{"line":187,"column":8},"end":{"line":187,"column":85}},"84":{"start":{"line":187,"column":30},"end":{"line":187,"column":85}},"85":{"start":{"line":188,"column":8},"end":{"line":188,"column":29}},"86":{"start":{"line":190,"column":8},"end":{"line":192,"column":9}},"87":{"start":{"line":191,"column":12},"end":{"line":191,"column":26}},"88":{"start":{"line":195,"column":24},"end":{"line":226,"column":5}},"89":{"start":{"line":196,"column":30},"end":{"line":196,"column":83}},"90":{"start":{"line":196,"column":55},"end":{"line":196,"column":82}},"91":{"start":{"line":197,"column":24},"end":{"line":197,"column":42}},"92":{"start":{"line":199,"column":33},"end":{"line":210,"column":9}},"93":{"start":{"line":211,"column":18},"end":{"line":211,"column":58}},"94":{"start":{"line":212,"column":8},"end":{"line":225,"column":9}},"95":{"start":{"line":213,"column":12},"end":{"line":215,"column":14}},"96":{"start":{"line":214,"column":16},"end":{"line":214,"column":33}},"97":{"start":{"line":216,"column":12},"end":{"line":218,"column":14}},"98":{"start":{"line":217,"column":16},"end":{"line":217,"column":38}},"99":{"start":{"line":219,"column":12},"end":{"line":219,"column":35}},"100":{"start":{"line":220,"column":12},"end":{"line":220,"column":86}},"101":{"start":{"line":222,"column":27},"end":{"line":222,"column":29}},"102":{"start":{"line":223,"column":12},"end":{"line":223,"column":31}},"103":{"start":{"line":224,"column":12},"end":{"line":224,"column":33}},"104":{"start":{"line":229,"column":8},"end":{"line":232,"column":14}},"105":{"start":{"line":234,"column":22},"end":{"line":234,"column":104}},"106":{"start":{"line":236,"column":24},"end":{"line":239,"column":5}},"107":{"start":{"line":241,"column":25},"end":{"line":243,"column":5}},"108":{"start":{"line":242,"column":8},"end":{"line":242,"column":48}},"109":{"start":{"line":245,"column":20},"end":{"line":247,"column":5}},"110":{"start":{"line":246,"column":8},"end":{"line":246,"column":33}},"111":{"start":{"line":249,"column":23},"end":{"line":253,"column":7}},"112":{"start":{"line":250,"column":8},"end":{"line":250,"column":31}},"113":{"start":{"line":251,"column":8},"end":{"line":251,"column":72}},"114":{"start":{"line":252,"column":8},"end":{"line":252,"column":99}},"115":{"start":{"line":255,"column":22},"end":{"line":267,"column":7}},"116":{"start":{"line":256,"column":24},"end":{"line":263,"column":10}},"117":{"start":{"line":264,"column":8},"end":{"line":264,"column":61}},"118":{"start":{"line":265,"column":8},"end":{"line":265,"column":33}},"119":{"start":{"line":266,"column":8},"end":{"line":266,"column":34}},"120":{"start":{"line":269,"column":23},"end":{"line":272,"column":5}},"121":{"start":{"line":270,"column":8},"end":{"line":270,"column":24}},"122":{"start":{"line":271,"column":8},"end":{"line":271,"column":33}},"123":{"start":{"line":274,"column":23},"end":{"line":277,"column":5}},"124":{"start":{"line":275,"column":8},"end":{"line":275,"column":33}},"125":{"start":{"line":276,"column":8},"end":{"line":276,"column":36}},"126":{"start":{"line":280,"column":6},"end":{"line":283,"column":12}},"127":{"start":{"line":287,"column":4},"end":{"line":373,"column":5}},"128":{"start":{"line":292,"column":20},"end":{"line":294,"column":26}},"129":{"start":{"line":297,"column":20},"end":{"line":302,"column":26}},"130":{"start":{"line":315,"column":96},"end":{"line":315,"column":111}},"131":{"start":{"line":315,"column":131},"end":{"line":315,"column":150}},"132":{"start":{"line":319,"column":76},"end":{"line":319,"column":107}},"133":{"start":{"line":323,"column":91},"end":{"line":323,"column":111}},"134":{"start":{"line":327,"column":96},"end":{"line":327,"column":113}},"135":{"start":{"line":331,"column":107},"end":{"line":331,"column":128}},"136":{"start":{"line":340,"column":107},"end":{"line":340,"column":121}},"137":{"start":{"line":344,"column":24},"end":{"line":346,"column":26}},"138":{"start":{"line":345,"column":28},"end":{"line":345,"column":100}},"139":{"start":{"line":350,"column":60},"end":{"line":350,"column":76}},"140":{"start":{"line":354,"column":96},"end":{"line":354,"column":123}}},"fnMap":{"0":{"name":"(anonymous_0)","decl":{"start":{"line":22,"column":25},"end":{"line":22,"column":26}},"loc":{"start":{"line":22,"column":90},"end":{"line":63,"column":1}},"line":22},"1":{"name":"(anonymous_1)","decl":{"start":{"line":32,"column":28},"end":{"line":32,"column":29}},"loc":{"start":{"line":32,"column":34},"end":{"line":35,"column":5}},"line":32},"2":{"name":"(anonymous_2)","decl":{"start":{"line":65,"column":20},"end":{"line":65,"column":21}},"loc":{"start":{"line":65,"column":42},"end":{"line":102,"column":1}},"line":65},"3":{"name":"(anonymous_3)","decl":{"start":{"line":104,"column":17},"end":{"line":104,"column":18}},"loc":{"start":{"line":104,"column":23},"end":{"line":374,"column":1}},"line":104},"4":{"name":"(anonymous_4)","decl":{"start":{"line":130,"column":14},"end":{"line":130,"column":15}},"loc":{"start":{"line":130,"column":20},"end":{"line":151,"column":5}},"line":130},"5":{"name":"(anonymous_5)","decl":{"start":{"line":131,"column":27},"end":{"line":131,"column":28}},"loc":{"start":{"line":131,"column":35},"end":{"line":133,"column":9}},"line":131},"6":{"name":"(anonymous_6)","decl":{"start":{"line":134,"column":35},"end":{"line":134,"column":36}},"loc":{"start":{"line":134,"column":43},"end":{"line":136,"column":9}},"line":134},"7":{"name":"(anonymous_7)","decl":{"start":{"line":137,"column":27},"end":{"line":137,"column":28}},"loc":{"start":{"line":137,"column":35},"end":{"line":139,"column":9}},"line":137},"8":{"name":"(anonymous_8)","decl":{"start":{"line":140,"column":49},"end":{"line":140,"column":50}},"loc":{"start":{"line":140,"column":63},"end":{"line":142,"column":11}},"line":140},"9":{"name":"(anonymous_9)","decl":{"start":{"line":143,"column":23},"end":{"line":143,"column":24}},"loc":{"start":{"line":143,"column":29},"end":{"line":145,"column":11}},"line":143},"10":{"name":"(anonymous_10)","decl":{"start":{"line":147,"column":15},"end":{"line":147,"column":16}},"loc":{"start":{"line":147,"column":21},"end":{"line":149,"column":9}},"line":147},"11":{"name":"(anonymous_11)","decl":{"start":{"line":153,"column":14},"end":{"line":153,"column":15}},"loc":{"start":{"line":153,"column":20},"end":{"line":167,"column":5}},"line":153},"12":{"name":"selectedAnnouncementCallback","decl":{"start":{"line":154,"column":23},"end":{"line":154,"column":51}},"loc":{"start":{"line":154,"column":54},"end":{"line":165,"column":9}},"line":154},"13":{"name":"(anonymous_13)","decl":{"start":{"line":170,"column":19},"end":{"line":170,"column":20}},"loc":{"start":{"line":170,"column":30},"end":{"line":173,"column":5}},"line":170},"14":{"name":"(anonymous_14)","decl":{"start":{"line":175,"column":26},"end":{"line":175,"column":27}},"loc":{"start":{"line":175,"column":41},"end":{"line":177,"column":5}},"line":175},"15":{"name":"(anonymous_15)","decl":{"start":{"line":179,"column":21},"end":{"line":179,"column":22}},"loc":{"start":{"line":179,"column":27},"end":{"line":194,"column":5}},"line":179},"16":{"name":"(anonymous_16)","decl":{"start":{"line":195,"column":24},"end":{"line":195,"column":25}},"loc":{"start":{"line":195,"column":41},"end":{"line":226,"column":5}},"line":195},"17":{"name":"(anonymous_17)","decl":{"start":{"line":196,"column":50},"end":{"line":196,"column":51}},"loc":{"start":{"line":196,"column":55},"end":{"line":196,"column":82}},"line":196},"18":{"name":"(anonymous_18)","decl":{"start":{"line":213,"column":31},"end":{"line":213,"column":32}},"loc":{"start":{"line":213,"column":39},"end":{"line":215,"column":13}},"line":213},"19":{"name":"(anonymous_19)","decl":{"start":{"line":216,"column":39},"end":{"line":216,"column":40}},"loc":{"start":{"line":216,"column":47},"end":{"line":218,"column":13}},"line":216},"20":{"name":"(anonymous_20)","decl":{"start":{"line":241,"column":25},"end":{"line":241,"column":26}},"loc":{"start":{"line":241,"column":31},"end":{"line":243,"column":5}},"line":241},"21":{"name":"(anonymous_21)","decl":{"start":{"line":245,"column":20},"end":{"line":245,"column":21}},"loc":{"start":{"line":245,"column":31},"end":{"line":247,"column":5}},"line":245},"22":{"name":"(anonymous_22)","decl":{"start":{"line":249,"column":23},"end":{"line":249,"column":24}},"loc":{"start":{"line":249,"column":34},"end":{"line":253,"column":7}},"line":249},"23":{"name":"(anonymous_23)","decl":{"start":{"line":255,"column":22},"end":{"line":255,"column":23}},"loc":{"start":{"line":255,"column":34},"end":{"line":267,"column":7}},"line":255},"24":{"name":"(anonymous_24)","decl":{"start":{"line":269,"column":23},"end":{"line":269,"column":24}},"loc":{"start":{"line":269,"column":34},"end":{"line":272,"column":5}},"line":269},"25":{"name":"(anonymous_25)","decl":{"start":{"line":274,"column":23},"end":{"line":274,"column":24}},"loc":{"start":{"line":274,"column":34},"end":{"line":277,"column":5}},"line":274},"26":{"name":"(anonymous_26)","decl":{"start":{"line":291,"column":30},"end":{"line":291,"column":31}},"loc":{"start":{"line":292,"column":20},"end":{"line":294,"column":26}},"line":292},"27":{"name":"(anonymous_27)","decl":{"start":{"line":296,"column":35},"end":{"line":296,"column":36}},"loc":{"start":{"line":297,"column":20},"end":{"line":302,"column":26}},"line":297},"28":{"name":"(anonymous_28)","decl":{"start":{"line":315,"column":91},"end":{"line":315,"column":92}},"loc":{"start":{"line":315,"column":96},"end":{"line":315,"column":111}},"line":315},"29":{"name":"(anonymous_29)","decl":{"start":{"line":315,"column":124},"end":{"line":315,"column":125}},"loc":{"start":{"line":315,"column":131},"end":{"line":315,"column":150}},"line":315},"30":{"name":"(anonymous_30)","decl":{"start":{"line":319,"column":69},"end":{"line":319,"column":70}},"loc":{"start":{"line":319,"column":76},"end":{"line":319,"column":107}},"line":319},"31":{"name":"(anonymous_31)","decl":{"start":{"line":323,"column":84},"end":{"line":323,"column":85}},"loc":{"start":{"line":323,"column":91},"end":{"line":323,"column":111}},"line":323},"32":{"name":"(anonymous_32)","decl":{"start":{"line":327,"column":89},"end":{"line":327,"column":90}},"loc":{"start":{"line":327,"column":96},"end":{"line":327,"column":113}},"line":327},"33":{"name":"(anonymous_33)","decl":{"start":{"line":331,"column":100},"end":{"line":331,"column":101}},"loc":{"start":{"line":331,"column":107},"end":{"line":331,"column":128}},"line":331},"34":{"name":"(anonymous_34)","decl":{"start":{"line":340,"column":103},"end":{"line":340,"column":104}},"loc":{"start":{"line":340,"column":107},"end":{"line":340,"column":121}},"line":340},"35":{"name":"(anonymous_35)","decl":{"start":{"line":343,"column":88},"end":{"line":343,"column":89}},"loc":{"start":{"line":344,"column":24},"end":{"line":346,"column":26}},"line":344},"36":{"name":"(anonymous_36)","decl":{"start":{"line":344,"column":65},"end":{"line":344,"column":66}},"loc":{"start":{"line":344,"column":85},"end":{"line":346,"column":25}},"line":344},"37":{"name":"(anonymous_37)","decl":{"start":{"line":350,"column":53},"end":{"line":350,"column":54}},"loc":{"start":{"line":350,"column":60},"end":{"line":350,"column":76}},"line":350},"38":{"name":"(anonymous_38)","decl":{"start":{"line":354,"column":89},"end":{"line":354,"column":90}},"loc":{"start":{"line":354,"column":96},"end":{"line":354,"column":123}},"line":354}},"branchMap":{"0":{"loc":{"start":{"line":25,"column":4},"end":{"line":25,"column":61}},"type":"if","locations":[{"start":{"line":25,"column":4},"end":{"line":25,"column":61}},{"start":{"line":25,"column":4},"end":{"line":25,"column":61}}],"line":25},"1":{"loc":{"start":{"line":26,"column":4},"end":{"line":30,"column":5}},"type":"if","locations":[{"start":{"line":26,"column":4},"end":{"line":30,"column":5}},{"start":{"line":26,"column":4},"end":{"line":30,"column":5}}],"line":26},"2":{"loc":{"start":{"line":67,"column":4},"end":{"line":67,"column":61}},"type":"if","locations":[{"start":{"line":67,"column":4},"end":{"line":67,"column":61}},{"start":{"line":67,"column":4},"end":{"line":67,"column":61}}],"line":67},"3":{"loc":{"start":{"line":68,"column":4},"end":{"line":72,"column":5}},"type":"if","locations":[{"start":{"line":68,"column":4},"end":{"line":72,"column":5}},{"start":{"line":68,"column":4},"end":{"line":72,"column":5}}],"line":68},"4":{"loc":{"start":{"line":88,"column":13},"end":{"line":98,"column":22}},"type":"cond-expr","locations":[{"start":{"line":88,"column":38},"end":{"line":88,"column":40}},{"start":{"line":89,"column":16},"end":{"line":98,"column":22}}],"line":88},"5":{"loc":{"start":{"line":155,"column":12},"end":{"line":164,"column":13}},"type":"if","locations":[{"start":{"line":155,"column":12},"end":{"line":164,"column":13}},{"start":{"line":155,"column":12},"end":{"line":164,"column":13}}],"line":155},"6":{"loc":{"start":{"line":160,"column":29},"end":{"line":160,"column":74}},"type":"cond-expr","locations":[{"start":{"line":160,"column":63},"end":{"line":160,"column":67}},{"start":{"line":160,"column":70},"end":{"line":160,"column":74}}],"line":160},"7":{"loc":{"start":{"line":163,"column":35},"end":{"line":163,"column":86}},"type":"cond-expr","locations":[{"start":{"line":163,"column":75},"end":{"line":163,"column":79}},{"start":{"line":163,"column":82},"end":{"line":163,"column":86}}],"line":163},"8":{"loc":{"start":{"line":176,"column":15},"end":{"line":176,"column":101}},"type":"binary-expr","locations":[{"start":{"line":176,"column":15},"end":{"line":176,"column":36}},{"start":{"line":176,"column":40},"end":{"line":176,"column":101}}],"line":176},"9":{"loc":{"start":{"line":181,"column":8},"end":{"line":181,"column":59}},"type":"if","locations":[{"start":{"line":181,"column":8},"end":{"line":181,"column":59}},{"start":{"line":181,"column":8},"end":{"line":181,"column":59}}],"line":181},"10":{"loc":{"start":{"line":182,"column":8},"end":{"line":182,"column":50}},"type":"if","locations":[{"start":{"line":182,"column":8},"end":{"line":182,"column":50}},{"start":{"line":182,"column":8},"end":{"line":182,"column":50}}],"line":182},"11":{"loc":{"start":{"line":183,"column":8},"end":{"line":183,"column":87}},"type":"if","locations":[{"start":{"line":183,"column":8},"end":{"line":183,"column":87}},{"start":{"line":183,"column":8},"end":{"line":183,"column":87}}],"line":183},"12":{"loc":{"start":{"line":183,"column":12},"end":{"line":183,"column":39}},"type":"binary-expr","locations":[{"start":{"line":183,"column":12},"end":{"line":183,"column":21}},{"start":{"line":183,"column":25},"end":{"line":183,"column":39}}],"line":183},"13":{"loc":{"start":{"line":184,"column":8},"end":{"line":184,"column":53}},"type":"if","locations":[{"start":{"line":184,"column":8},"end":{"line":184,"column":53}},{"start":{"line":184,"column":8},"end":{"line":184,"column":53}}],"line":184},"14":{"loc":{"start":{"line":185,"column":8},"end":{"line":185,"column":62}},"type":"if","locations":[{"start":{"line":185,"column":8},"end":{"line":185,"column":62}},{"start":{"line":185,"column":8},"end":{"line":185,"column":62}}],"line":185},"15":{"loc":{"start":{"line":186,"column":8},"end":{"line":186,"column":65}},"type":"if","locations":[{"start":{"line":186,"column":8},"end":{"line":186,"column":65}},{"start":{"line":186,"column":8},"end":{"line":186,"column":65}}],"line":186},"16":{"loc":{"start":{"line":187,"column":8},"end":{"line":187,"column":85}},"type":"if","locations":[{"start":{"line":187,"column":8},"end":{"line":187,"column":85}},{"start":{"line":187,"column":8},"end":{"line":187,"column":85}}],"line":187},"17":{"loc":{"start":{"line":190,"column":8},"end":{"line":192,"column":9}},"type":"if","locations":[{"start":{"line":190,"column":8},"end":{"line":192,"column":9}},{"start":{"line":190,"column":8},"end":{"line":192,"column":9}}],"line":190},"18":{"loc":{"start":{"line":204,"column":24},"end":{"line":204,"column":57}},"type":"cond-expr","locations":[{"start":{"line":204,"column":45},"end":{"line":204,"column":49}},{"start":{"line":204,"column":52},"end":{"line":204,"column":57}}],"line":204},"19":{"loc":{"start":{"line":205,"column":22},"end":{"line":205,"column":123}},"type":"cond-expr","locations":[{"start":{"line":205,"column":57},"end":{"line":205,"column":91}},{"start":{"line":205,"column":94},"end":{"line":205,"column":123}}],"line":205},"20":{"loc":{"start":{"line":206,"column":23},"end":{"line":206,"column":125}},"type":"cond-expr","locations":[{"start":{"line":206,"column":58},"end":{"line":206,"column":92}},{"start":{"line":206,"column":95},"end":{"line":206,"column":125}}],"line":206},"21":{"loc":{"start":{"line":208,"column":30},"end":{"line":208,"column":69}},"type":"cond-expr","locations":[{"start":{"line":208,"column":57},"end":{"line":208,"column":61}},{"start":{"line":208,"column":64},"end":{"line":208,"column":69}}],"line":208},"22":{"loc":{"start":{"line":212,"column":8},"end":{"line":225,"column":9}},"type":"if","locations":[{"start":{"line":212,"column":8},"end":{"line":225,"column":9}},{"start":{"line":212,"column":8},"end":{"line":225,"column":9}}],"line":212},"23":{"loc":{"start":{"line":307,"column":17},"end":{"line":309,"column":22}},"type":"cond-expr","locations":[{"start":{"line":308,"column":20},"end":{"line":308,"column":107}},{"start":{"line":309,"column":20},"end":{"line":309,"column":22}}],"line":307},"24":{"loc":{"start":{"line":307,"column":17},"end":{"line":307,"column":68}},"type":"binary-expr","locations":[{"start":{"line":307,"column":17},"end":{"line":307,"column":38}},{"start":{"line":307,"column":42},"end":{"line":307,"column":68}}],"line":307},"25":{"loc":{"start":{"line":337,"column":80},"end":{"line":337,"column":148}},"type":"cond-expr","locations":[{"start":{"line":337,"column":114},"end":{"line":337,"column":138}},{"start":{"line":337,"column":140},"end":{"line":337,"column":148}}],"line":337},"26":{"loc":{"start":{"line":365,"column":24},"end":{"line":367,"column":25}},"type":"binary-expr","locations":[{"start":{"line":365,"column":24},"end":{"line":365,"column":39}},{"start":{"line":366,"column":28},"end":{"line":366,"column":166}}],"line":365}},"s":{"0":1,"1":5,"2":0,"3":5,"4":5,"5":0,"6":5,"7":0,"8":0,"9":5,"10":1,"11":8,"12":0,"13":8,"14":8,"15":0,"16":8,"17":1,"18":6,"19":6,"20":6,"21":6,"22":6,"23":6,"24":6,"25":6,"26":6,"27":6,"28":6,"29":6,"30":6,"31":6,"32":6,"33":6,"34":6,"35":6,"36":6,"37":6,"38":6,"39":6,"40":6,"41":1,"42":1,"43":1,"44":1,"45":1,"46":1,"47":1,"48":1,"49":1,"50":1,"51":1,"52":1,"53":6,"54":1,"55":0,"56":0,"57":0,"58":0,"59":0,"60":0,"61":0,"62":0,"63":1,"64":6,"65":0,"66":0,"67":6,"68":48,"69":6,"70":0,"71":0,"72":0,"73":0,"74":0,"75":0,"76":0,"77":0,"78":0,"79":0,"80":0,"81":0,"82":0,"83":0,"84":0,"85":0,"86":0,"87":0,"88":6,"89":0,"90":0,"91":0,"92":0,"93":0,"94":0,"95":0,"96":0,"97":0,"98":0,"99":0,"100":0,"101":0,"102":0,"103":0,"104":6,"105":6,"106":6,"107":6,"108":0,"109":6,"110":0,"111":6,"112":0,"113":0,"114":0,"115":6,"116":0,"117":0,"118":0,"119":0,"120":6,"121":0,"122":0,"123":6,"124":0,"125":0,"126":6,"127":6,"128":8,"129":5,"130":6,"131":0,"132":0,"133":0,"134":0,"135":0,"136":0,"137":0,"138":0,"139":0,"140":0},"f":{"0":5,"1":0,"2":8,"3":6,"4":1,"5":1,"6":1,"7":1,"8":1,"9":1,"10":1,"11":1,"12":1,"13":0,"14":48,"15":0,"16":0,"17":0,"18":0,"19":0,"20":0,"21":0,"22":0,"23":0,"24":0,"25":0,"26":8,"27":5,"28":6,"29":0,"30":0,"31":0,"32":0,"33":0,"34":0,"35":0,"36":0,"37":0,"38":0},"b":{"0":[0,5],"1":[5,0],"2":[0,8],"3":[8,0],"4":[0,8],"5":[0,1],"6":[0,0],"7":[0,0],"8":[48,0],"9":[0,0],"10":[0,0],"11":[0,0],"12":[0,0],"13":[0,0],"14":[0,0],"15":[0,0],"16":[0,0],"17":[0,0],"18":[0,0],"19":[0,0],"20":[0,0],"21":[0,0],"22":[0,0],"23":[1,5],"24":[6,2],"25":[0,6],"26":[6,2]},"_coverageSchema":"1a1c01bbd47fc00a2c39e90264f33305004495a9","hash":"a6e3d250bf063f90fa74ef4f5500497e481bb3ec"}
,"C:\\Users\\Usuario\\Desktop\\Development\\proyects\\aparkapp-frontend\\src\\components\\views\\Home.js": {"path":"C:\\Users\\Usuario\\Desktop\\Development\\proyects\\aparkapp-frontend\\src\\components\\views\\Home.js","statementMap":{"0":{"start":{"line":5,"column":13},"end":{"line":20,"column":1}},"1":{"start":{"line":6,"column":4},"end":{"line":19,"column":6}}},"fnMap":{"0":{"name":"(anonymous_0)","decl":{"start":{"line":5,"column":13},"end":{"line":5,"column":14}},"loc":{"start":{"line":5,"column":19},"end":{"line":20,"column":1}},"line":5}},"branchMap":{},"s":{"0":1,"1":1},"f":{"0":1},"b":{},"_coverageSchema":"1a1c01bbd47fc00a2c39e90264f33305004495a9","hash":"3c4184b75a0af1ff7ce9215b8d7b9cb721710e7b"}
,"C:\\Users\\Usuario\\Desktop\\Development\\proyects\\aparkapp-frontend\\src\\components\\views\\ListAds.js": {"path":"C:\\Users\\Usuario\\Desktop\\Development\\proyects\\aparkapp-frontend\\src\\components\\views\\ListAds.js","statementMap":{"0":{"start":{"line":9,"column":16},"end":{"line":44,"column":1}},"1":{"start":{"line":10,"column":32},"end":{"line":15,"column":5}},"2":{"start":{"line":11,"column":29},"end":{"line":13,"column":9}},"3":{"start":{"line":14,"column":8},"end":{"line":14,"column":36}},"4":{"start":{"line":17,"column":25},"end":{"line":33,"column":5}},"5":{"start":{"line":18,"column":8},"end":{"line":32,"column":10}},"6":{"start":{"line":28,"column":93},"end":{"line":28,"column":121}},"7":{"start":{"line":35,"column":4},"end":{"line":43,"column":5}}},"fnMap":{"0":{"name":"(anonymous_0)","decl":{"start":{"line":9,"column":16},"end":{"line":9,"column":17}},"loc":{"start":{"line":9,"column":39},"end":{"line":44,"column":1}},"line":9},"1":{"name":"(anonymous_1)","decl":{"start":{"line":10,"column":32},"end":{"line":10,"column":33}},"loc":{"start":{"line":10,"column":46},"end":{"line":15,"column":5}},"line":10},"2":{"name":"(anonymous_2)","decl":{"start":{"line":17,"column":25},"end":{"line":17,"column":26}},"loc":{"start":{"line":17,"column":35},"end":{"line":33,"column":5}},"line":17},"3":{"name":"(anonymous_3)","decl":{"start":{"line":28,"column":87},"end":{"line":28,"column":88}},"loc":{"start":{"line":28,"column":93},"end":{"line":28,"column":121}},"line":28}},"branchMap":{"0":{"loc":{"start":{"line":24,"column":162},"end":{"line":24,"column":241}},"type":"cond-expr","locations":[{"start":{"line":24,"column":205},"end":{"line":24,"column":236}},{"start":{"line":24,"column":239},"end":{"line":24,"column":241}}],"line":24}},"s":{"0":1,"1":0,"2":0,"3":0,"4":0,"5":0,"6":0,"7":0},"f":{"0":0,"1":0,"2":0,"3":0},"b":{"0":[0,0]},"_coverageSchema":"1a1c01bbd47fc00a2c39e90264f33305004495a9","hash":"52c7d799cb13c6e7e260257159d9f5d0e9628879"}
,"C:\\Users\\Usuario\\Desktop\\Development\\proyects\\aparkapp-frontend\\src\\components\\views\\Login.js": {"path":"C:\\Users\\Usuario\\Desktop\\Development\\proyects\\aparkapp-frontend\\src\\components\\views\\Login.js","statementMap":{"0":{"start":{"line":9,"column":14},"end":{"line":79,"column":1}},"1":{"start":{"line":10,"column":36},"end":{"line":10,"column":48}},"2":{"start":{"line":11,"column":36},"end":{"line":11,"column":48}},"3":{"start":{"line":12,"column":40},"end":{"line":12,"column":52}},"4":{"start":{"line":14,"column":20},"end":{"line":19,"column":5}},"5":{"start":{"line":15,"column":25},"end":{"line":15,"column":56}},"6":{"start":{"line":16,"column":8},"end":{"line":18,"column":9}},"7":{"start":{"line":17,"column":12},"end":{"line":17,"column":42}},"8":{"start":{"line":21,"column":21},"end":{"line":39,"column":5}},"9":{"start":{"line":22,"column":23},"end":{"line":22,"column":25}},"10":{"start":{"line":24,"column":8},"end":{"line":26,"column":9}},"11":{"start":{"line":25,"column":12},"end":{"line":25,"column":78}},"12":{"start":{"line":28,"column":8},"end":{"line":30,"column":9}},"13":{"start":{"line":29,"column":12},"end":{"line":29,"column":71}},"14":{"start":{"line":32,"column":8},"end":{"line":32,"column":29}},"15":{"start":{"line":33,"column":8},"end":{"line":38,"column":9}},"16":{"start":{"line":34,"column":30},"end":{"line":34,"column":45}},"17":{"start":{"line":35,"column":12},"end":{"line":37,"column":13}},"18":{"start":{"line":36,"column":16},"end":{"line":36,"column":52}},"19":{"start":{"line":41,"column":26},"end":{"line":43,"column":5}},"20":{"start":{"line":42,"column":8},"end":{"line":42,"column":101}},"21":{"start":{"line":45,"column":4},"end":{"line":78,"column":6}},"22":{"start":{"line":56,"column":111},"end":{"line":56,"column":138}},"23":{"start":{"line":66,"column":120},"end":{"line":66,"column":147}}},"fnMap":{"0":{"name":"(anonymous_0)","decl":{"start":{"line":9,"column":14},"end":{"line":9,"column":15}},"loc":{"start":{"line":9,"column":20},"end":{"line":79,"column":1}},"line":9},"1":{"name":"(anonymous_1)","decl":{"start":{"line":14,"column":20},"end":{"line":14,"column":21}},"loc":{"start":{"line":14,"column":32},"end":{"line":19,"column":5}},"line":14},"2":{"name":"(anonymous_2)","decl":{"start":{"line":21,"column":21},"end":{"line":21,"column":22}},"loc":{"start":{"line":21,"column":33},"end":{"line":39,"column":5}},"line":21},"3":{"name":"(anonymous_3)","decl":{"start":{"line":41,"column":26},"end":{"line":41,"column":27}},"loc":{"start":{"line":41,"column":41},"end":{"line":43,"column":5}},"line":41},"4":{"name":"(anonymous_4)","decl":{"start":{"line":56,"column":104},"end":{"line":56,"column":105}},"loc":{"start":{"line":56,"column":111},"end":{"line":56,"column":138}},"line":56},"5":{"name":"(anonymous_5)","decl":{"start":{"line":66,"column":113},"end":{"line":66,"column":114}},"loc":{"start":{"line":66,"column":120},"end":{"line":66,"column":147}},"line":66}},"branchMap":{"0":{"loc":{"start":{"line":16,"column":8},"end":{"line":18,"column":9}},"type":"if","locations":[{"start":{"line":16,"column":8},"end":{"line":18,"column":9}},{"start":{"line":16,"column":8},"end":{"line":18,"column":9}}],"line":16},"1":{"loc":{"start":{"line":24,"column":8},"end":{"line":26,"column":9}},"type":"if","locations":[{"start":{"line":24,"column":8},"end":{"line":26,"column":9}},{"start":{"line":24,"column":8},"end":{"line":26,"column":9}}],"line":24},"2":{"loc":{"start":{"line":28,"column":8},"end":{"line":30,"column":9}},"type":"if","locations":[{"start":{"line":28,"column":8},"end":{"line":30,"column":9}},{"start":{"line":28,"column":8},"end":{"line":30,"column":9}}],"line":28},"3":{"loc":{"start":{"line":33,"column":8},"end":{"line":38,"column":9}},"type":"if","locations":[{"start":{"line":33,"column":8},"end":{"line":38,"column":9}},{"start":{"line":33,"column":8},"end":{"line":38,"column":9}}],"line":33},"4":{"loc":{"start":{"line":35,"column":12},"end":{"line":37,"column":13}},"type":"if","locations":[{"start":{"line":35,"column":12},"end":{"line":37,"column":13}},{"start":{"line":35,"column":12},"end":{"line":37,"column":13}}],"line":35},"5":{"loc":{"start":{"line":42,"column":15},"end":{"line":42,"column":101}},"type":"binary-expr","locations":[{"start":{"line":42,"column":15},"end":{"line":42,"column":36}},{"start":{"line":42,"column":40},"end":{"line":42,"column":101}}],"line":42}},"s":{"0":1,"1":12,"2":12,"3":12,"4":12,"5":1,"6":1,"7":0,"8":12,"9":1,"10":1,"11":0,"12":1,"13":0,"14":1,"15":1,"16":1,"17":1,"18":0,"19":12,"20":36,"21":12,"22":5,"23":5},"f":{"0":12,"1":1,"2":1,"3":36,"4":5,"5":5},"b":{"0":[0,1],"1":[0,1],"2":[0,1],"3":[1,0],"4":[0,1],"5":[36,0]},"_coverageSchema":"1a1c01bbd47fc00a2c39e90264f33305004495a9","hash":"f875805d01ac9b023f01fdf0c73d52795c078cc5"}
,"C:\\Users\\Usuario\\Desktop\\Development\\proyects\\aparkapp-frontend\\src\\components\\views\\MapRoute.js": {"path":"C:\\Users\\Usuario\\Desktop\\Development\\proyects\\aparkapp-frontend\\src\\components\\views\\MapRoute.js","statementMap":{"0":{"start":{"line":8,"column":17},"end":{"line":81,"column":1}},"1":{"start":{"line":9,"column":30},"end":{"line":9,"column":49}},"2":{"start":{"line":10,"column":38},"end":{"line":10,"column":52}},"3":{"start":{"line":11,"column":28},"end":{"line":11,"column":42}},"4":{"start":{"line":12,"column":28},"end":{"line":12,"column":43}},"5":{"start":{"line":13,"column":28},"end":{"line":13,"column":42}},"6":{"start":{"line":14,"column":52},"end":{"line":14,"column":64}},"7":{"start":{"line":16,"column":19},"end":{"line":16,"column":50}},"8":{"start":{"line":17,"column":14},"end":{"line":17,"column":29}},"9":{"start":{"line":19,"column":24},"end":{"line":28,"column":5}},"10":{"start":{"line":20,"column":8},"end":{"line":27,"column":10}},"11":{"start":{"line":22,"column":16},"end":{"line":22,"column":35}},"12":{"start":{"line":23,"column":16},"end":{"line":23,"column":36}},"13":{"start":{"line":24,"column":16},"end":{"line":24,"column":39}},"14":{"start":{"line":25,"column":16},"end":{"line":25,"column":49}},"15":{"start":{"line":30,"column":4},"end":{"line":43,"column":40}},"16":{"start":{"line":31,"column":25},"end":{"line":40,"column":16}},"17":{"start":{"line":32,"column":12},"end":{"line":39,"column":13}},"18":{"start":{"line":33,"column":16},"end":{"line":33,"column":31}},"19":{"start":{"line":34,"column":16},"end":{"line":34,"column":30}},"20":{"start":{"line":35,"column":16},"end":{"line":35,"column":25}},"21":{"start":{"line":38,"column":16},"end":{"line":38,"column":30}},"22":{"start":{"line":41,"column":8},"end":{"line":41,"column":45}},"23":{"start":{"line":41,"column":21},"end":{"line":41,"column":44}},"24":{"start":{"line":45,"column":27},"end":{"line":45,"column":117}},"25":{"start":{"line":45,"column":35},"end":{"line":45,"column":115}},"26":{"start":{"line":47,"column":19},"end":{"line":60,"column":5}},"27":{"start":{"line":48,"column":8},"end":{"line":59,"column":9}},"28":{"start":{"line":49,"column":12},"end":{"line":57,"column":15}},"29":{"start":{"line":58,"column":12},"end":{"line":58,"column":27}},"30":{"start":{"line":62,"column":19},"end":{"line":71,"column":10}},"31":{"start":{"line":64,"column":42},"end":{"line":64,"column":59}},"32":{"start":{"line":73,"column":4},"end":{"line":80,"column":5}}},"fnMap":{"0":{"name":"(anonymous_0)","decl":{"start":{"line":8,"column":17},"end":{"line":8,"column":18}},"loc":{"start":{"line":8,"column":23},"end":{"line":81,"column":1}},"line":8},"1":{"name":"(anonymous_1)","decl":{"start":{"line":19,"column":24},"end":{"line":19,"column":25}},"loc":{"start":{"line":19,"column":30},"end":{"line":28,"column":5}},"line":19},"2":{"name":"(anonymous_2)","decl":{"start":{"line":21,"column":12},"end":{"line":21,"column":13}},"loc":{"start":{"line":21,"column":19},"end":{"line":26,"column":13}},"line":21},"3":{"name":"(anonymous_3)","decl":{"start":{"line":30,"column":14},"end":{"line":30,"column":15}},"loc":{"start":{"line":30,"column":20},"end":{"line":43,"column":5}},"line":30},"4":{"name":"(anonymous_4)","decl":{"start":{"line":31,"column":37},"end":{"line":31,"column":38}},"loc":{"start":{"line":31,"column":43},"end":{"line":40,"column":9}},"line":31},"5":{"name":"(anonymous_5)","decl":{"start":{"line":41,"column":15},"end":{"line":41,"column":16}},"loc":{"start":{"line":41,"column":21},"end":{"line":41,"column":44}},"line":41},"6":{"name":"(anonymous_6)","decl":{"start":{"line":45,"column":27},"end":{"line":45,"column":28}},"loc":{"start":{"line":45,"column":33},"end":{"line":45,"column":117}},"line":45},"7":{"name":"(anonymous_7)","decl":{"start":{"line":47,"column":19},"end":{"line":47,"column":20}},"loc":{"start":{"line":47,"column":25},"end":{"line":60,"column":5}},"line":47},"8":{"name":"(anonymous_8)","decl":{"start":{"line":64,"column":34},"end":{"line":64,"column":35}},"loc":{"start":{"line":64,"column":40},"end":{"line":64,"column":61}},"line":64}},"branchMap":{"0":{"loc":{"start":{"line":32,"column":12},"end":{"line":39,"column":13}},"type":"if","locations":[{"start":{"line":32,"column":12},"end":{"line":39,"column":13}},{"start":{"line":32,"column":12},"end":{"line":39,"column":13}}],"line":32},"1":{"loc":{"start":{"line":48,"column":8},"end":{"line":59,"column":9}},"type":"if","locations":[{"start":{"line":48,"column":8},"end":{"line":59,"column":9}},{"start":{"line":48,"column":8},"end":{"line":59,"column":9}}],"line":48},"2":{"loc":{"start":{"line":48,"column":12},"end":{"line":48,"column":41}},"type":"binary-expr","locations":[{"start":{"line":48,"column":12},"end":{"line":48,"column":16}},{"start":{"line":48,"column":20},"end":{"line":48,"column":41}}],"line":48},"3":{"loc":{"start":{"line":63,"column":9},"end":{"line":69,"column":23}},"type":"cond-expr","locations":[{"start":{"line":64,"column":12},"end":{"line":68,"column":18}},{"start":{"line":69,"column":13},"end":{"line":69,"column":22}}],"line":63},"4":{"loc":{"start":{"line":65,"column":17},"end":{"line":66,"column":110}},"type":"cond-expr","locations":[{"start":{"line":66,"column":20},"end":{"line":66,"column":95}},{"start":{"line":66,"column":100},"end":{"line":66,"column":109}}],"line":65}},"s":{"0":1,"1":8,"2":8,"3":8,"4":8,"5":8,"6":8,"7":8,"8":8,"9":8,"10":1,"11":1,"12":1,"13":1,"14":1,"15":8,"16":6,"17":3,"18":1,"19":1,"20":1,"21":2,"22":6,"23":5,"24":8,"25":0,"26":8,"27":1,"28":0,"29":0,"30":8,"31":0,"32":8},"f":{"0":8,"1":1,"2":1,"3":6,"4":3,"5":5,"6":0,"7":1,"8":0},"b":{"0":[1,2],"1":[0,1],"2":[1,1],"3":[8,0],"4":[5,3]},"_coverageSchema":"1a1c01bbd47fc00a2c39e90264f33305004495a9","hash":"df3d159427044539cf177875b0fe75dfae6c4142"}
,"C:\\Users\\Usuario\\Desktop\\Development\\proyects\\aparkapp-frontend\\src\\components\\views\\Notifications.js": {"path":"C:\\Users\\Usuario\\Desktop\\Development\\proyects\\aparkapp-frontend\\src\\components\\views\\Notifications.js","statementMap":{"0":{"start":{"line":8,"column":22},"end":{"line":61,"column":1}},"1":{"start":{"line":9,"column":30},"end":{"line":9,"column":49}},"2":{"start":{"line":10,"column":28},"end":{"line":10,"column":42}},"3":{"start":{"line":11,"column":28},"end":{"line":11,"column":43}},"4":{"start":{"line":12,"column":38},"end":{"line":12,"column":52}},"5":{"start":{"line":14,"column":24},"end":{"line":25,"column":5}},"6":{"start":{"line":15,"column":8},"end":{"line":24,"column":12}},"7":{"start":{"line":15,"column":43},"end":{"line":24,"column":10}},"8":{"start":{"line":16,"column":12},"end":{"line":23,"column":13}},"9":{"start":{"line":17,"column":16},"end":{"line":17,"column":35}},"10":{"start":{"line":18,"column":16},"end":{"line":18,"column":34}},"11":{"start":{"line":19,"column":16},"end":{"line":19,"column":72}},"12":{"start":{"line":19,"column":51},"end":{"line":19,"column":70}},"13":{"start":{"line":22,"column":16},"end":{"line":22,"column":36}},"14":{"start":{"line":27,"column":4},"end":{"line":38,"column":40}},"15":{"start":{"line":28,"column":25},"end":{"line":36,"column":16}},"16":{"start":{"line":29,"column":12},"end":{"line":35,"column":13}},"17":{"start":{"line":30,"column":16},"end":{"line":30,"column":31}},"18":{"start":{"line":31,"column":16},"end":{"line":31,"column":30}},"19":{"start":{"line":34,"column":16},"end":{"line":34,"column":30}},"20":{"start":{"line":37,"column":8},"end":{"line":37,"column":45}},"21":{"start":{"line":37,"column":21},"end":{"line":37,"column":44}},"22":{"start":{"line":40,"column":27},"end":{"line":40,"column":119}},"23":{"start":{"line":40,"column":35},"end":{"line":40,"column":117}},"24":{"start":{"line":44,"column":8},"end":{"line":44,"column":88}},"25":{"start":{"line":47,"column":8},"end":{"line":47,"column":147}},"26":{"start":{"line":47,"column":39},"end":{"line":47,"column":56}},"27":{"start":{"line":48,"column":4},"end":{"line":60,"column":5}}},"fnMap":{"0":{"name":"(anonymous_0)","decl":{"start":{"line":8,"column":22},"end":{"line":8,"column":23}},"loc":{"start":{"line":8,"column":28},"end":{"line":61,"column":1}},"line":8},"1":{"name":"(anonymous_1)","decl":{"start":{"line":14,"column":24},"end":{"line":14,"column":25}},"loc":{"start":{"line":14,"column":30},"end":{"line":25,"column":5}},"line":14},"2":{"name":"(anonymous_2)","decl":{"start":{"line":15,"column":36},"end":{"line":15,"column":37}},"loc":{"start":{"line":15,"column":43},"end":{"line":24,"column":10}},"line":15},"3":{"name":"(anonymous_3)","decl":{"start":{"line":15,"column":55},"end":{"line":15,"column":56}},"loc":{"start":{"line":15,"column":60},"end":{"line":24,"column":9}},"line":15},"4":{"name":"(anonymous_4)","decl":{"start":{"line":19,"column":46},"end":{"line":19,"column":47}},"loc":{"start":{"line":19,"column":51},"end":{"line":19,"column":70}},"line":19},"5":{"name":"(anonymous_5)","decl":{"start":{"line":27,"column":14},"end":{"line":27,"column":15}},"loc":{"start":{"line":27,"column":20},"end":{"line":38,"column":5}},"line":27},"6":{"name":"(anonymous_6)","decl":{"start":{"line":28,"column":37},"end":{"line":28,"column":38}},"loc":{"start":{"line":28,"column":43},"end":{"line":36,"column":9}},"line":28},"7":{"name":"(anonymous_7)","decl":{"start":{"line":37,"column":15},"end":{"line":37,"column":16}},"loc":{"start":{"line":37,"column":21},"end":{"line":37,"column":44}},"line":37},"8":{"name":"(anonymous_8)","decl":{"start":{"line":40,"column":27},"end":{"line":40,"column":28}},"loc":{"start":{"line":40,"column":33},"end":{"line":40,"column":119}},"line":40},"9":{"name":"(anonymous_9)","decl":{"start":{"line":47,"column":31},"end":{"line":47,"column":32}},"loc":{"start":{"line":47,"column":37},"end":{"line":47,"column":58}},"line":47}},"branchMap":{"0":{"loc":{"start":{"line":16,"column":12},"end":{"line":23,"column":13}},"type":"if","locations":[{"start":{"line":16,"column":12},"end":{"line":23,"column":13}},{"start":{"line":16,"column":12},"end":{"line":23,"column":13}}],"line":16},"1":{"loc":{"start":{"line":29,"column":12},"end":{"line":35,"column":13}},"type":"if","locations":[{"start":{"line":29,"column":12},"end":{"line":35,"column":13}},{"start":{"line":29,"column":12},"end":{"line":35,"column":13}}],"line":29},"2":{"loc":{"start":{"line":50,"column":13},"end":{"line":58,"column":13}},"type":"cond-expr","locations":[{"start":{"line":51,"column":16},"end":{"line":55,"column":23}},{"start":{"line":57,"column":16},"end":{"line":57,"column":102}}],"line":50}},"s":{"0":1,"1":0,"2":0,"3":0,"4":0,"5":0,"6":0,"7":0,"8":0,"9":0,"10":0,"11":0,"12":0,"13":0,"14":0,"15":0,"16":0,"17":0,"18":0,"19":0,"20":0,"21":0,"22":0,"23":0,"24":0,"25":0,"26":0,"27":0},"f":{"0":0,"1":0,"2":0,"3":0,"4":0,"5":0,"6":0,"7":0,"8":0,"9":0},"b":{"0":[0,0],"1":[0,0],"2":[0,0]},"_coverageSchema":"1a1c01bbd47fc00a2c39e90264f33305004495a9","hash":"a7901ba14aad5bf6ebbc814acd4b1151f7aa276b"}
,"C:\\Users\\Usuario\\Desktop\\Development\\proyects\\aparkapp-frontend\\src\\components\\views\\Profile.js": {"path":"C:\\Users\\Usuario\\Desktop\\Development\\proyects\\aparkapp-frontend\\src\\components\\views\\Profile.js","statementMap":{"0":{"start":{"line":12,"column":16},"end":{"line":192,"column":1}},"1":{"start":{"line":13,"column":34},"end":{"line":13,"column":45}},"2":{"start":{"line":14,"column":32},"end":{"line":14,"column":43}},"3":{"start":{"line":15,"column":38},"end":{"line":15,"column":50}},"4":{"start":{"line":17,"column":26},"end":{"line":17,"column":38}},"5":{"start":{"line":18,"column":32},"end":{"line":18,"column":44}},"6":{"start":{"line":21,"column":4},"end":{"line":21,"column":27}},"7":{"start":{"line":22,"column":4},"end":{"line":22,"column":33}},"8":{"start":{"line":23,"column":4},"end":{"line":23,"column":15}},"9":{"start":{"line":26,"column":2},"end":{"line":32,"column":27}},"10":{"start":{"line":27,"column":4},"end":{"line":31,"column":5}},"11":{"start":{"line":28,"column":6},"end":{"line":28,"column":52}},"12":{"start":{"line":28,"column":34},"end":{"line":28,"column":50}},"13":{"start":{"line":29,"column":6},"end":{"line":29,"column":46}},"14":{"start":{"line":29,"column":31},"end":{"line":29,"column":44}},"15":{"start":{"line":30,"column":6},"end":{"line":30,"column":20}},"16":{"start":{"line":34,"column":2},"end":{"line":51,"column":5}},"17":{"start":{"line":53,"column":19},"end":{"line":79,"column":3}},"18":{"start":{"line":54,"column":19},"end":{"line":54,"column":21}},"19":{"start":{"line":55,"column":4},"end":{"line":57,"column":5}},"20":{"start":{"line":56,"column":6},"end":{"line":56,"column":86}},"21":{"start":{"line":59,"column":4},"end":{"line":61,"column":5}},"22":{"start":{"line":60,"column":6},"end":{"line":60,"column":90}},"23":{"start":{"line":63,"column":21},"end":{"line":63,"column":60}},"24":{"start":{"line":65,"column":4},"end":{"line":67,"column":5}},"25":{"start":{"line":66,"column":6},"end":{"line":66,"column":70}},"26":{"start":{"line":69,"column":22},"end":{"line":69,"column":52}},"27":{"start":{"line":71,"column":4},"end":{"line":73,"column":5}},"28":{"start":{"line":72,"column":6},"end":{"line":72,"column":56}},"29":{"start":{"line":75,"column":4},"end":{"line":75,"column":25}},"30":{"start":{"line":76,"column":4},"end":{"line":78,"column":5}},"31":{"start":{"line":77,"column":6},"end":{"line":77,"column":50}},"32":{"start":{"line":77,"column":20},"end":{"line":77,"column":34}},"33":{"start":{"line":77,"column":35},"end":{"line":77,"column":48}},"34":{"start":{"line":81,"column":24},"end":{"line":83,"column":3}},"35":{"start":{"line":82,"column":4},"end":{"line":82,"column":91}},"36":{"start":{"line":85,"column":2},"end":{"line":191,"column":4}},"37":{"start":{"line":96,"column":20},"end":{"line":96,"column":80}},"38":{"start":{"line":96,"column":39},"end":{"line":96,"column":78}},"39":{"start":{"line":104,"column":20},"end":{"line":104,"column":79}},"40":{"start":{"line":104,"column":39},"end":{"line":104,"column":77}},"41":{"start":{"line":112,"column":20},"end":{"line":115,"column":23}},"42":{"start":{"line":112,"column":45},"end":{"line":115,"column":21}},"43":{"start":{"line":123,"column":20},"end":{"line":123,"column":75}},"44":{"start":{"line":123,"column":39},"end":{"line":123,"column":73}},"45":{"start":{"line":134,"column":20},"end":{"line":137,"column":23}},"46":{"start":{"line":134,"column":45},"end":{"line":137,"column":21}},"47":{"start":{"line":146,"column":22},"end":{"line":146,"column":36}},"48":{"start":{"line":147,"column":22},"end":{"line":147,"column":36}},"49":{"start":{"line":148,"column":22},"end":{"line":148,"column":40}},"50":{"start":{"line":176,"column":35},"end":{"line":176,"column":48}}},"fnMap":{"0":{"name":"(anonymous_0)","decl":{"start":{"line":12,"column":16},"end":{"line":12,"column":17}},"loc":{"start":{"line":12,"column":22},"end":{"line":192,"column":1}},"line":12},"1":{"name":"update","decl":{"start":{"line":20,"column":17},"end":{"line":20,"column":23}},"loc":{"start":{"line":20,"column":34},"end":{"line":24,"column":3}},"line":20},"2":{"name":"(anonymous_2)","decl":{"start":{"line":26,"column":12},"end":{"line":26,"column":13}},"loc":{"start":{"line":26,"column":18},"end":{"line":32,"column":3}},"line":26},"3":{"name":"(anonymous_3)","decl":{"start":{"line":28,"column":24},"end":{"line":28,"column":25}},"loc":{"start":{"line":28,"column":34},"end":{"line":28,"column":50}},"line":28},"4":{"name":"(anonymous_4)","decl":{"start":{"line":29,"column":21},"end":{"line":29,"column":22}},"loc":{"start":{"line":29,"column":31},"end":{"line":29,"column":44}},"line":29},"5":{"name":"(anonymous_5)","decl":{"start":{"line":53,"column":19},"end":{"line":53,"column":20}},"loc":{"start":{"line":53,"column":31},"end":{"line":79,"column":3}},"line":53},"6":{"name":"(anonymous_6)","decl":{"start":{"line":77,"column":13},"end":{"line":77,"column":14}},"loc":{"start":{"line":77,"column":19},"end":{"line":77,"column":49}},"line":77},"7":{"name":"(anonymous_7)","decl":{"start":{"line":81,"column":24},"end":{"line":81,"column":25}},"loc":{"start":{"line":81,"column":39},"end":{"line":83,"column":3}},"line":81},"8":{"name":"(anonymous_8)","decl":{"start":{"line":95,"column":28},"end":{"line":95,"column":29}},"loc":{"start":{"line":96,"column":20},"end":{"line":96,"column":80}},"line":96},"9":{"name":"(anonymous_9)","decl":{"start":{"line":96,"column":28},"end":{"line":96,"column":29}},"loc":{"start":{"line":96,"column":39},"end":{"line":96,"column":78}},"line":96},"10":{"name":"(anonymous_10)","decl":{"start":{"line":103,"column":28},"end":{"line":103,"column":29}},"loc":{"start":{"line":104,"column":20},"end":{"line":104,"column":79}},"line":104},"11":{"name":"(anonymous_11)","decl":{"start":{"line":104,"column":28},"end":{"line":104,"column":29}},"loc":{"start":{"line":104,"column":39},"end":{"line":104,"column":77}},"line":104},"12":{"name":"(anonymous_12)","decl":{"start":{"line":111,"column":28},"end":{"line":111,"column":29}},"loc":{"start":{"line":112,"column":20},"end":{"line":115,"column":23}},"line":112},"13":{"name":"(anonymous_13)","decl":{"start":{"line":112,"column":31},"end":{"line":112,"column":32}},"loc":{"start":{"line":112,"column":45},"end":{"line":115,"column":21}},"line":112},"14":{"name":"(anonymous_14)","decl":{"start":{"line":122,"column":28},"end":{"line":122,"column":29}},"loc":{"start":{"line":123,"column":20},"end":{"line":123,"column":75}},"line":123},"15":{"name":"(anonymous_15)","decl":{"start":{"line":123,"column":28},"end":{"line":123,"column":29}},"loc":{"start":{"line":123,"column":39},"end":{"line":123,"column":73}},"line":123},"16":{"name":"(anonymous_16)","decl":{"start":{"line":133,"column":28},"end":{"line":133,"column":29}},"loc":{"start":{"line":134,"column":20},"end":{"line":137,"column":23}},"line":134},"17":{"name":"(anonymous_17)","decl":{"start":{"line":134,"column":31},"end":{"line":134,"column":32}},"loc":{"start":{"line":134,"column":45},"end":{"line":137,"column":21}},"line":134},"18":{"name":"(anonymous_18)","decl":{"start":{"line":145,"column":29},"end":{"line":145,"column":30}},"loc":{"start":{"line":145,"column":35},"end":{"line":149,"column":21}},"line":145},"19":{"name":"(anonymous_19)","decl":{"start":{"line":176,"column":29},"end":{"line":176,"column":30}},"loc":{"start":{"line":176,"column":35},"end":{"line":176,"column":48}},"line":176}},"branchMap":{"0":{"loc":{"start":{"line":27,"column":4},"end":{"line":31,"column":5}},"type":"if","locations":[{"start":{"line":27,"column":4},"end":{"line":31,"column":5}},{"start":{"line":27,"column":4},"end":{"line":31,"column":5}}],"line":27},"1":{"loc":{"start":{"line":27,"column":8},"end":{"line":27,"column":30}},"type":"binary-expr","locations":[{"start":{"line":27,"column":8},"end":{"line":27,"column":18}},{"start":{"line":27,"column":22},"end":{"line":27,"column":30}}],"line":27},"2":{"loc":{"start":{"line":55,"column":4},"end":{"line":57,"column":5}},"type":"if","locations":[{"start":{"line":55,"column":4},"end":{"line":57,"column":5}},{"start":{"line":55,"column":4},"end":{"line":57,"column":5}}],"line":55},"3":{"loc":{"start":{"line":55,"column":8},"end":{"line":55,"column":65}},"type":"binary-expr","locations":[{"start":{"line":55,"column":8},"end":{"line":55,"column":34}},{"start":{"line":55,"column":38},"end":{"line":55,"column":65}}],"line":55},"4":{"loc":{"start":{"line":59,"column":4},"end":{"line":61,"column":5}},"type":"if","locations":[{"start":{"line":59,"column":4},"end":{"line":61,"column":5}},{"start":{"line":59,"column":4},"end":{"line":61,"column":5}}],"line":59},"5":{"loc":{"start":{"line":59,"column":8},"end":{"line":59,"column":63}},"type":"binary-expr","locations":[{"start":{"line":59,"column":8},"end":{"line":59,"column":33}},{"start":{"line":
[...]
{"line":133,"column":13}},"line":125},"13":{"name":"(anonymous_13)","decl":{"start":{"line":141,"column":22},"end":{"line":141,"column":23}},"loc":{"start":{"line":141,"column":29},"end":{"line":149,"column":13}},"line":141},"14":{"name":"(anonymous_14)","decl":{"start":{"line":156,"column":23},"end":{"line":156,"column":24}},"loc":{"start":{"line":156,"column":29},"end":{"line":160,"column":15}},"line":156},"15":{"name":"(anonymous_15)","decl":{"start":{"line":165,"column":23},"end":{"line":165,"column":24}},"loc":{"start":{"line":165,"column":29},"end":{"line":167,"column":15}},"line":165},"16":{"name":"(anonymous_16)","decl":{"start":{"line":187,"column":23},"end":{"line":187,"column":24}},"loc":{"start":{"line":187,"column":29},"end":{"line":193,"column":15}},"line":187},"17":{"name":"(anonymous_17)","decl":{"start":{"line":191,"column":41},"end":{"line":191,"column":42}},"loc":{"start":{"line":191,"column":47},"end":{"line":191,"column":60}},"line":191},"18":{"name":"(anonymous_18)","decl":{"start":{"line":198,"column":23},"end":{"line":198,"column":24}},"loc":{"start":{"line":198,"column":29},"end":{"line":198,"column":45}},"line":198}},"branchMap":{"0":{"loc":{"start":{"line":26,"column":4},"end":{"line":29,"column":5}},"type":"if","locations":[{"start":{"line":26,"column":4},"end":{"line":29,"column":5}},{"start":{"line":26,"column":4},"end":{"line":29,"column":5}}],"line":26},"1":{"loc":{"start":{"line":26,"column":8},"end":{"line":26,"column":30}},"type":"binary-expr","locations":[{"start":{"line":26,"column":8},"end":{"line":26,"column":18}},{"start":{"line":26,"column":22},"end":{"line":26,"column":30}}],"line":26},"2":{"loc":{"start":{"line":45,"column":2},"end":{"line":47,"column":3}},"type":"if","locations":[{"start":{"line":45,"column":2},"end":{"line":47,"column":3}},{"start":{"line":45,"column":2},"end":{"line":47,"column":3}}],"line":45},"3":{"loc":{"start":{"line":49,"column":2},"end":{"line":51,"column":3}},"type":"if","locations":[{"start":{"line":49,"column":2},"end":{"line":51,"column":3}},{"start":{"line":49,"column":2},"end":{"line":51,"column":3}}],"line":49},"4":{"loc":{"start":{"line":49,"column":6},"end":{"line":49,"column":47}},"type":"binary-expr","locations":[{"start":{"line":49,"column":6},"end":{"line":49,"column":24}},{"start":{"line":49,"column":28},"end":{"line":49,"column":47}}],"line":49},"5":{"loc":{"start":{"line":53,"column":2},"end":{"line":55,"column":3}},"type":"if","locations":[{"start":{"line":53,"column":2},"end":{"line":55,"column":3}},{"start":{"line":53,"column":2},"end":{"line":55,"column":3}}],"line":53},"6":{"loc":{"start":{"line":53,"column":6},"end":{"line":53,"column":47}},"type":"binary-expr","locations":[{"start":{"line":53,"column":6},"end":{"line":53,"column":24}},{"start":{"line":53,"column":28},"end":{"line":53,"column":47}}],"line":53},"7":{"loc":{"start":{"line":57,"column":2},"end":{"line":59,"column":3}},"type":"if","locations":[{"start":{"line":57,"column":2},"end":{"line":59,"column":3}},{"start":{"line":57,"column":2},"end":{"line":59,"column":3}}],"line":57},"8":{"loc":{"start":{"line":57,"column":6},"end":{"line":57,"column":47}},"type":"binary-expr","locations":[{"start":{"line":57,"column":6},"end":{"line":57,"column":24}},{"start":{"line":57,"column":28},"end":{"line":57,"column":47}}],"line":57},"9":{"loc":{"start":{"line":62,"column":2},"end":{"line":64,"column":3}},"type":"if","locations":[{"start":{"line":62,"column":2},"end":{"line":64,"column":3}},{"start":{"line":62,"column":2},"end":{"line":64,"column":3}}],"line":62},"10":{"loc":{"start":{"line":68,"column":9},"end":{"line":68,"column":89}},"type":"binary-expr","locations":[{"start":{"line":68,"column":9},"end":{"line":68,"column":30}},{"start":{"line":68,"column":34},"end":{"line":68,"column":89}}],"line":68},"11":{"loc":{"start":{"line":78,"column":7},"end":{"line":202,"column":7}},"type":"cond-expr","locations":[{"start":{"line":79,"column":8},"end":{"line":170,"column":14}},{"start":{"line":172,"column":8},"end":{"line":201,"column":14}}],"line":78},"12":{"loc":{"start":{"line":188,"column":16},"end":{"line":192,"column":17}},"type":"if","locations":[{"start":{"line":188,"column":16},"end":{"line":192,"column":17}},{"start":{"line":188,"column":16},"end":{"line":192,"column":17}}],"line":188}},"s":{"0":1,"1":0,"2":0,"3":0,"4":0,"5":0,"6":0,"7":0,"8":0,"9":0,"10":0,"11":0,"12":0,"13":0,"14":0,"15":0,"16":0,"17":0,"18":0,"19":0,"20":0,"21":0,"22":0,"23":0,"24":0,"25":0,"26":0,"27":0,"28":0,"29":0,"30":0,"31":0,"32":0,"33":0,"34":0,"35":0,"36":0,"37":0,"38":0,"39":0,"40":0,"41":0,"42":0,"43":0,"44":0,"45":0,"46":0,"47":0,"48":0,"49":0,"50":0,"51":0,"52":0,"53":0,"54":0,"55":0,"56":0,"57":0,"58":0,"59":0,"60":0,"61":0,"62":0,"63":0,"64":0},"f":{"0":0,"1":0,"2":0,"3":0,"4":0,"5":0,"6":0,"7":0,"8":0,"9":0,"10":0,"11":0,"12":0,"13":0,"14":0,"15":0,"16":0,"17":0,"18":0},"b":{"0":[0,0],"1":[0,0],"2":[0,0],"3":[0,0],"4":[0,0],"5":[0,0],"6":[0,0],"7":[0,0],"8":[0,0],"9":[0,0],"10":[0,0],"11":[0,0],"12":[0,0]},"_coverageSchema":"1a1c01bbd47fc00a2c39e90264f33305004495a9","hash":"9019e5666fc65b0afb4fe3f741fd53468c744549"}
,"C:\\Users\\Usuario\\Desktop\\Development\\proyects\\aparkapp-frontend\\src\\router\\RequireAuth.js": {"path":"C:\\Users\\Usuario\\Desktop\\Development\\proyects\\aparkapp-frontend\\src\\router\\RequireAuth.js","statementMap":{"0":{"start":{"line":6,"column":20},"end":{"line":15,"column":1}},"1":{"start":{"line":8,"column":23},"end":{"line":8,"column":48}},"2":{"start":{"line":10,"column":2},"end":{"line":12,"column":3}},"3":{"start":{"line":11,"column":4},"end":{"line":11,"column":46}},"4":{"start":{"line":14,"column":2},"end":{"line":14,"column":18}}},"fnMap":{"0":{"name":"(anonymous_0)","decl":{"start":{"line":6,"column":20},"end":{"line":6,"column":21}},"loc":{"start":{"line":6,"column":61},"end":{"line":15,"column":1}},"line":6}},"branchMap":{"0":{"loc":{"start":{"line":10,"column":2},"end":{"line":12,"column":3}},"type":"if","locations":[{"start":{"line":10,"column":2},"end":{"line":12,"column":3}},{"start":{"line":10,"column":2},"end":{"line":12,"column":3}}],"line":10},"1":{"loc":{"start":{"line":10,"column":6},"end":{"line":10,"column":70}},"type":"binary-expr","locations":[{"start":{"line":10,"column":7},"end":{"line":10,"column":18}},{"start":{"line":10,"column":22},"end":{"line":10,"column":35}},{"start":{"line":10,"column":41},"end":{"line":10,"column":53}},{"start":{"line":10,"column":57},"end":{"line":10,"column":69}}],"line":10}},"s":{"0":1,"1":6,"2":6,"3":2,"4":4},"f":{"0":6},"b":{"0":[2,4],"1":[6,4,5,2]},"_coverageSchema":"1a1c01bbd47fc00a2c39e90264f33305004495a9","hash":"914a12755fb82adc24af5e1fa981ce943f26e738"}
,"C:\\Users\\Usuario\\Desktop\\Development\\proyects\\aparkapp-frontend\\src\\router\\Router.js": {"path":"C:\\Users\\Usuario\\Desktop\\Development\\proyects\\aparkapp-frontend\\src\\router\\Router.js","statementMap":{"0":{"start":{"line":5,"column":15},"end":{"line":26,"column":1}},"1":{"start":{"line":6,"column":4},"end":{"line":25,"column":13}},"2":{"start":{"line":8,"column":12},"end":{"line":23,"column":21}}},"fnMap":{"0":{"name":"(anonymous_0)","decl":{"start":{"line":5,"column":15},"end":{"line":5,"column":16}},"loc":{"start":{"line":6,"column":4},"end":{"line":25,"column":13}},"line":6},"1":{"name":"(anonymous_1)","decl":{"start":{"line":7,"column":20},"end":{"line":7,"column":21}},"loc":{"start":{"line":8,"column":12},"end":{"line":23,"column":21}},"line":8}},"branchMap":{"0":{"loc":{"start":{"line":11,"column":20},"end":{"line":20,"column":21}},"type":"cond-expr","locations":[{"start":{"line":12,"column":24},"end":{"line":17,"column":38}},{"start":{"line":19,"column":24},"end":{"line":19,"column":37}}],"line":11}},"s":{"0":1,"1":1,"2":12},"f":{"0":1,"1":12},"b":{"0":[10,2]},"_coverageSchema":"1a1c01bbd47fc00a2c39e90264f33305004495a9","hash":"bfa6154e4046cc6b8865e5a57b9bd327706ec0a0"}
,"C:\\Users\\Usuario\\Desktop\\Development\\proyects\\aparkapp-frontend\\src\\router\\Routes.js": {"path":"C:\\Users\\Usuario\\Desktop\\Development\\proyects\\aparkapp-frontend\\src\\router\\Routes.js","statementMap":{"0":{"start":{"line":14,"column":15},"end":{"line":83,"column":1}}},"fnMap":{},"branchMap":{},"s":{"0":1},"f":{},"b":{},"_coverageSchema":"1a1c01bbd47fc00a2c39e90264f33305004495a9","hash":"e2dbb1280131dd28fe8282ba924c5a0a740dd193"}
,"C:\\Users\\Usuario\\Desktop\\Development\\proyects\\aparkapp-frontend\\src\\store\\index.js": {"path":"C:\\Users\\Usuario\\Desktop\\Development\\proyects\\aparkapp-frontend\\src\\store\\index.js","statementMap":{},"fnMap":{},"branchMap":{},"s":{},"f":{},"b":{},"_coverageSchema":"1a1c01bbd47fc00a2c39e90264f33305004495a9","hash":"f862abecea2da9dded570cc3b830c28c77972f5a"}
,"C:\\Users\\Usuario\\Desktop\\Development\\proyects\\aparkapp-frontend\\src\\store\\session.js": {"path":"C:\\Users\\Usuario\\Desktop\\Development\\proyects\\aparkapp-frontend\\src\\store\\session.js","statementMap":{"0":{"start":{"line":3,"column":28},"end":{"line":29,"column":2}},"1":{"start":{"line":13,"column":48},"end":{"line":13,"column":62}},"2":{"start":{"line":14,"column":12},"end":{"line":14,"column":39}},"3":{"start":{"line":15,"column":12},"end":{"line":15,"column":45}},"4":{"start":{"line":16,"column":12},"end":{"line":16,"column":44}},"5":{"start":{"line":17,"column":12},"end":{"line":17,"column":51}},"6":{"start":{"line":18,"column":12},"end":{"line":18,"column":56}},"7":{"start":{"line":21,"column":12},"end":{"line":21,"column":44}},"8":{"start":{"line":22,"column":12},"end":{"line":22,"column":44}},"9":{"start":{"line":25,"column":12},"end":{"line":25,"column":60}},"10":{"start":{"line":25,"column":44},"end":{"line":25,"column":59}},"11":{"start":{"line":26,"column":12},"end":{"line":26,"column":48}},"12":{"start":{"line":31,"column":16},"end":{"line":33,"column":1}},"13":{"start":{"line":32,"column":44},"end":{"line":32,"column":67}},"14":{"start":{"line":32,"column":84},"end":{"line":32,"column":102}},"15":{"start":{"line":35,"column":51},"end":{"line":35,"column":71}},"16":{"start":{"line":36,"column":32},"end":{"line":36,"column":39}}},"fnMap":{"0":{"name":"(anonymous_0)","decl":{"start":{"line":12,"column":8},"end":{"line":12,"column":9}},"loc":{"start":{"line":12,"column":29},"end":{"line":19,"column":9}},"line":12},"1":{"name":"(anonymous_1)","decl":{"start":{"line":20,"column":8},"end":{"line":20,"column":9}},"loc":{"start":{"line":20,"column":40},"end":{"line":23,"column":9}},"line":20},"2":{"name":"(anonymous_2)","decl":{"start":{"line":24,"column":8},"end":{"line":24,"column":9}},"loc":{"start":{"line":24,"column":22},"end":{"line":27,"column":9}},"line":24},"3":{"name":"(anonymous_3)","decl":{"start":{"line":25,"column":39},"end":{"line":25,"column":40}},"loc":{"start":{"line":25,"column":44},"end":{"line":25,"column":59}},"line":25},"4":{"name":"(anonymous_4)","decl":{"start":{"line":32,"column":33},"end":{"line":32,"column":34}},"loc":{"start":{"line":32,"column":44},"end":{"line":32,"column":67}},"line":32},"5":{"name":"(anonymous_5)","decl":{"start":{"line":32,"column":69},"end":{"line":32,"column":70}},"loc":{"start":{"line":32,"column":84},"end":{"line":32,"column":102}},"line":32}},"branchMap":{},"s":{"0":1,"1":1,"2":1,"3":1,"4":1,"5":1,"6":1,"7":0,"8":0,"9":0,"10":0,"11":0,"12":1,"13":2,"14":2,"15":1,"16":1},"f":{"0":1,"1":0,"2":0,"3":0,"4":2,"5":2},"b":{},"_coverageSchema":"1a1c01bbd47fc00a2c39e90264f33305004495a9","hash":"d910a39ee3cf7443611ccecacce077b98c1aba9f"}
,"C:\\Users\\Usuario\\Desktop\\Development\\proyects\\aparkapp-frontend\\src\\utils\\GoogleMaps.js": {"path":"C:\\Users\\Usuario\\Desktop\\Development\\proyects\\aparkapp-frontend\\src\\utils\\GoogleMaps.js","statementMap":{"0":{"start":{"line":1,"column":16},"end":{"line":1,"column":57}},"1":{"start":{"line":3,"column":30},"end":{"line":20,"column":1}},"2":{"start":{"line":4,"column":27},"end":{"line":4,"column":64}},"3":{"start":{"line":6,"column":4},"end":{"line":17,"column":5}},"4":{"start":{"line":7,"column":23},"end":{"line":7,"column":55}},"5":{"start":{"line":8,"column":8},"end":{"line":8,"column":96}},"6":{"start":{"line":9,"column":8},"end":{"line":9,"column":33}},"7":{"start":{"line":10,"column":8},"end":{"line":10,"column":28}},"8":{"start":{"line":11,"column":8},"end":{"line":11,"column":28}},"9":{"start":{"line":12,"column":8},"end":{"line":12,"column":42}},"10":{"start":{"line":14,"column":8},"end":{"line":16,"column":10}},"11":{"start":{"line":15,"column":12},"end":{"line":15,"column":37}},"12":{"start":{"line":15,"column":26},"end":{"line":15,"column":37}},"13":{"start":{"line":19,"column":4},"end":{"line":19,"column":47}},"14":{"start":{"line":19,"column":36},"end":{"line":19,"column":47}},"15":{"start":{"line":22,"column":32},"end":{"line":39,"column":1}},"16":{"start":{"line":23,"column":22},"end":{"line":23,"column":59}},"17":{"start":{"line":25,"column":4},"end":{"line":38,"column":5}},"18":{"start":{"line":26,"column":8},"end":{"line":26,"column":52}},"19":{"start":{"line":28,"column":21},"end":{"line":28,"column":61}},"20":{"start":{"line":29,"column":24},"end":{"line":29,"column":59}},"21":{"start":{"line":30,"column":8},"end":{"line":37,"column":9}},"22":{"start":{"line":30,"column":21},"end":{"line":30,"column":22}},"23":{"start":{"line":31,"column":25},"end":{"line":31,"column":35}},"24":{"start":{"line":32,"column":22},"end":{"line":32,"column":32}},"25":{"start":{"line":34,"column":12},"end":{"line":36,"column":13}},"26":{"start":{"line":35,"column":16},"end":{"line":35,"column":41}}},"fnMap":{"0":{"name":"(anonymous_0)","decl":{"start":{"line":3,"column":30},"end":{"line":3,"column":31}},"loc":{"start":{"line":3,"column":44},"end":{"line":20,"column":1}},"line":3},"1":{"name":"(anonymous_1)","decl":{"start":{"line":14,"column":24},"end":{"line":14,"column":25}},"loc":{"start":{"line":14,"column":30},"end":{"line":16,"column":9}},"line":14},"2":{"name":"(anonymous_2)","decl":{"start":{"line":22,"column":32},"end":{"line":22,"column":33}},"loc":{"start":{"line":22,"column":38},"end":{"line":39,"column":1}},"line":22}},"branchMap":{"0":{"loc":{"start":{"line":6,"column":4},"end":{"line":17,"column":5}},"type":"if","locations":[{"start":{"line":6,"column":4},"end":{"line":17,"column":5}},{"start":{"line":6,"column":4},"end":{"line":17,"column":5}}],"line":6},"1":{"loc":{"start":{"line":15,"column":12},"end":{"line":15,"column":37}},"type":"if","locations":[{"start":{"line":15,"column":12},"end":{"line":15,"column":37}},{"start":{"line":15,"column":12},"end":{"line":15,"column":37}}],"line":15},"2":{"loc":{"start":{"line":19,"column":4},"end":{"line":19,"column":47}},"type":"if","locations":[{"start":{"line":19,"column":4},"end":{"line":19,"column":47}},{"start":{"line":19,"column":4},"end":{"line":19,"column":47}}],"line":19},"3":{"loc":{"start":{"line":19,"column":8},"end":{"line":19,"column":34}},"type":"binary-expr","locations":[{"start":{"line":19,"column":8},"end":{"line":19,"column":22}},{"start":{"line":19,"column":26},"end":{"line":19,"column":34}}],"line":19},"4":{"loc":{"start":{"line":25,"column":4},"end":{"line":38,"column":5}},"type":"if","locations":[{"start":{"line":25,"column":4},"end":{"line":38,"column":5}},{"start":{"line":25,"column":4},"end":{"line":38,"column":5}}],"line":25},"5":{"loc":{"start":{"line":34,"column":12},"end":{"line":36,"column":13}},"type":"if","locations":[{"start":{"line":34,"column":12},"end":{"line":36,"column":13}},{"start":{"line":34,"column":12},"end":{"line":36,"column":13}}],"line":34}},"s":{"0":1,"1":1,"2":1,"3":1,"4":1,"5":1,"6":1,"7":1,"8":1,"9":1,"10":1,"11":1,"12":1,"13":1,"14":0,"15":1,"16":1,"17":1,"18":1,"19":1,"20":1,"21":1,"22":1,"23":4,"24":4,"25":4,"26":2},"f":{"0":1,"1":1,"2":1},"b":{"0":[1,0],"1":[1,0],"2":[0,1],"3":[1,0],"4":[1,0],"5":[2,2]},"_coverageSchema":"1a1c01bbd47fc00a2c39e90264f33305004495a9","hash":"d257a6ad051d096168b0887fd7c4858b05c62a01"}
,"C:\\Users\\Usuario\\Desktop\\Development\\proyects\\aparkapp-frontend\\src\\utils\\dataFormatter.js": {"path":"C:\\Users\\Usuario\\Desktop\\Development\\proyects\\aparkapp-frontend\\src\\utils\\dataFormatter.js","statementMap":{"0":{"start":{"line":2,"column":14},"end":{"line":2,"column":28}},"1":{"start":{"line":3,"column":16},"end":{"line":3,"column":35}},"2":{"start":{"line":4,"column":15},"end":{"line":4,"column":33}},"3":{"start":{"line":5,"column":15},"end":{"line":5,"column":30}},"4":{"start":{"line":6,"column":18},"end":{"line":6,"column":35}},"5":{"start":{"line":7,"column":4},"end":{"line":7,"column":71}}},"fnMap":{"0":{"name":"dateFormatter","decl":{"start":{"line":1,"column":16},"end":{"line":1,"column":29}},"loc":{"start":{"line":1,"column":36},"end":{"line":8,"column":1}},"line":1}},"branchMap":{},"s":{"0":0,"1":0,"2":0,"3":0,"4":0,"5":0},"f":{"0":0},"b":{},"_coverageSchema":"1a1c01bbd47fc00a2c39e90264f33305004495a9","hash":"3f3a1960f9c2f82babffb700563edbdd1f199930"}
,"C:\\Users\\Usuario\\Desktop\\Development\\proyects\\aparkapp-frontend\\src\\utils\\dateFormatter.js": {"path":"C:\\Users\\Usuario\\Desktop\\Development\\proyects\\aparkapp-frontend\\src\\utils\\dateFormatter.js","statementMap":{"0":{"start":{"line":1,"column":29},"end":{"line":8,"column":1}},"1":{"start":{"line":2,"column":14},"end":{"line":2,"column":28}},"2":{"start":{"line":3,"column":16},"end":{"line":3,"column":35}},"3":{"start":{"line":4,"column":15},"end":{"line":4,"column":33}},"4":{"start":{"line":5,"column":15},"end":{"line":5,"column":30}},"5":{"start":{"line":6,"column":18},"end":{"line":6,"column":35}},"6":{"start":{"line":7,"column":4},"end":{"line":7,"column":71}}},"fnMap":{"0":{"name":"(anonymous_0)","decl":{"start":{"line":1,"column":29},"end":{"line":1,"column":30}},"loc":{"start":{"line":1,"column":39},"end":{"line":8,"column":1}},"line":1}},"branchMap":{},"s":{"0":1,"1":13,"2":13,"3":13,"4":13,"5":13,"6":13},"f":{"0":13},"b":{},"_coverageSchema":"1a1c01bbd47fc00a2c39e90264f33305004495a9","hash":"85d861d7c449d53023f9d66ea3f2545494566f32"}
,"C:\\Users\\Usuario\\Desktop\\Development\\proyects\\aparkapp-frontend\\src\\utils\\getKm.js": {"path":"C:\\Users\\Usuario\\Desktop\\Development\\proyects\\aparkapp-frontend\\src\\utils\\getKm.js","statementMap":{"0":{"start":{"line":1,"column":18},"end":{"line":1,"column":43}},"1":{"start":{"line":4,"column":12},"end":{"line":4,"column":20}},"2":{"start":{"line":5,"column":15},"end":{"line":5,"column":31}},"3":{"start":{"line":6,"column":15},"end":{"line":6,"column":31}},"4":{"start":{"line":7,"column":12},"end":{"line":7,"column":137}},"5":{"start":{"line":8,"column":12},"end":{"line":8,"column":58}},"6":{"start":{"line":9,"column":12},"end":{"line":9,"column":17}},"7":{"start":{"line":10,"column":4},"end":{"line":10,"column":24}}},"fnMap":{"0":{"name":"rad","decl":{"start":{"line":1,"column":9},"end":{"line":1,"column":12}},"loc":{"start":{"line":1,"column":16},"end":{"line":1,"column":45}},"line":1},"1":{"name":"getKm","decl":{"start":{"line":3,"column":16},"end":{"line":3,"column":21}},"loc":{"start":{"line":3,"column":46},"end":{"line":11,"column":1}},"line":3}},"branchMap":{},"s":{"0":0,"1":0,"2":0,"3":0,"4":0,"5":0,"6":0,"7":0},"f":{"0":0,"1":0},"b":{},"_coverageSchema":"1a1c01bbd47fc00a2c39e90264f33305004495a9","hash":"41f6343d60e27fc6cbaa3931417bc63445512b53"}
,"C:\\Users\\Usuario\\Desktop\\Development\\proyects\\aparkapp-frontend\\src\\utils\\latLongRegex.js": {"path":"C:\\Users\\Usuario\\Desktop\\Development\\proyects\\aparkapp-frontend\\src\\utils\\latLongRegex.js","statementMap":{"0":{"start":{"line":2,"column":33},"end":{"line":2,"column":107}},"1":{"start":{"line":3,"column":4},"end":{"line":3,"column":49}}},"fnMap":{"0":{"name":"regexLatitudeLongitude","decl":{"start":{"line":1,"column":16},"end":{"line":1,"column":38}},"loc":{"start":{"line":1,"column":48},"end":{"line":4,"column":1}},"line":1}},"branchMap":{},"s":{"0":6,"1":6},"f":{"0":6},"b":{},"_coverageSchema":"1a1c01bbd47fc00a2c39e90264f33305004495a9","hash":"bab78ddfd7e90c13a57a67c545639466820bec55"}
}
