TN:
SF:src\App.js
FN:5,App
FNF:1
FNH:1
FNDA:2,App
DA:6,2
LF:1
LH:1
BRF:0
BRH:0
end_of_record
TN:
SF:src\index.js
FNF:0
FNH:0
DA:15,2
DA:17,2
DA:31,2
LF:3
LH:3
BRF:0
BRH:0
end_of_record
TN:
SF:src\reportWebVitals.js
FN:1,(anonymous_0)
FN:3,(anonymous_1)
FNF:2
FNH:1
FNDA:2,(anonymous_0)
FNDA:0,(anonymous_1)
DA:1,2
DA:2,2
DA:3,0
DA:4,0
DA:5,0
DA:6,0
DA:7,0
DA:8,0
LF:8
LH:2
BRDA:2,0,0,0
BRDA:2,0,1,2
BRDA:2,1,0,2
BRDA:2,1,1,0
BRF:4
BRH:2
end_of_record
TN:
SF:src\api\api.js
FN:9,checkAuthTokenIsValid
FN:14,checkRefreshAuthTokenIsValid
FN:19,refreshAuthToken
FN:33,getAuthToken
FN:44,apiGet
FN:51,apiPut
FN:58,apiPost
FN:65,apiDelete
FN:73,login
FN:86,publish
FN:95,getUserAnnouncements
FN:101,getAnnouncement
FN:107,updateAnnouncement
FN:113,getReservation
FN:119,updateReservation
FN:125,getReservationUser
FN:130,getVehicles
FN:136,getUser
FN:141,getProfile
FN:146,deleteVehicle
FN:152,updateVehicle
FN:158,updateUser
FN:164,updateProfile
FN:170,getAnnouncements
FN:175,reserve
FN:181,updateStatusAnnouncement
FN:187,getVehicleId
FN:192,getAnnouncementId
FN:197,getBookings
FN:202,getMyAnnnouncements
FN:207,cancelAnnouncement
FN:213,cancelReservation
FNF:32
FNH:7
FNDA:2,checkAuthTokenIsValid
FNDA:0,checkRefreshAuthTokenIsValid
FNDA:0,refreshAuthToken
FNDA:2,getAuthToken
FNDA:2,apiGet
FNDA:0,apiPut
FNDA:2,apiPost
FNDA:0,apiDelete
FNDA:2,login
FNDA:0,publish
FNDA:0,getUserAnnouncements
FNDA:0,getAnnouncement
FNDA:0,updateAnnouncement
FNDA:0,getReservation
FNDA:0,updateReservation
FNDA:0,getReservationUser
FNDA:1,getVehicles
FNDA:0,getUser
FNDA:0,getProfile
FNDA:0,deleteVehicle
FNDA:0,updateVehicle
FNDA:0,updateUser
FNDA:0,updateProfile
FNDA:1,getAnnouncements
FNDA:0,reserve
FNDA:0,updateStatusAnnouncement
FNDA:0,getVehicleId
FNDA:0,getAnnouncementId
FNDA:0,getBookings
FNDA:0,getMyAnnnouncements
FNDA:0,cancelAnnouncement
FNDA:0,cancelReservation
DA:5,2
DA:6,2
DA:7,2
DA:10,2
DA:11,2
DA:15,0
DA:16,0
DA:20,0
DA:21,0
DA:22,0
DA:23,0
DA:24,0
DA:27,0
DA:28,0
DA:29,0
DA:30,0
DA:34,2
DA:35,2
DA:36,0
DA:37,2
DA:38,0
DA:39,0
DA:41,2
DA:45,2
DA:48,2
DA:52,0
DA:55,0
DA:59,2
DA:62,2
DA:66,0
DA:69,0
DA:75,2
DA:76,2
DA:78,0
DA:80,2
DA:81,2
DA:83,2
DA:87,0
DA:88,0
DA:90,0
DA:92,0
DA:96,0
DA:97,0
DA:98,0
DA:102,0
DA:103,0
DA:104,0
DA:108,0
DA:109,0
DA:110,0
DA:114,0
DA:115,0
DA:116,0
DA:120,0
DA:121,0
DA:122,0
DA:126,0
DA:127,0
DA:128,0
DA:131,1
DA:132,1
DA:137,0
DA:138,0
DA:142,0
DA:143,0
DA:147,0
DA:148,0
DA:149,0
DA:153,0
DA:154,0
DA:155,0
DA:159,0
DA:160,0
DA:161,0
DA:165,0
DA:166,0
DA:167,0
DA:171,1
DA:172,1
DA:176,0
DA:177,0
DA:178,0
DA:182,0
DA:183,0
DA:184,0
DA:188,0
DA:189,0
DA:193,0
DA:194,0
DA:198,0
DA:199,0
DA:203,0
DA:204,0
DA:208,0
DA:209,0
DA:210,0
DA:214,0
DA:215,0
DA:216,0
LF:99
LH:22
BRDA:21,0,0,0
BRDA:21,0,1,0
BRDA:23,1,0,0
BRDA:23,1,1,0
BRDA:35,2,0,0
BRDA:35,2,1,2
BRDA:37,3,0,0
BRDA:37,3,1,2
BRDA:44,4,0,0
BRDA:45,5,0,2
BRDA:45,5,1,0
BRDA:51,6,0,0
BRDA:52,7,0,0
BRDA:52,7,1,0
BRDA:58,8,0,0
BRDA:59,9,0,0
BRDA:59,9,1,2
BRDA:65,10,0,0
BRDA:66,11,0,0
BRDA:66,11,1,0
BRDA:97,12,0,0
BRDA:97,12,1,0
BRDA:103,13,0,0
BRDA:103,13,1,0
BRDA:109,14,0,0
BRDA:109,14,1,0
BRDA:115,15,0,0
BRDA:115,15,1,0
BRDA:121,16,0,0
BRDA:121,16,1,0
BRDA:127,17,0,0
BRDA:127,17,1,0
BRDA:132,18,0,1
BRDA:132,18,1,0
BRDA:138,19,0,0
BRDA:138,19,1,0
BRDA:143,20,0,0
BRDA:143,20,1,0
BRDA:148,21,0,0
BRDA:148,21,1,0
BRDA:154,22,0,0
BRDA:154,22,1,0
BRDA:160,23,0,0
BRDA:160,23,1,0
BRDA:166,24,0,0
BRDA:166,24,1,0
BRDA:172,25,0,1
BRDA:172,25,1,0
BRDA:177,26,0,0
BRDA:177,26,1,0
BRDA:183,27,0,0
BRDA:183,27,1,0
BRDA:189,28,0,0
BRDA:189,28,1,0
BRDA:194,29,0,0
BRDA:194,29,1,0
BRDA:199,30,0,0
BRDA:199,30,1,0
BRDA:204,31,0,0
BRDA:204,31,1,0
BRDA:209,32,0,0
BRDA:209,32,1,0
BRDA:215,33,0,0
BRDA:215,33,1,0
BRF:64
BRH:6
end_of_record
TN:
SF:src\components\Headerbar.js
FN:8,(anonymous_0)
FN:17,(anonymous_1)
FN:24,(anonymous_2)
FN:31,(anonymous_3)
FN:39,(anonymous_4)
FN:46,(anonymous_5)
FN:57,(anonymous_6)
FN:64,(anonymous_7)
FNF:8
FNH:2
FNDA:14,(anonymous_0)
FNDA:0,(anonymous_1)
FNDA:0,(anonymous_2)
FNDA:0,(anonymous_3)
FNDA:0,(anonymous_4)
FNDA:0,(anonymous_5)
FNDA:2,(anonymous_6)
FNDA:0,(anonymous_7)
DA:8,2
DA:9,14
DA:10,14
DA:11,14
DA:13,14
DA:18,0
DA:25,0
DA:32,0
DA:40,0
DA:47,0
DA:52,14
DA:58,2
DA:65,0
DA:71,14
DA:75,14
LF:15
LH:9
BRDA:78,0,0,6
BRDA:78,0,1,8
BRF:2
BRH:2
end_of_record
TN:
SF:src\components\views\AboutUs.js
FN:2,(anonymous_0)
FNF:1
FNH:1
FNDA:2,(anonymous_0)
DA:2,2
DA:3,2
LF:2
LH:2
BRF:0
BRH:0
end_of_record
TN:
SF:src\components\views\Activity.js
FN:12,(anonymous_0)
FN:19,(anonymous_1)
FN:48,(anonymous_2)
FN:60,(anonymous_3)
FN:66,(anonymous_4)
FN:69,(anonymous_5)
FN:74,(anonymous_6)
FN:103,(anonymous_7)
FN:114,(anonymous_8)
FN:118,(anonymous_9)
FN:119,(anonymous_10)
FN:122,(anonymous_11)
FN:130,(anonymous_12)
FN:135,(anonymous_13)
FNF:14
FNH:0
FNDA:0,(anonymous_0)
FNDA:0,(anonymous_1)
FNDA:0,(anonymous_2)
FNDA:0,(anonymous_3)
FNDA:0,(anonymous_4)
FNDA:0,(anonymous_5)
FNDA:0,(anonymous_6)
FNDA:0,(anonymous_7)
FNDA:0,(anonymous_8)
FNDA:0,(anonymous_9)
FNDA:0,(anonymous_10)
FNDA:0,(anonymous_11)
FNDA:0,(anonymous_12)
FNDA:0,(anonymous_13)
DA:12,2
DA:13,0
DA:16,0
DA:19,2
DA:21,0
DA:22,0
DA:23,0
DA:24,0
DA:26,0
DA:29,0
DA:31,0
DA:48,0
DA:60,2
DA:61,0
DA:64,0
DA:66,0
DA:67,0
DA:69,0
DA:70,0
DA:74,2
DA:76,0
DA:77,0
DA:78,0
DA:79,0
DA:81,0
DA:84,0
DA:86,0
DA:103,0
DA:114,2
DA:115,0
DA:116,0
DA:118,0
DA:119,0
DA:120,0
DA:122,0
DA:123,0
DA:128,0
DA:131,0
DA:136,0
LF:39
LH:5
BRDA:21,0,0,0
BRDA:21,0,1,0
BRDA:23,1,0,0
BRDA:23,1,1,0
BRDA:45,2,0,0
BRDA:45,2,1,0
BRDA:76,3,0,0
BRDA:76,3,1,0
BRDA:76,4,0,0
BRDA:76,4,1,0
BRDA:78,5,0,0
BRDA:78,5,1,0
BRDA:100,6,0,0
BRDA:100,6,1,0
BRDA:100,7,0,0
BRDA:100,7,1,0
BRF:16
BRH:0
end_of_record
TN:
SF:src\components\views\Home.js
FN:5,(anonymous_0)
FNF:1
FNH:1
FNDA:2,(anonymous_0)
DA:5,2
DA:6,2
LF:2
LH:2
BRF:0
BRH:0
end_of_record
TN:
SF:src\components\views\Login.js
FN:9,(anonymous_0)
FN:14,(anonymous_1)
FN:21,(anonymous_2)
FN:41,(anonymous_3)
FN:56,(anonymous_4)
FN:66,(anonymous_5)
FNF:6
FNH:6
FNDA:30,(anonymous_0)
FNDA:2,(anonymous_1)
FNDA:2,(anonymous_2)
FNDA:90,(anonymous_3)
FNDA:13,(anonymous_4)
FNDA:13,(anonymous_5)
DA:9,2
DA:10,30
DA:11,30
DA:12,30
DA:14,30
DA:15,2
DA:16,2
DA:17,0
DA:21,30
DA:22,2
DA:24,2
DA:25,0
DA:28,2
DA:29,0
DA:32,2
DA:33,2
DA:34,2
DA:35,2
DA:36,0
DA:41,30
DA:42,90
DA:45,30
DA:56,13
DA:66,13
LF:24
LH:20
BRDA:16,0,0,0
BRDA:16,0,1,2
BRDA:24,1,0,0
BRDA:24,1,1,2
BRDA:28,2,0,0
BRDA:28,2,1,2
BRDA:33,3,0,2
BRDA:33,3,1,0
BRDA:35,4,0,0
BRDA:35,4,1,2
BRDA:42,5,0,90
BRDA:42,5,1,0
BRF:12
BRH:6
end_of_record
TN:
SF:src\components\views\MapRoute.js
FN:8,(anonymous_0)
FN:18,(anonymous_1)
FN:20,(anonymous_2)
FN:27,(anonymous_3)
FN:28,(anonymous_4)
FN:38,(anonymous_5)
FN:41,(anonymous_6)
FN:43,(anonymous_7)
FN:60,(anonymous_8)
FNF:9
FNH:0
FNDA:0,(anonymous_0)
FNDA:0,(anonymous_1)
FNDA:0,(anonymous_2)
FNDA:0,(anonymous_3)
FNDA:0,(anonymous_4)
FNDA:0,(anonymous_5)
FNDA:0,(anonymous_6)
FNDA:0,(anonymous_7)
FNDA:0,(anonymous_8)
DA:8,2
DA:9,0
DA:10,0
DA:11,0
DA:12,0
DA:13,0
DA:15,0
DA:16,0
DA:18,0
DA:19,0
DA:20,0
DA:27,0
DA:28,0
DA:29,0
DA:30,0
DA:31,0
DA:32,0
DA:35,0
DA:38,0
DA:41,0
DA:43,0
DA:44,0
DA:45,0
DA:54,0
DA:58,0
DA:60,0
DA:69,0
LF:27
LH:1
BRDA:29,0,0,0
BRDA:29,0,1,0
BRDA:44,1,0,0
BRDA:44,1,1,0
BRDA:44,2,0,0
BRDA:44,2,1,0
BRDA:59,3,0,0
BRDA:59,3,1,0
BRDA:61,4,0,0
BRDA:61,4,1,0
BRF:10
BRH:0
end_of_record
TN:
SF:src\components\views\Notifications.js
FN:8,(anonymous_0)
FN:14,(anonymous_1)
FN:15,(anonymous_2)
FN:15,(anonymous_3)
FN:19,(anonymous_4)
FN:27,(anonymous_5)
FN:28,(anonymous_6)
FN:37,(anonymous_7)
FN:40,(anonymous_8)
FN:47,(anonymous_9)
FNF:10
FNH:0
FNDA:0,(anonymous_0)
FNDA:0,(anonymous_1)
FNDA:0,(anonymous_2)
FNDA:0,(anonymous_3)
FNDA:0,(anonymous_4)
FNDA:0,(anonymous_5)
FNDA:0,(anonymous_6)
FNDA:0,(anonymous_7)
FNDA:0,(anonymous_8)
FNDA:0,(anonymous_9)
DA:8,2
DA:9,0
DA:10,0
DA:11,0
DA:12,0
DA:14,0
DA:15,0
DA:16,0
DA:17,0
DA:18,0
DA:19,0
DA:22,0
DA:27,0
DA:28,0
DA:29,0
DA:30,0
DA:31,0
DA:34,0
DA:37,0
DA:40,0
DA:44,0
DA:47,0
DA:48,0
LF:23
LH:1
BRDA:16,0,0,0
BRDA:16,0,1,0
BRDA:29,1,0,0
BRDA:29,1,1,0
BRDA:50,2,0,0
BRDA:50,2,1,0
BRF:6
BRH:0
end_of_record
TN:
SF:src\components\views\Profile.js
FN:12,(anonymous_0)
FN:20,update
FN:26,(anonymous_2)
FN:28,(anonymous_3)
FN:29,(anonymous_4)
FN:53,(anonymous_5)
FN:77,(anonymous_6)
FN:81,(anonymous_7)
FN:95,(anonymous_8)
FN:96,(anonymous_9)
FN:103,(anonymous_10)
FN:104,(anonymous_11)
FN:111,(anonymous_12)
FN:112,(anonymous_13)
FN:122,(anonymous_14)
FN:123,(anonymous_15)
FN:133,(anonymous_16)
FN:134,(anonymous_17)
FN:145,(anonymous_18)
FN:176,(anonymous_19)
FNF:20
FNH:0
FNDA:0,(anonymous_0)
FNDA:0,update
FNDA:0,(anonymous_2)
FNDA:0,(anonymous_3)
FNDA:0,(anonymous_4)
FNDA:0,(anonymous_5)
FNDA:0,(anonymous_6)
FNDA:0,(anonymous_7)
FNDA:0,(anonymous_8)
FNDA:0,(anonymous_9)
FNDA:0,(anonymous_10)
FNDA:0,(anonymous_11)
FNDA:0,(anonymous_12)
FNDA:0,(anonymous_13)
FNDA:0,(anonymous_14)
FNDA:0,(anonymous_15)
FNDA:0,(anonymous_16)
FNDA:0,(anonymous_17)
FNDA:0,(anonymous_18)
FNDA:0,(anonymous_19)
DA:12,2
DA:13,0
DA:14,0
DA:15,0
DA:17,0
DA:18,0
DA:21,0
DA:22,0
DA:23,0
DA:26,0
DA:27,0
DA:28,0
DA:29,0
DA:30,0
DA:34,0
DA:53,0
DA:54,0
DA:55,0
DA:56,0
DA:59,0
DA:60,0
DA:63,0
DA:65,0
DA:66,0
DA:69,0
DA:71,0
DA:72,0
DA:75,0
DA:76,0
DA:77,0
DA:81,0
DA:82,0
DA:85,0
DA:96,0
DA:104,0
DA:112,0
DA:123,0
DA:134,0
DA:146,0
DA:147,0
DA:148,0
DA:176,0
LF:42
LH:1
BRDA:27,0,0,0
BRDA:27,0,1,0
BRDA:27,1,0,0
BRDA:27,1,1,0
BRDA:55,2,0,0
BRDA:55,2,1,0
BRDA:55,3,0,0
BRDA:55,3,1,0
BRDA:59,4,0,0
BRDA:59,4,1,0
BRDA:59,5,0,0
BRDA:59,5,1,0
BRDA:65,6,0,0
BRDA:65,6,1,0
BRDA:71,7,0,0
BRDA:71,7,1,0
BRDA:76,8,0,0
BRDA:76,8,1,0
BRDA:82,9,0,0
BRDA:82,9,1,0
BRDA:90,10,0,0
BRDA:90,10,1,0
BRF:22
BRH:0
end_of_record
TN:
SF:src\components\views\Publish.js
FN:19,(anonymous_0)
FN:44,(anonymous_1)
FN:45,(anonymous_2)
FN:48,(anonymous_3)
FN:52,(anonymous_4)
FN:56,(anonymous_5)
FN:61,(anonymous_6)
FN:65,(anonymous_7)
FN:90,(anonymous_8)
FN:91,(anonymous_9)
FN:115,(anonymous_10)
FN:119,(anonymous_11)
FN:124,(anonymous_12)
FN:140,(anonymous_13)
FN:146,(anonymous_14)
FN:160,(anonymous_15)
FN:171,(anonymous_16)
FN:171,(anonymous_17)
FN:175,(anonymous_18)
FN:179,(anonymous_19)
FN:183,(anonymous_20)
FN:187,(anonymous_21)
FN:197,(anonymous_22)
FN:200,(anonymous_23)
FN:201,(anonymous_24)
FN:207,(anonymous_25)
FN:211,(anonymous_26)
FNF:27
FNH:12
FNDA:8,(anonymous_0)
FNDA:1,(anonymous_1)
FNDA:1,(anonymous_2)
FNDA:0,(anonymous_3)
FNDA:1,(anonymous_4)
FNDA:0,(anonymous_5)
FNDA:72,(anonymous_6)
FNDA:1,(anonymous_7)
FNDA:0,(anonymous_8)
FNDA:0,(anonymous_9)
FNDA:0,(anonymous_10)
FNDA:0,(anonymous_11)
FNDA:0,(anonymous_12)
FNDA:0,(anonymous_13)
FNDA:0,(anonymous_14)
FNDA:0,(anonymous_15)
FNDA:6,(anonymous_16)
FNDA:1,(anonymous_17)
FNDA:1,(anonymous_18)
FNDA:0,(anonymous_19)
FNDA:1,(anonymous_20)
FNDA:0,(anonymous_21)
FNDA:0,(anonymous_22)
FNDA:1,(anonymous_23)
FNDA:0,(anonymous_24)
FNDA:1,(anonymous_25)
FNDA:0,(anonymous_26)
DA:19,2
DA:20,8
DA:21,8
DA:22,8
DA:23,8
DA:24,8
DA:25,8
DA:26,8
DA:27,8
DA:28,8
DA:29,8
DA:30,8
DA:31,8
DA:32,8
DA:33,8
DA:34,8
DA:37,8
DA:38,8
DA:39,8
DA:40,8
DA:42,8
DA:44,8
DA:45,1
DA:46,1
DA:48,1
DA:49,0
DA:52,1
DA:53,1
DA:56,1
DA:57,0
DA:61,8
DA:62,72
DA:65,8
DA:66,1
DA:67,1
DA:68,1
DA:69,1
DA:70,1
DA:71,1
DA:72,1
DA:73,1
DA:74,1
DA:76,1
DA:77,0
DA:78,0
DA:79,0
DA:82,1
DA:84,1
DA:85,0
DA:90,8
DA:91,0
DA:92,0
DA:93,0
DA:104,0
DA:105,0
DA:106,0
DA:108,0
DA:109,0
DA:110,0
DA:112,0
DA:115,8
DA:116,0
DA:119,8
DA:120,0
DA:121,0
DA:124,8
DA:125,0
DA:126,0
DA:130,8
DA:135,8
DA:140,8
DA:141,0
DA:142,0
DA:143,0
DA:146,8
DA:147,0
DA:155,0
DA:156,0
DA:157,0
DA:160,8
DA:161,0
DA:163,8
DA:171,6
DA:175,1
DA:179,0
DA:183,1
DA:187,0
DA:197,0
DA:201,1
DA:202,0
DA:207,1
DA:211,0
LF:92
LH:58
BRDA:62,0,0,72
BRDA:62,0,1,1
BRDA:67,1,0,0
BRDA:67,1,1,1
BRDA:68,2,0,0
BRDA:68,2,1,1
BRDA:69,3,0,0
BRDA:69,3,1,1
BRDA:70,4,0,0
BRDA:70,4,1,1
BRDA:70,5,0,1
BRDA:70,5,1,1
BRDA:71,6,0,0
BRDA:71,6,1,1
BRDA:72,7,0,1
BRDA:72,7,1,0
BRDA:73,8,0,0
BRDA:73,8,1,1
BRDA:74,9,0,0
BRDA:74,9,1,1
BRDA:76,10,0,0
BRDA:76,10,1,1
BRDA:78,11,0,0
BRDA:78,11,1,0
BRDA:84,12,0,0
BRDA:84,12,1,1
BRDA:97,13,0,0
BRDA:97,13,1,0
BRDA:101,14,0,0
BRDA:101,14,1,0
BRDA:105,15,0,0
BRDA:105,15,1,0
BRDA:194,16,0,0
BRDA:194,16,1,8
BRDA:223,17,0,8
BRDA:223,17,1,5
BRF:36
BRH:17
end_of_record
TN:
SF:src\components\views\Reserve.js
FN:9,(anonymous_0)
FN:16,(anonymous_1)
FN:18,(anonymous_2)
FN:27,(anonymous_3)
FN:36,(anonymous_4)
FN:37,(anonymous_5)
FN:41,(anonymous_6)
FN:68,(anonymous_7)
FN:81,(anonymous_8)
FNF:9
FNH:0
FNDA:0,(anonymous_0)
FNDA:0,(anonymous_1)
FNDA:0,(anonymous_2)
FNDA:0,(anonymous_3)
FNDA:0,(anonymous_4)
FNDA:0,(anonymous_5)
FNDA:0,(anonymous_6)
FNDA:0,(anonymous_7)
FNDA:0,(anonymous_8)
DA:9,2
DA:10,0
DA:13,0
DA:16,2
DA:18,0
DA:20,0
DA:27,2
DA:28,0
DA:29,0
DA:30,0
DA:31,0
DA:33,0
DA:34,0
DA:36,0
DA:37,0
DA:38,0
DA:39,0
DA:41,0
DA:42,0
DA:49,0
DA:68,0
DA:81,2
DA:82,0
LF:23
LH:4
BRDA:20,0,0,0
BRDA:20,0,1,0
BRDA:55,1,0,0
BRDA:55,1,1,0
BRDA:56,2,0,0
BRDA:56,2,1,0
BRDA:57,3,0,0
BRDA:57,3,1,0
BRDA:58,4,0,0
BRDA:58,4,1,0
BRDA:59,5,0,0
BRDA:59,5,1,0
BRDA:60,6,0,0
BRDA:60,6,1,0
BRF:14
BRH:0
end_of_record
TN:
SF:src\components\views\SearchPlace.js
FN:17,(anonymous_0)
FN:34,getCurrentLocation
FN:35,(anonymous_2)
FN:40,(anonymous_3)
FN:42,(anonymous_4)
FN:42,(anonymous_5)
FN:46,(anonymous_6)
FN:51,(anonymous_7)
FN:56,(anonymous_8)
FN:75,(anonymous_9)
FN:79,(anonymous_10)
FN:94,(anonymous_11)
FN:96,(anonymous_12)
FN:100,(anonymous_13)
FN:103,(anonymous_14)
FN:115,(anonymous_15)
FN:117,(anonymous_16)
FN:133,(anonymous_17)
FN:146,(anonymous_18)
FN:153,(anonymous_19)
FN:166,(anonymous_20)
FN:197,(anonymous_21)
FN:206,(anonymous_22)
FNF:23
FNH:11
FNDA:4,(anonymous_0)
FNDA:1,getCurrentLocation
FNDA:0,(anonymous_2)
FNDA:1,(anonymous_3)
FNDA:1,(anonymous_4)
FNDA:1,(anonymous_5)
FNDA:0,(anonymous_6)
FNDA:0,(anonymous_7)
FNDA:0,(anonymous_8)
FNDA:0,(anonymous_9)
FNDA:0,(anonymous_10)
FNDA:1,(anonymous_11)
FNDA:3,(anonymous_12)
FNDA:3,(anonymous_13)
FNDA:3,(anonymous_14)
FNDA:1,(anonymous_15)
FNDA:3,(anonymous_16)
FNDA:0,(anonymous_17)
FNDA:0,(anonymous_18)
FNDA:0,(anonymous_19)
FNDA:0,(anonymous_20)
FNDA:0,(anonymous_21)
FNDA:0,(anonymous_22)
DA:17,2
DA:19,4
DA:20,4
DA:21,4
DA:22,4
DA:23,4
DA:24,4
DA:25,4
DA:26,4
DA:27,4
DA:28,4
DA:30,4
DA:31,4
DA:35,1
DA:36,0
DA:40,4
DA:41,1
DA:42,1
DA:43,1
DA:46,1
DA:47,0
DA:51,4
DA:52,0
DA:53,0
DA:56,4
DA:57,0
DA:59,0
DA:60,0
DA:61,0
DA:62,0
DA:63,0
DA:64,0
DA:66,0
DA:69,0
DA:70,0
DA:71,0
DA:75,4
DA:76,0
DA:79,4
DA:80,0
DA:89,0
DA:90,0
DA:91,0
DA:92,0
DA:94,4
DA:95,1
DA:96,1
DA:97,3
DA:99,1
DA:100,1
DA:101,3
DA:102,1
DA:103,1
DA:104,3
DA:105,3
DA:106,2
DA:107,2
DA:110,1
DA:111,1
DA:115,1
DA:116,1
DA:117,1
DA:118,3
DA:119,3
DA:122,1
DA:123,1
DA:125,1
DA:126,1
DA:129,1
DA:130,1
DA:133,4
DA:134,0
DA:136,4
DA:141,4
DA:146,4
DA:147,0
DA:150,0
DA:153,4
DA:156,0
DA:166,0
DA:173,4
DA:197,0
DA:206,0
LF:83
LH:55
BRDA:59,0,0,0
BRDA:59,0,1,0
BRDA:61,1,0,0
BRDA:61,1,1,0
BRDA:101,2,0,1
BRDA:101,2,1,2
BRDA:105,3,0,2
BRDA:105,3,1,1
BRDA:105,4,0,3
BRDA:105,4,1,3
BRDA:162,5,0,0
BRDA:162,5,1,0
BRDA:179,6,0,4
BRDA:179,6,1,2
BRDA:200,7,0,0
BRDA:200,7,1,4
BRDA:203,8,0,0
BRDA:203,8,1,4
BRF:18
BRH:10
end_of_record
TN:
SF:src\components\views\SignUp.js
FN:9,(anonymous_0)
FNF:1
FNH:0
FNDA:0,(anonymous_0)
DA:9,2
DA:10,0
LF:2
LH:1
BRF:0
BRH:0
end_of_record
TN:
SF:src\components\views\Vehicle.js
FN:9,(anonymous_0)
FN:25,(anonymous_1)
FN:38,(anonymous_2)
FN:44,(anonymous_3)
FN:50,(anonymous_4)
FN:56,(anonymous_5)
FNF:6
FNH:0
FNDA:0,(anonymous_0)
FNDA:0,(anonymous_1)
FNDA:0,(anonymous_2)
FNDA:0,(anonymous_3)
FNDA:0,(anonymous_4)
FNDA:0,(anonymous_5)
DA:9,2
DA:10,0
DA:11,0
DA:12,0
DA:13,0
DA:14,0
DA:16,0
DA:25,0
DA:26,0
DA:29,0
DA:38,0
DA:44,0
DA:50,0
DA:56,0
LF:14
LH:1
BRF:0
BRH:0
end_of_record
TN:
SF:src\components\views\Vehicles.js
FN:9,(anonymous_0)
FN:25,(anonymous_1)
FN:27,(anonymous_2)
FN:34,(anonymous_3)
FN:40,(anonymous_4)
FN:63,(anonymous_5)
FN:63,(anonymous_6)
FN:67,(anonymous_7)
FN:71,(anonymous_8)
FN:83,(anonymous_9)
FN:97,(anonymous_10)
FN:111,(anonymous_11)
FN:125,(anonymous_12)
FN:141,(anonymous_13)
FN:156,(anonymous_14)
FN:165,(anonymous_15)
FN:187,(anonymous_16)
FN:191,(anonymous_17)
FN:198,(anonymous_18)
FNF:19
FNH:0
FNDA:0,(anonymous_0)
FNDA:0,(anonymous_1)
FNDA:0,(anonymous_2)
FNDA:0,(anonymous_3)
FNDA:0,(anonymous_4)
FNDA:0,(anonymous_5)
FNDA:0,(anonymous_6)
FNDA:0,(anonymous_7)
FNDA:0,(anonymous_8)
FNDA:0,(anonymous_9)
FNDA:0,(anonymous_10)
FNDA:0,(anonymous_11)
FNDA:0,(anonymous_12)
FNDA:0,(anonymous_13)
FNDA:0,(anonymous_14)
FNDA:0,(anonymous_15)
FNDA:0,(anonymous_16)
FNDA:0,(anonymous_17)
FNDA:0,(anonymous_18)
DA:9,2
DA:10,0
DA:11,0
DA:12,0
DA:14,0
DA:23,0
DA:25,0
DA:26,0
DA:27,0
DA:28,0
DA:32,0
DA:34,0
DA:35,0
DA:40,0
DA:41,0
DA:42,0
DA:44,0
DA:45,0
DA:46,0
DA:49,0
DA:50,0
DA:53,0
DA:54,0
DA:57,0
DA:58,0
DA:61,0
DA:62,0
DA:63,0
DA:67,0
DA:68,0
DA:71,0
DA:72,0
DA:84,0
DA:85,0
DA:89,0
DA:90,0
DA:98,0
DA:99,0
DA:103,0
DA:104,0
DA:112,0
DA:113,0
DA:117,0
DA:118,0
DA:126,0
DA:127,0
DA:131,0
DA:132,0
DA:142,0
DA:143,0
DA:147,0
DA:148,0
DA:157,0
DA:158,0
DA:159,0
DA:166,0
DA:188,0
DA:189,0
DA:191,0
DA:198,0
DA:206,0
LF:61
LH:1
BRDA:26,0,0,0
BRDA:26,0,1,0
BRDA:26,1,0,0
BRDA:26,1,1,0
BRDA:45,2,0,0
BRDA:45,2,1,0
BRDA:49,3,0,0
BRDA:49,3,1,0
BRDA:49,4,0,0
BRDA:49,4,1,0
BRDA:53,5,0,0
BRDA:53,5,1,0
BRDA:53,6,0,0
BRDA:53,6,1,0
BRDA:57,7,0,0
BRDA:57,7,1,0
BRDA:57,8,0,0
BRDA:57,8,1,0
BRDA:62,9,0,0
BRDA:62,9,1,0
BRDA:68,10,0,0
BRDA:68,10,1,0
BRDA:78,11,0,0
BRDA:78,11,1,0
BRDA:188,12,0,0
BRDA:188,12,1,0
BRF:26
BRH:0
end_of_record
TN:
SF:src\router\RequireAuth.js
FN:6,(anonymous_0)
FNF:1
FNH:1
FNDA:10,(anonymous_0)
DA:6,2
DA:8,10
DA:10,10
DA:11,4
DA:14,6
LF:5
LH:5
BRDA:10,0,0,4
BRDA:10,0,1,6
BRDA:10,1,0,10
BRDA:10,1,1,6
BRDA:10,1,2,8
BRDA:10,1,3,4
BRF:6
BRH:6
end_of_record
TN:
SF:src\router\Router.js
FN:5,(anonymous_0)
FN:7,(anonymous_1)
FNF:2
FNH:2
FNDA:2,(anonymous_0)
FNDA:26,(anonymous_1)
DA:5,2
DA:6,2
DA:8,26
LF:3
LH:3
BRDA:11,0,0,22
BRDA:11,0,1,4
BRF:2
BRH:2
end_of_record
TN:
SF:src\router\Routes.js
FNF:0
FNH:0
DA:15,2
LF:1
LH:1
BRF:0
BRH:0
end_of_record
TN:
SF:src\store\index.js
FNF:0
FNH:0
LF:0
LH:0
BRF:0
BRH:0
end_of_record
TN:
SF:src\store\session.js
FN:12,(anonymous_0)
FN:20,(anonymous_1)
FN:24,(anonymous_2)
FN:25,(anonymous_3)
FN:32,(anonymous_4)
FN:32,(anonymous_5)
FNF:6
FNH:3
FNDA:2,(anonymous_0)
FNDA:0,(anonymous_1)
FNDA:0,(anonymous_2)
FNDA:0,(anonymous_3)
FNDA:4,(anonymous_4)
FNDA:4,(anonymous_5)
DA:3,2
DA:13,2
DA:14,2
DA:15,2
DA:16,2
DA:17,2
DA:18,2
DA:21,0
DA:22,0
DA:25,0
DA:26,0
DA:31,2
DA:32,4
DA:35,2
DA:36,2
LF:15
LH:11
BRF:0
BRH:0
end_of_record
TN:
SF:src\utils\GoogleMaps.js
FN:3,(anonymous_0)
FN:14,(anonymous_1)
FN:22,(anonymous_2)
FNF:3
FNH:2
FNDA:2,(anonymous_0)
FNDA:2,(anonymous_1)
FNDA:0,(anonymous_2)
DA:1,2
DA:3,2
DA:4,2
DA:6,2
DA:7,2
DA:8,2
DA:9,2
DA:10,2
DA:11,2
DA:12,2
DA:14,2
DA:15,2
DA:19,2
DA:22,2
DA:23,0
DA:25,0
DA:26,0
DA:28,0
DA:29,0
DA:30,0
DA:31,0
DA:32,0
DA:34,0
DA:35,0
LF:24
LH:14
BRDA:6,0,0,2
BRDA:6,0,1,0
BRDA:15,1,0,2
BRDA:15,1,1,0
BRDA:19,2,0,0
BRDA:19,2,1,2
BRDA:19,3,0,2
BRDA:19,3,1,0
BRDA:25,4,0,0
BRDA:25,4,1,0
BRDA:34,5,0,0
BRDA:34,5,1,0
BRF:12
BRH:4
end_of_record
TN:
SF:src\utils\dateFormatter.js
FN:1,dateFormatter
FNF:1
FNH:0
FNDA:0,dateFormatter
DA:2,0
DA:3,0
DA:4,0
DA:5,0
DA:6,0
DA:7,0
LF:6
LH:0
BRF:0
BRH:0
end_of_record
TN:
SF:src\utils\getKm.js
FN:1,rad
FN:3,getKm
FNF:2
FNH:2
FNDA:12,rad
FNDA:3,getKm
DA:1,12
DA:4,3
DA:5,3
DA:6,3
DA:7,3
DA:8,3
DA:9,3
DA:10,3
LF:8
LH:8
BRF:0
BRH:0
end_of_record
